2023-04-21 20:17:19,884 Entered in main
2023-04-21 20:17:19,884 ################# calling for row 0 #################
2023-04-21 20:17:19,912 Command to send: r
u
SparkSession$
rj
e

2023-04-21 20:17:19,917 Answer received: !ycorg.apache.spark.sql.SparkSession$
2023-04-21 20:17:19,917 Command to send: r
m
org.apache.spark.sql.SparkSession$
MODULE$
e

2023-04-21 20:17:19,918 Answer received: !yro30
2023-04-21 20:17:19,919 Command to send: i
java.util.HashMap
e

2023-04-21 20:17:19,919 Answer received: !yao31
2023-04-21 20:17:19,920 Command to send: c
o31
put
sspark.master
slocal
e

2023-04-21 20:17:19,920 Answer received: !yn
2023-04-21 20:17:19,921 Command to send: c
o31
put
sspark.app.name
sMySQL Connector
e

2023-04-21 20:17:19,921 Answer received: !yn
2023-04-21 20:17:19,921 Command to send: c
o30
applyModifiableSettings
ro27
ro31
e

2023-04-21 20:17:19,922 Answer received: !yv
2023-04-21 20:17:19,928 Command to send: c
o27
read
e

2023-04-21 20:17:19,944 Answer received: !yro32
2023-04-21 20:17:19,945 Command to send: c
o32
format
sjdbc
e

2023-04-21 20:17:19,961 Answer received: !yro33
2023-04-21 20:17:19,962 Command to send: c
o33
option
surl
sjdbc:mysql://localhost:3306
e

2023-04-21 20:17:19,963 Answer received: !yro34
2023-04-21 20:17:19,964 Command to send: c
o34
option
squery
sSELECT * FROM training.users WHERE updated_at > '2023-04-21 19:17:28' 
e

2023-04-21 20:17:19,964 Answer received: !yro35
2023-04-21 20:17:19,965 Command to send: c
o35
option
suser
sashwani_kr
e

2023-04-21 20:17:19,966 Answer received: !yro36
2023-04-21 20:17:19,966 Command to send: c
o36
option
spassword
sash21may
e

2023-04-21 20:17:19,967 Answer received: !yro37
2023-04-21 20:17:19,967 Command to send: c
o37
load
e

2023-04-21 20:17:20,268 Command to send: m
d
o29
e

2023-04-21 20:17:20,268 Answer received: !yv
2023-04-21 20:17:20,269 Command to send: m
d
o31
e

2023-04-21 20:17:20,269 Answer received: !yv
2023-04-21 20:17:23,751 Answer received: !yro38
2023-04-21 20:17:23,752 Command to send: c
o38
showString
i20
i20
bFalse
e

2023-04-21 20:17:27,332 Answer received: !ys+---+-------------+-------------------+--------+------------------+---------+-------+----------+------+---------+---------+-------------+-------------------+\n| id|mobile_number|         created_at|platform|          email_id|device_id|   name|       dob|gender|  address|     city|           ip|         updated_at|\n+---+-------------+-------------------+--------+------------------+---------+-------+----------+------+---------+---------+-------------+-------------------+\n| 17|   4455555412|2023-04-21 14:40:23|     ios|  user4412@xyz.com|     D028|   Monu|1999-05-25|  male|bangaluru|bangaluru|192.168.21.21|2023-04-21 19:20:46|\n| 15|   8833442178|2023-04-19 12:20:06|     ios|   user223@xyz.com|  D006699|Manisha|1999-05-25|female|bangaluru|bangaluru|192.168.21.21|2023-04-21 19:21:15|\n| 14|   8866746332|2023-04-19 12:20:06|     ios|manish.kmr@xyz.com|     D023| Manish|1998-01-24|  male|   mumbai|   mumbai|192.168.23.54|2023-04-21 19:21:15|\n+---+-------------+-------------------+--------+------------------+---------+-------+----------+------+---------+---------+-------------+-------------------+\n
2023-04-21 20:17:27,332 Command to send: r
u
org
rj
e

2023-04-21 20:17:27,337 Answer received: !yp
2023-04-21 20:17:27,337 Command to send: r
u
org.apache
rj
e

2023-04-21 20:17:27,338 Answer received: !yp
2023-04-21 20:17:27,339 Command to send: r
u
org.apache.spark
rj
e

2023-04-21 20:17:27,340 Answer received: !yp
2023-04-21 20:17:27,340 Command to send: r
u
org.apache.spark.storage
rj
e

2023-04-21 20:17:27,341 Answer received: !yp
2023-04-21 20:17:27,342 Command to send: r
u
org.apache.spark.storage.StorageLevel
rj
e

2023-04-21 20:17:27,342 Answer received: !ycorg.apache.spark.storage.StorageLevel
2023-04-21 20:17:27,343 Command to send: i
org.apache.spark.storage.StorageLevel
bFalse
bTrue
bFalse
bFalse
i1
e

2023-04-21 20:17:27,344 Answer received: !yro39
2023-04-21 20:17:27,344 Command to send: c
o38
persist
ro39
e

2023-04-21 20:17:27,413 Answer received: !yro40
2023-04-21 20:17:27,413 Command to send: c
o38
count
e

2023-04-21 20:17:28,277 Command to send: m
d
o40
e

2023-04-21 20:17:28,277 Answer received: !yv
2023-04-21 20:17:28,586 Answer received: !yL3
2023-04-21 20:17:28,603 Command to send: c
o38
schema
e

2023-04-21 20:17:28,604 Answer received: !yro41
2023-04-21 20:17:28,604 Command to send: c
o41
json
e

2023-04-21 20:17:28,709 Answer received: !ys{"type":"struct","fields":[{"name":"id","type":"integer","nullable":true,"metadata":{"scale":0}},{"name":"mobile_number","type":"long","nullable":true,"metadata":{"scale":0}},{"name":"created_at","type":"timestamp","nullable":true,"metadata":{"scale":0}},{"name":"platform","type":"string","nullable":true,"metadata":{"scale":0}},{"name":"email_id","type":"string","nullable":true,"metadata":{"scale":0}},{"name":"device_id","type":"string","nullable":true,"metadata":{"scale":0}},{"name":"name","type":"string","nullable":true,"metadata":{"scale":0}},{"name":"dob","type":"date","nullable":true,"metadata":{"scale":0}},{"name":"gender","type":"string","nullable":true,"metadata":{"scale":0}},{"name":"address","type":"string","nullable":true,"metadata":{"scale":0}},{"name":"city","type":"string","nullable":true,"metadata":{"scale":0}},{"name":"ip","type":"string","nullable":true,"metadata":{"scale":0}},{"name":"updated_at","type":"timestamp","nullable":true,"metadata":{"scale":0}}]}
2023-04-21 20:17:28,720 Command to send: r
u
functions
rj
e

2023-04-21 20:17:28,737 Answer received: !ycorg.apache.spark.sql.functions
2023-04-21 20:17:28,738 Command to send: r
m
org.apache.spark.sql.functions
col
e

2023-04-21 20:17:28,750 Answer received: !ym
2023-04-21 20:17:28,750 Command to send: c
z:org.apache.spark.sql.functions
col
screated_at
e

2023-04-21 20:17:28,788 Answer received: !yro42
2023-04-21 20:17:28,788 Command to send: r
u
functions
rj
e

2023-04-21 20:17:28,791 Answer received: !ycorg.apache.spark.sql.functions
2023-04-21 20:17:28,792 Command to send: r
m
org.apache.spark.sql.functions
to_date
e

2023-04-21 20:17:28,792 Answer received: !ym
2023-04-21 20:17:28,792 Command to send: c
z:org.apache.spark.sql.functions
to_date
ro42
e

2023-04-21 20:17:28,794 Answer received: !yro43
2023-04-21 20:17:28,794 Command to send: c
o38
withColumn
spt_created_at
ro43
e

2023-04-21 20:17:28,831 Answer received: !yro44
2023-04-21 20:17:28,831 Command to send: c
o44
showString
i20
i20
bFalse
e

2023-04-21 20:17:29,185 Answer received: !ys+---+-------------+-------------------+--------+------------------+---------+-------+----------+------+---------+---------+-------------+-------------------+-------------+\n| id|mobile_number|         created_at|platform|          email_id|device_id|   name|       dob|gender|  address|     city|           ip|         updated_at|pt_created_at|\n+---+-------------+-------------------+--------+------------------+---------+-------+----------+------+---------+---------+-------------+-------------------+-------------+\n| 17|   4455555412|2023-04-21 14:40:23|     ios|  user4412@xyz.com|     D028|   Monu|1999-05-25|  male|bangaluru|bangaluru|192.168.21.21|2023-04-21 19:20:46|   2023-04-21|\n| 15|   8833442178|2023-04-19 12:20:06|     ios|   user223@xyz.com|  D006699|Manisha|1999-05-25|female|bangaluru|bangaluru|192.168.21.21|2023-04-21 19:21:15|   2023-04-19|\n| 14|   8866746332|2023-04-19 12:20:06|     ios|manish.kmr@xyz.com|     D023| Manish|1998-01-24|  male|   mumbai|   mumbai|192.168.23.54|2023-04-21 19:21:15|   2023-04-19|\n+---+-------------+-------------------+--------+------------------+---------+-------+----------+------+---------+---------+-------------+-------------------+-------------+\n
2023-04-21 20:17:29,185 Command to send: r
u
org
rj
e

2023-04-21 20:17:29,190 Answer received: !yp
2023-04-21 20:17:29,190 Command to send: r
u
org.apache
rj
e

2023-04-21 20:17:29,191 Answer received: !yp
2023-04-21 20:17:29,192 Command to send: r
u
org.apache.spark
rj
e

2023-04-21 20:17:29,193 Answer received: !yp
2023-04-21 20:17:29,193 Command to send: r
u
org.apache.spark.storage
rj
e

2023-04-21 20:17:29,194 Answer received: !yp
2023-04-21 20:17:29,195 Command to send: r
u
org.apache.spark.storage.StorageLevel
rj
e

2023-04-21 20:17:29,195 Answer received: !ycorg.apache.spark.storage.StorageLevel
2023-04-21 20:17:29,196 Command to send: i
org.apache.spark.storage.StorageLevel
bFalse
bTrue
bFalse
bFalse
i1
e

2023-04-21 20:17:29,197 Answer received: !yro45
2023-04-21 20:17:29,198 Command to send: c
o44
persist
ro45
e

2023-04-21 20:17:29,257 Answer received: !yro46
2023-04-21 20:17:29,257 Command to send: c
o44
count
e

2023-04-21 20:17:29,279 Command to send: m
d
o28
e

2023-04-21 20:17:29,279 Answer received: !yv
2023-04-21 20:17:29,280 Command to send: m
d
o30
e

2023-04-21 20:17:29,280 Answer received: !yv
2023-04-21 20:17:29,280 Command to send: m
d
o32
e

2023-04-21 20:17:29,280 Answer received: !yv
2023-04-21 20:17:29,280 Command to send: m
d
o33
e

2023-04-21 20:17:29,281 Answer received: !yv
2023-04-21 20:17:29,281 Command to send: m
d
o34
e

2023-04-21 20:17:29,281 Answer received: !yv
2023-04-21 20:17:29,281 Command to send: m
d
o35
e

2023-04-21 20:17:29,282 Answer received: !yv
2023-04-21 20:17:29,282 Command to send: m
d
o36
e

2023-04-21 20:17:29,282 Answer received: !yv
2023-04-21 20:17:29,282 Command to send: m
d
o37
e

2023-04-21 20:17:29,282 Answer received: !yv
2023-04-21 20:17:29,283 Command to send: m
d
o39
e

2023-04-21 20:17:29,283 Answer received: !yv
2023-04-21 20:17:29,283 Command to send: m
d
o41
e

2023-04-21 20:17:29,283 Answer received: !yv
2023-04-21 20:17:29,283 Command to send: m
d
o46
e

2023-04-21 20:17:29,284 Answer received: !yv
2023-04-21 20:17:29,520 Answer received: !yL3
2023-04-21 20:17:29,541 Command to send: r
u
SparkSession$
rj
e

2023-04-21 20:17:29,547 Answer received: !ycorg.apache.spark.sql.SparkSession$
2023-04-21 20:17:29,547 Command to send: r
m
org.apache.spark.sql.SparkSession$
MODULE$
e

2023-04-21 20:17:29,548 Answer received: !yro47
2023-04-21 20:17:29,548 Command to send: i
java.util.HashMap
e

2023-04-21 20:17:29,549 Answer received: !yao48
2023-04-21 20:17:29,549 Command to send: c
o48
put
sspark.master
slocal
e

2023-04-21 20:17:29,550 Answer received: !yn
2023-04-21 20:17:29,551 Command to send: c
o48
put
sspark.app.name
sfilesystem conncector
e

2023-04-21 20:17:29,551 Answer received: !yn
2023-04-21 20:17:29,552 Command to send: c
o47
applyModifiableSettings
ro27
ro48
e

2023-04-21 20:17:29,553 Answer received: !yv
2023-04-21 20:17:29,553 Command to send: r
u
functions
rj
e

2023-04-21 20:17:29,558 Answer received: !ycorg.apache.spark.sql.functions
2023-04-21 20:17:29,558 Command to send: r
m
org.apache.spark.sql.functions
col
e

2023-04-21 20:17:29,559 Answer received: !ym
2023-04-21 20:17:29,560 Command to send: c
z:org.apache.spark.sql.functions
col
spt_created_at
e

2023-04-21 20:17:29,561 Answer received: !yro49
2023-04-21 20:17:29,562 Command to send: r
u
PythonUtils
rj
e

2023-04-21 20:17:29,565 Answer received: !ycorg.apache.spark.api.python.PythonUtils
2023-04-21 20:17:29,566 Command to send: r
m
org.apache.spark.api.python.PythonUtils
toSeq
e

2023-04-21 20:17:29,566 Answer received: !ym
2023-04-21 20:17:29,567 Command to send: i
java.util.ArrayList
e

2023-04-21 20:17:29,567 Answer received: !ylo50
2023-04-21 20:17:29,568 Command to send: c
o50
add
ro49
e

2023-04-21 20:17:29,569 Answer received: !ybtrue
2023-04-21 20:17:29,569 Command to send: c
z:org.apache.spark.api.python.PythonUtils
toSeq
ro50
e

2023-04-21 20:17:29,570 Answer received: !yro51
2023-04-21 20:17:29,570 Command to send: c
o44
select
ro51
e

2023-04-21 20:17:29,585 Answer received: !yro52
2023-04-21 20:17:29,585 Command to send: c
o52
distinct
e

2023-04-21 20:17:29,598 Answer received: !yro53
2023-04-21 20:17:29,599 Command to send: c
o53
showString
i20
i20
bFalse
e

2023-04-21 20:17:30,179 Answer received: !ys+-------------+\n|pt_created_at|\n+-------------+\n|   2023-04-21|\n|   2023-04-19|\n+-------------+\n
2023-04-21 20:17:30,179 Command to send: c
o53
schema
e

2023-04-21 20:17:30,180 Answer received: !yro54
2023-04-21 20:17:30,180 Command to send: c
o54
json
e

2023-04-21 20:17:30,181 Answer received: !ys{"type":"struct","fields":[{"name":"pt_created_at","type":"date","nullable":true,"metadata":{}}]}
2023-04-21 20:17:30,185 Command to send: c
o16
setCallSite
scollect at /home/ashwani/Documents/Ashwani/Arrow/connector/filesystem_connector.py:56
e

2023-04-21 20:17:30,186 Answer received: !yv
2023-04-21 20:17:30,187 Command to send: c
o53
collectToPython
e

2023-04-21 20:17:30,284 Command to send: m
d
o48
e

2023-04-21 20:17:30,284 Answer received: !yv
2023-04-21 20:17:30,285 Command to send: m
d
o50
e

2023-04-21 20:17:30,285 Answer received: !yv
2023-04-21 20:17:30,536 Answer received: !yto55
2023-04-21 20:17:30,536 Command to send: c
o16
setCallSite
n
e

2023-04-21 20:17:30,537 Answer received: !yv
2023-04-21 20:17:30,537 Command to send: a
e
o55
e

2023-04-21 20:17:30,537 Answer received: !yi3
2023-04-21 20:17:30,537 Command to send: a
g
o55
i0
e

2023-04-21 20:17:30,538 Answer received: !yi44415
2023-04-21 20:17:30,538 Command to send: a
e
o55
e

2023-04-21 20:17:30,538 Answer received: !yi3
2023-04-21 20:17:30,538 Command to send: a
g
o55
i1
e

2023-04-21 20:17:30,538 Answer received: !ys7197dfcf5a75cd2f69c0cc199d2e25f2def210e694f5858a802f634114e3612e
2023-04-21 20:17:30,548 Command to send: c
o27
read
e

2023-04-21 20:17:30,549 Answer received: !yro56
2023-04-21 20:17:30,549 Command to send: c
o56
option
sheader
strue
e

2023-04-21 20:17:30,550 Answer received: !yro57
2023-04-21 20:17:30,550 Command to send: c
o57
option
sinferSchema
strue
e

2023-04-21 20:17:30,551 Answer received: !yro58
2023-04-21 20:17:30,551 Command to send: c
o58
format
scsv
e

2023-04-21 20:17:30,551 Answer received: !yro59
2023-04-21 20:17:30,552 Command to send: r
u
PythonUtils
rj
e

2023-04-21 20:17:30,553 Answer received: !ycorg.apache.spark.api.python.PythonUtils
2023-04-21 20:17:30,554 Command to send: r
m
org.apache.spark.api.python.PythonUtils
toSeq
e

2023-04-21 20:17:30,554 Answer received: !ym
2023-04-21 20:17:30,554 Command to send: i
java.util.ArrayList
e

2023-04-21 20:17:30,555 Answer received: !ylo60
2023-04-21 20:17:30,555 Command to send: c
o60
add
sfile:///home/ashwani/Documents/Ashwani/Arrow/dwh/users/t_training/t_users_info/pt_created_at=2023-04-21/*
e

2023-04-21 20:17:30,556 Answer received: !ybtrue
2023-04-21 20:17:30,556 Command to send: c
o60
add
sfile:///home/ashwani/Documents/Ashwani/Arrow/dwh/users/t_training/t_users_info/pt_created_at=2023-04-19/*
e

2023-04-21 20:17:30,557 Answer received: !ybtrue
2023-04-21 20:17:30,557 Command to send: c
z:org.apache.spark.api.python.PythonUtils
toSeq
ro60
e

2023-04-21 20:17:30,558 Answer received: !yro61
2023-04-21 20:17:30,558 Command to send: c
o59
load
ro61
e

2023-04-21 20:17:31,286 Command to send: m
d
o55
e

2023-04-21 20:17:31,287 Answer received: !yv
2023-04-21 20:17:31,287 Command to send: m
d
o60
e

2023-04-21 20:17:31,287 Answer received: !yv
2023-04-21 20:17:31,851 Answer received: !yro62
2023-04-21 20:17:31,851 Command to send: r
u
functions
rj
e

2023-04-21 20:17:31,856 Answer received: !ycorg.apache.spark.sql.functions
2023-04-21 20:17:31,856 Command to send: r
m
org.apache.spark.sql.functions
col
e

2023-04-21 20:17:31,856 Answer received: !ym
2023-04-21 20:17:31,857 Command to send: c
z:org.apache.spark.sql.functions
col
screated_at
e

2023-04-21 20:17:31,857 Answer received: !yro63
2023-04-21 20:17:31,857 Command to send: r
u
functions
rj
e

2023-04-21 20:17:31,862 Answer received: !ycorg.apache.spark.sql.functions
2023-04-21 20:17:31,863 Command to send: r
m
org.apache.spark.sql.functions
to_date
e

2023-04-21 20:17:31,864 Answer received: !ym
2023-04-21 20:17:31,865 Command to send: c
z:org.apache.spark.sql.functions
to_date
ro63
e

2023-04-21 20:17:31,865 Answer received: !yro64
2023-04-21 20:17:31,866 Command to send: c
o62
withColumn
spt_created_at
ro64
e

2023-04-21 20:17:31,888 Answer received: !yro65
2023-04-21 20:17:31,889 Command to send: c
o65
showString
i20
i20
bFalse
e

2023-04-21 20:17:32,217 Answer received: !ys+---+-------------+-------------------+--------+---------------+---------+-------+-------------------+------+---------+---------+-------------+-------------------+-------------+\n| id|mobile_number|         created_at|platform|       email_id|device_id|   name|                dob|gender|  address|     city|           ip|         updated_at|pt_created_at|\n+---+-------------+-------------------+--------+---------------+---------+-------+-------------------+------+---------+---------+-------------+-------------------+-------------+\n| 15|   8833442178|2023-04-19 12:20:06|     ios|user223@xyz.com|     D024|Manisha|1999-05-25 00:00:00|female|bangaluru|bangaluru|192.168.21.21|2023-04-21 19:16:13|   2023-04-19|\n| 14|   8866746332|2023-04-19 12:20:06|     ios|user334@xyz.com|     D023| Manish|1998-01-24 00:00:00|  male|   mumbai|   mumbai|192.168.23.54|2023-04-21 19:16:13|   2023-04-19|\n| 12|   9326456791|2023-04-19 12:01:39|     ios|user002@xyz.com|     D002|   Siri|1999-05-22 00:00:00|female|   mumbai|   mumbai|192.168.21.22|2023-04-20 10:03:19|   2023-04-19|\n| 13|   9647315893|2023-04-19 12:14:08|      pc|user003@xyz.com|DVID99999| Ashish|1997-02-01 00:00:00|  male|bangaluru|bangaluru|192.168.23.67|2023-04-20 10:03:19|   2023-04-19|\n| 16|   4455778636|2023-04-21 14:40:23| android|user884@xyz.com|     D026|   Sonu|1998-01-24 00:00:00|  male|   mumbai|   mumbai|192.168.23.54|2023-04-21 19:17:28|   2023-04-21|\n+---+-------------+-------------------+--------+---------------+---------+-------+-------------------+------+---------+---------+-------------+-------------------+-------------+\n
2023-04-21 20:17:32,218 Command to send: c
o44
createOrReplaceTempView
stmp_users
e

2023-04-21 20:17:32,309 Answer received: !yv
2023-04-21 20:17:32,310 Command to send: c
o65
createOrReplaceTempView
stmp_t_users_info
e

2023-04-21 20:17:32,323 Answer received: !yv
2023-04-21 20:17:32,323 Command to send: c
o27
sql
sSELECT * FROM tmp_users
e

2023-04-21 20:17:32,428 Answer received: !yro66
2023-04-21 20:17:32,429 Command to send: c
o66
showString
i20
i20
bFalse
e

2023-04-21 20:17:32,665 Answer received: !ys+---+-------------+-------------------+--------+------------------+---------+-------+----------+------+---------+---------+-------------+-------------------+-------------+\n| id|mobile_number|         created_at|platform|          email_id|device_id|   name|       dob|gender|  address|     city|           ip|         updated_at|pt_created_at|\n+---+-------------+-------------------+--------+------------------+---------+-------+----------+------+---------+---------+-------------+-------------------+-------------+\n| 17|   4455555412|2023-04-21 14:40:23|     ios|  user4412@xyz.com|     D028|   Monu|1999-05-25|  male|bangaluru|bangaluru|192.168.21.21|2023-04-21 19:20:46|   2023-04-21|\n| 15|   8833442178|2023-04-19 12:20:06|     ios|   user223@xyz.com|  D006699|Manisha|1999-05-25|female|bangaluru|bangaluru|192.168.21.21|2023-04-21 19:21:15|   2023-04-19|\n| 14|   8866746332|2023-04-19 12:20:06|     ios|manish.kmr@xyz.com|     D023| Manish|1998-01-24|  male|   mumbai|   mumbai|192.168.23.54|2023-04-21 19:21:15|   2023-04-19|\n+---+-------------+-------------------+--------+------------------+---------+-------+----------+------+---------+---------+-------------+-------------------+-------------+\n
2023-04-21 20:17:32,666 Command to send: c
o27
sql
sSELECT * FROM tmp_t_users_info
e

2023-04-21 20:17:32,686 Answer received: !yro67
2023-04-21 20:17:32,686 Command to send: c
o67
showString
i20
i20
bFalse
e

2023-04-21 20:17:32,903 Answer received: !ys+---+-------------+-------------------+--------+---------------+---------+-------+-------------------+------+---------+---------+-------------+-------------------+-------------+\n| id|mobile_number|         created_at|platform|       email_id|device_id|   name|                dob|gender|  address|     city|           ip|         updated_at|pt_created_at|\n+---+-------------+-------------------+--------+---------------+---------+-------+-------------------+------+---------+---------+-------------+-------------------+-------------+\n| 15|   8833442178|2023-04-19 12:20:06|     ios|user223@xyz.com|     D024|Manisha|1999-05-25 00:00:00|female|bangaluru|bangaluru|192.168.21.21|2023-04-21 19:16:13|   2023-04-19|\n| 14|   8866746332|2023-04-19 12:20:06|     ios|user334@xyz.com|     D023| Manish|1998-01-24 00:00:00|  male|   mumbai|   mumbai|192.168.23.54|2023-04-21 19:16:13|   2023-04-19|\n| 12|   9326456791|2023-04-19 12:01:39|     ios|user002@xyz.com|     D002|   Siri|1999-05-22 00:00:00|female|   mumbai|   mumbai|192.168.21.22|2023-04-20 10:03:19|   2023-04-19|\n| 13|   9647315893|2023-04-19 12:14:08|      pc|user003@xyz.com|DVID99999| Ashish|1997-02-01 00:00:00|  male|bangaluru|bangaluru|192.168.23.67|2023-04-20 10:03:19|   2023-04-19|\n| 16|   4455778636|2023-04-21 14:40:23| android|user884@xyz.com|     D026|   Sonu|1998-01-24 00:00:00|  male|   mumbai|   mumbai|192.168.23.54|2023-04-21 19:17:28|   2023-04-21|\n+---+-------------+-------------------+--------+---------------+---------+-------+-------------------+------+---------+---------+-------------+-------------------+-------------+\n
2023-04-21 20:17:32,903 Command to send: c
o27
sql
s(SELECT t.* FROM tmp_t_users_info t LEFT JOIN tmp_users s ON t.id = s.id WHERE s.id is NULL) UNION ALL (SELECT * FROM tmp_t_users_info)
e

2023-04-21 20:17:33,049 Answer received: !yro68
2023-04-21 20:17:33,050 Command to send: c
o68
showString
i20
i20
bFalse
e

2023-04-21 20:17:33,867 Answer received: !ys+---+-------------+-------------------+--------+---------------+---------+-------+-------------------+------+---------+---------+-------------+-------------------+-------------+\n| id|mobile_number|         created_at|platform|       email_id|device_id|   name|                dob|gender|  address|     city|           ip|         updated_at|pt_created_at|\n+---+-------------+-------------------+--------+---------------+---------+-------+-------------------+------+---------+---------+-------------+-------------------+-------------+\n| 12|   9326456791|2023-04-19 12:01:39|     ios|user002@xyz.com|     D002|   Siri|1999-05-22 00:00:00|female|   mumbai|   mumbai|192.168.21.22|2023-04-20 10:03:19|   2023-04-19|\n| 13|   9647315893|2023-04-19 12:14:08|      pc|user003@xyz.com|DVID99999| Ashish|1997-02-01 00:00:00|  male|bangaluru|bangaluru|192.168.23.67|2023-04-20 10:03:19|   2023-04-19|\n| 16|   4455778636|2023-04-21 14:40:23| android|user884@xyz.com|     D026|   Sonu|1998-01-24 00:00:00|  male|   mumbai|   mumbai|192.168.23.54|2023-04-21 19:17:28|   2023-04-21|\n| 15|   8833442178|2023-04-19 12:20:06|     ios|user223@xyz.com|     D024|Manisha|1999-05-25 00:00:00|female|bangaluru|bangaluru|192.168.21.21|2023-04-21 19:16:13|   2023-04-19|\n| 14|   8866746332|2023-04-19 12:20:06|     ios|user334@xyz.com|     D023| Manish|1998-01-24 00:00:00|  male|   mumbai|   mumbai|192.168.23.54|2023-04-21 19:16:13|   2023-04-19|\n| 12|   9326456791|2023-04-19 12:01:39|     ios|user002@xyz.com|     D002|   Siri|1999-05-22 00:00:00|female|   mumbai|   mumbai|192.168.21.22|2023-04-20 10:03:19|   2023-04-19|\n| 13|   9647315893|2023-04-19 12:14:08|      pc|user003@xyz.com|DVID99999| Ashish|1997-02-01 00:00:00|  male|bangaluru|bangaluru|192.168.23.67|2023-04-20 10:03:19|   2023-04-19|\n| 16|   4455778636|2023-04-21 14:40:23| android|user884@xyz.com|     D026|   Sonu|1998-01-24 00:00:00|  male|   mumbai|   mumbai|192.168.23.54|2023-04-21 19:17:28|   2023-04-21|\n+---+-------------+-------------------+--------+---------------+---------+-------+-------------------+------+---------+---------+-------------+-------------------+-------------+\n
2023-04-21 20:17:33,872 local variable 'res' referenced before assignment
2023-04-21 20:17:33,873 ################# completed for row 0 #################
