2023-04-21 19:58:27,133 Entered in main
2023-04-21 19:58:27,133 ################# calling for row 0 #################
2023-04-21 19:58:27,157 Command to send: r
u
SparkSession$
rj
e

2023-04-21 19:58:27,159 Answer received: !ycorg.apache.spark.sql.SparkSession$
2023-04-21 19:58:27,159 Command to send: r
m
org.apache.spark.sql.SparkSession$
MODULE$
e

2023-04-21 19:58:27,160 Answer received: !yro30
2023-04-21 19:58:27,161 Command to send: i
java.util.HashMap
e

2023-04-21 19:58:27,162 Answer received: !yao31
2023-04-21 19:58:27,162 Command to send: c
o31
put
sspark.master
slocal
e

2023-04-21 19:58:27,163 Answer received: !yn
2023-04-21 19:58:27,163 Command to send: c
o31
put
sspark.app.name
sMySQL Connector
e

2023-04-21 19:58:27,163 Answer received: !yn
2023-04-21 19:58:27,163 Command to send: c
o30
applyModifiableSettings
ro27
ro31
e

2023-04-21 19:58:27,164 Answer received: !yv
2023-04-21 19:58:27,168 Command to send: c
o27
read
e

2023-04-21 19:58:27,180 Answer received: !yro32
2023-04-21 19:58:27,180 Command to send: c
o32
format
sjdbc
e

2023-04-21 19:58:27,192 Answer received: !yro33
2023-04-21 19:58:27,192 Command to send: c
o33
option
surl
sjdbc:mysql://localhost:3306
e

2023-04-21 19:58:27,195 Answer received: !yro34
2023-04-21 19:58:27,195 Command to send: c
o34
option
squery
sSELECT * FROM training.users WHERE updated_at > '2023-04-21 19:17:28' 
e

2023-04-21 19:58:27,196 Answer received: !yro35
2023-04-21 19:58:27,196 Command to send: c
o35
option
suser
sashwani_kr
e

2023-04-21 19:58:27,196 Answer received: !yro36
2023-04-21 19:58:27,197 Command to send: c
o36
option
spassword
sash21may
e

2023-04-21 19:58:27,197 Answer received: !yro37
2023-04-21 19:58:27,197 Command to send: c
o37
load
e

2023-04-21 19:58:27,387 Command to send: m
d
o29
e

2023-04-21 19:58:27,387 Answer received: !yv
2023-04-21 19:58:27,387 Command to send: m
d
o31
e

2023-04-21 19:58:27,387 Answer received: !yv
2023-04-21 19:58:29,209 Answer received: !yro38
2023-04-21 19:58:29,210 Command to send: c
o38
showString
i20
i20
bFalse
e

2023-04-21 19:58:31,353 Answer received: !ys+---+-------------+-------------------+--------+------------------+---------+-------+----------+------+---------+---------+-------------+-------------------+\n| id|mobile_number|         created_at|platform|          email_id|device_id|   name|       dob|gender|  address|     city|           ip|         updated_at|\n+---+-------------+-------------------+--------+------------------+---------+-------+----------+------+---------+---------+-------------+-------------------+\n| 17|   4455555412|2023-04-21 14:40:23|     ios|  user4412@xyz.com|     D028|   Monu|1999-05-25|  male|bangaluru|bangaluru|192.168.21.21|2023-04-21 19:20:46|\n| 15|   8833442178|2023-04-19 12:20:06|     ios|   user223@xyz.com|  D006699|Manisha|1999-05-25|female|bangaluru|bangaluru|192.168.21.21|2023-04-21 19:21:15|\n| 14|   8866746332|2023-04-19 12:20:06|     ios|manish.kmr@xyz.com|     D023| Manish|1998-01-24|  male|   mumbai|   mumbai|192.168.23.54|2023-04-21 19:21:15|\n+---+-------------+-------------------+--------+------------------+---------+-------+----------+------+---------+---------+-------------+-------------------+\n
2023-04-21 19:58:31,353 Command to send: r
u
org
rj
e

2023-04-21 19:58:31,357 Answer received: !yp
2023-04-21 19:58:31,357 Command to send: r
u
org.apache
rj
e

2023-04-21 19:58:31,358 Answer received: !yp
2023-04-21 19:58:31,358 Command to send: r
u
org.apache.spark
rj
e

2023-04-21 19:58:31,359 Answer received: !yp
2023-04-21 19:58:31,359 Command to send: r
u
org.apache.spark.storage
rj
e

2023-04-21 19:58:31,360 Answer received: !yp
2023-04-21 19:58:31,360 Command to send: r
u
org.apache.spark.storage.StorageLevel
rj
e

2023-04-21 19:58:31,363 Answer received: !ycorg.apache.spark.storage.StorageLevel
2023-04-21 19:58:31,364 Command to send: i
org.apache.spark.storage.StorageLevel
bFalse
bTrue
bFalse
bFalse
i1
e

2023-04-21 19:58:31,365 Answer received: !yro39
2023-04-21 19:58:31,365 Command to send: c
o38
persist
ro39
e

2023-04-21 19:58:31,414 Answer received: !yro40
2023-04-21 19:58:31,414 Command to send: c
o38
count
e

2023-04-21 19:58:32,062 Answer received: !yL3
2023-04-21 19:58:32,078 Command to send: c
o38
schema
e

2023-04-21 19:58:32,079 Answer received: !yro41
2023-04-21 19:58:32,080 Command to send: c
o41
json
e

2023-04-21 19:58:32,137 Answer received: !ys{"type":"struct","fields":[{"name":"id","type":"integer","nullable":true,"metadata":{"scale":0}},{"name":"mobile_number","type":"long","nullable":true,"metadata":{"scale":0}},{"name":"created_at","type":"timestamp","nullable":true,"metadata":{"scale":0}},{"name":"platform","type":"string","nullable":true,"metadata":{"scale":0}},{"name":"email_id","type":"string","nullable":true,"metadata":{"scale":0}},{"name":"device_id","type":"string","nullable":true,"metadata":{"scale":0}},{"name":"name","type":"string","nullable":true,"metadata":{"scale":0}},{"name":"dob","type":"date","nullable":true,"metadata":{"scale":0}},{"name":"gender","type":"string","nullable":true,"metadata":{"scale":0}},{"name":"address","type":"string","nullable":true,"metadata":{"scale":0}},{"name":"city","type":"string","nullable":true,"metadata":{"scale":0}},{"name":"ip","type":"string","nullable":true,"metadata":{"scale":0}},{"name":"updated_at","type":"timestamp","nullable":true,"metadata":{"scale":0}}]}
2023-04-21 19:58:32,145 Command to send: r
u
functions
rj
e

2023-04-21 19:58:32,154 Answer received: !ycorg.apache.spark.sql.functions
2023-04-21 19:58:32,154 Command to send: r
m
org.apache.spark.sql.functions
col
e

2023-04-21 19:58:32,158 Answer received: !ym
2023-04-21 19:58:32,158 Command to send: c
z:org.apache.spark.sql.functions
col
screated_at
e

2023-04-21 19:58:32,189 Answer received: !yro42
2023-04-21 19:58:32,190 Command to send: r
u
functions
rj
e

2023-04-21 19:58:32,191 Answer received: !ycorg.apache.spark.sql.functions
2023-04-21 19:58:32,191 Command to send: r
m
org.apache.spark.sql.functions
to_date
e

2023-04-21 19:58:32,192 Answer received: !ym
2023-04-21 19:58:32,192 Command to send: c
z:org.apache.spark.sql.functions
to_date
ro42
e

2023-04-21 19:58:32,195 Answer received: !yro43
2023-04-21 19:58:32,195 Command to send: c
o38
withColumn
spt_created_at
ro43
e

2023-04-21 19:58:32,222 Answer received: !yro44
2023-04-21 19:58:32,222 Command to send: c
o44
showString
i20
i20
bFalse
e

2023-04-21 19:58:32,392 Command to send: m
d
o40
e

2023-04-21 19:58:32,392 Answer received: !yv
2023-04-21 19:58:32,392 Command to send: m
d
o28
e

2023-04-21 19:58:32,393 Answer received: !yv
2023-04-21 19:58:32,393 Command to send: m
d
o30
e

2023-04-21 19:58:32,393 Answer received: !yv
2023-04-21 19:58:32,393 Command to send: m
d
o32
e

2023-04-21 19:58:32,393 Answer received: !yv
2023-04-21 19:58:32,393 Command to send: m
d
o33
e

2023-04-21 19:58:32,393 Answer received: !yv
2023-04-21 19:58:32,393 Command to send: m
d
o34
e

2023-04-21 19:58:32,394 Answer received: !yv
2023-04-21 19:58:32,394 Command to send: m
d
o35
e

2023-04-21 19:58:32,394 Answer received: !yv
2023-04-21 19:58:32,394 Command to send: m
d
o36
e

2023-04-21 19:58:32,394 Answer received: !yv
2023-04-21 19:58:32,394 Command to send: m
d
o37
e

2023-04-21 19:58:32,394 Answer received: !yv
2023-04-21 19:58:32,394 Command to send: m
d
o39
e

2023-04-21 19:58:32,394 Answer received: !yv
2023-04-21 19:58:32,395 Command to send: m
d
o41
e

2023-04-21 19:58:32,395 Answer received: !yv
2023-04-21 19:58:32,471 Answer received: !ys+---+-------------+-------------------+--------+------------------+---------+-------+----------+------+---------+---------+-------------+-------------------+-------------+\n| id|mobile_number|         created_at|platform|          email_id|device_id|   name|       dob|gender|  address|     city|           ip|         updated_at|pt_created_at|\n+---+-------------+-------------------+--------+------------------+---------+-------+----------+------+---------+---------+-------------+-------------------+-------------+\n| 17|   4455555412|2023-04-21 14:40:23|     ios|  user4412@xyz.com|     D028|   Monu|1999-05-25|  male|bangaluru|bangaluru|192.168.21.21|2023-04-21 19:20:46|   2023-04-21|\n| 15|   8833442178|2023-04-19 12:20:06|     ios|   user223@xyz.com|  D006699|Manisha|1999-05-25|female|bangaluru|bangaluru|192.168.21.21|2023-04-21 19:21:15|   2023-04-19|\n| 14|   8866746332|2023-04-19 12:20:06|     ios|manish.kmr@xyz.com|     D023| Manish|1998-01-24|  male|   mumbai|   mumbai|192.168.23.54|2023-04-21 19:21:15|   2023-04-19|\n+---+-------------+-------------------+--------+------------------+---------+-------+----------+------+---------+---------+-------------+-------------------+-------------+\n
2023-04-21 19:58:32,471 Command to send: r
u
org
rj
e

2023-04-21 19:58:32,473 Answer received: !yp
2023-04-21 19:58:32,473 Command to send: r
u
org.apache
rj
e

2023-04-21 19:58:32,474 Answer received: !yp
2023-04-21 19:58:32,474 Command to send: r
u
org.apache.spark
rj
e

2023-04-21 19:58:32,475 Answer received: !yp
2023-04-21 19:58:32,475 Command to send: r
u
org.apache.spark.storage
rj
e

2023-04-21 19:58:32,475 Answer received: !yp
2023-04-21 19:58:32,475 Command to send: r
u
org.apache.spark.storage.StorageLevel
rj
e

2023-04-21 19:58:32,475 Answer received: !ycorg.apache.spark.storage.StorageLevel
2023-04-21 19:58:32,476 Command to send: i
org.apache.spark.storage.StorageLevel
bFalse
bTrue
bFalse
bFalse
i1
e

2023-04-21 19:58:32,476 Answer received: !yro45
2023-04-21 19:58:32,476 Command to send: c
o44
persist
ro45
e

2023-04-21 19:58:32,526 Answer received: !yro46
2023-04-21 19:58:32,526 Command to send: c
o44
count
e

2023-04-21 19:58:32,700 Answer received: !yL3
2023-04-21 19:58:32,719 Command to send: r
u
SparkSession$
rj
e

2023-04-21 19:58:32,722 Answer received: !ycorg.apache.spark.sql.SparkSession$
2023-04-21 19:58:32,722 Command to send: r
m
org.apache.spark.sql.SparkSession$
MODULE$
e

2023-04-21 19:58:32,722 Answer received: !yro47
2023-04-21 19:58:32,723 Command to send: i
java.util.HashMap
e

2023-04-21 19:58:32,723 Answer received: !yao48
2023-04-21 19:58:32,723 Command to send: c
o48
put
sspark.master
slocal
e

2023-04-21 19:58:32,723 Answer received: !yn
2023-04-21 19:58:32,723 Command to send: c
o48
put
sspark.app.name
sfilesystem conncector
e

2023-04-21 19:58:32,724 Answer received: !yn
2023-04-21 19:58:32,724 Command to send: c
o47
applyModifiableSettings
ro27
ro48
e

2023-04-21 19:58:32,724 Answer received: !yv
2023-04-21 19:58:32,725 Command to send: r
u
functions
rj
e

2023-04-21 19:58:32,730 Answer received: !ycorg.apache.spark.sql.functions
2023-04-21 19:58:32,731 Command to send: r
m
org.apache.spark.sql.functions
col
e

2023-04-21 19:58:32,731 Answer received: !ym
2023-04-21 19:58:32,731 Command to send: c
z:org.apache.spark.sql.functions
col
spt_created_at
e

2023-04-21 19:58:32,732 Answer received: !yro49
2023-04-21 19:58:32,732 Command to send: r
u
PythonUtils
rj
e

2023-04-21 19:58:32,735 Answer received: !ycorg.apache.spark.api.python.PythonUtils
2023-04-21 19:58:32,735 Command to send: r
m
org.apache.spark.api.python.PythonUtils
toSeq
e

2023-04-21 19:58:32,736 Answer received: !ym
2023-04-21 19:58:32,736 Command to send: i
java.util.ArrayList
e

2023-04-21 19:58:32,737 Answer received: !ylo50
2023-04-21 19:58:32,737 Command to send: c
o50
add
ro49
e

2023-04-21 19:58:32,739 Answer received: !ybtrue
2023-04-21 19:58:32,739 Command to send: c
z:org.apache.spark.api.python.PythonUtils
toSeq
ro50
e

2023-04-21 19:58:32,740 Answer received: !yro51
2023-04-21 19:58:32,740 Command to send: c
o44
select
ro51
e

2023-04-21 19:58:32,752 Answer received: !yro52
2023-04-21 19:58:32,752 Command to send: c
o52
distinct
e

2023-04-21 19:58:32,764 Answer received: !yro53
2023-04-21 19:58:32,764 Command to send: c
o53
showString
i20
i20
bFalse
e

2023-04-21 19:58:33,199 Answer received: !ys+-------------+\n|pt_created_at|\n+-------------+\n|   2023-04-21|\n|   2023-04-19|\n+-------------+\n
2023-04-21 19:58:33,199 Command to send: c
o53
schema
e

2023-04-21 19:58:33,200 Answer received: !yro54
2023-04-21 19:58:33,200 Command to send: c
o54
json
e

2023-04-21 19:58:33,201 Answer received: !ys{"type":"struct","fields":[{"name":"pt_created_at","type":"date","nullable":true,"metadata":{}}]}
2023-04-21 19:58:33,203 Command to send: c
o16
setCallSite
scollect at /home/ashwani/Documents/Ashwani/Arrow/connector/filesystem_connector.py:56
e

2023-04-21 19:58:33,204 Answer received: !yv
2023-04-21 19:58:33,204 Command to send: c
o53
collectToPython
e

2023-04-21 19:58:33,396 Command to send: m
d
o46
e

2023-04-21 19:58:33,397 Answer received: !yv
2023-04-21 19:58:33,397 Command to send: m
d
o48
e

2023-04-21 19:58:33,397 Answer received: !yv
2023-04-21 19:58:33,398 Command to send: m
d
o50
e

2023-04-21 19:58:33,398 Answer received: !yv
2023-04-21 19:58:33,421 Answer received: !yto55
2023-04-21 19:58:33,421 Command to send: c
o16
setCallSite
n
e

2023-04-21 19:58:33,422 Answer received: !yv
2023-04-21 19:58:33,423 Command to send: a
e
o55
e

2023-04-21 19:58:33,423 Answer received: !yi3
2023-04-21 19:58:33,423 Command to send: a
g
o55
i0
e

2023-04-21 19:58:33,423 Answer received: !yi43139
2023-04-21 19:58:33,423 Command to send: a
e
o55
e

2023-04-21 19:58:33,424 Answer received: !yi3
2023-04-21 19:58:33,424 Command to send: a
g
o55
i1
e

2023-04-21 19:58:33,424 Answer received: !ys8b34c0d0332ac8247e4d15425ba29f8351d6501ffc40a24947155f6ede0cf597
2023-04-21 19:58:33,435 Command to send: c
o27
read
e

2023-04-21 19:58:33,436 Answer received: !yro56
2023-04-21 19:58:33,436 Command to send: c
o56
option
sheader
strue
e

2023-04-21 19:58:33,437 Answer received: !yro57
2023-04-21 19:58:33,437 Command to send: c
o57
option
sinferSchema
strue
e

2023-04-21 19:58:33,437 Answer received: !yro58
2023-04-21 19:58:33,438 Command to send: c
o58
format
scsv
e

2023-04-21 19:58:33,438 Answer received: !yro59
2023-04-21 19:58:33,438 Command to send: r
u
PythonUtils
rj
e

2023-04-21 19:58:33,439 Answer received: !ycorg.apache.spark.api.python.PythonUtils
2023-04-21 19:58:33,440 Command to send: r
m
org.apache.spark.api.python.PythonUtils
toSeq
e

2023-04-21 19:58:33,440 Answer received: !ym
2023-04-21 19:58:33,440 Command to send: i
java.util.ArrayList
e

2023-04-21 19:58:33,440 Answer received: !ylo60
2023-04-21 19:58:33,441 Command to send: c
o60
add
sfile:///home/ashwani/Documents/Ashwani/Arrow/dwh/users/t_training/t_users_info/pt_created_at=2023-04-21/*
e

2023-04-21 19:58:33,441 Answer received: !ybtrue
2023-04-21 19:58:33,441 Command to send: c
o60
add
sfile:///home/ashwani/Documents/Ashwani/Arrow/dwh/users/t_training/t_users_info/pt_created_at=2023-04-19/*
e

2023-04-21 19:58:33,441 Answer received: !ybtrue
2023-04-21 19:58:33,441 Command to send: c
z:org.apache.spark.api.python.PythonUtils
toSeq
ro60
e

2023-04-21 19:58:33,442 Answer received: !yro61
2023-04-21 19:58:33,442 Command to send: c
o59
load
ro61
e

2023-04-21 19:58:34,288 Answer received: !yro62
2023-04-21 19:58:34,288 Command to send: r
u
functions
rj
e

2023-04-21 19:58:34,291 Answer received: !ycorg.apache.spark.sql.functions
2023-04-21 19:58:34,291 Command to send: r
m
org.apache.spark.sql.functions
col
e

2023-04-21 19:58:34,291 Answer received: !ym
2023-04-21 19:58:34,291 Command to send: c
z:org.apache.spark.sql.functions
col
screated_at
e

2023-04-21 19:58:34,292 Answer received: !yro63
2023-04-21 19:58:34,292 Command to send: r
u
functions
rj
e

2023-04-21 19:58:34,293 Answer received: !ycorg.apache.spark.sql.functions
2023-04-21 19:58:34,294 Command to send: r
m
org.apache.spark.sql.functions
to_date
e

2023-04-21 19:58:34,294 Answer received: !ym
2023-04-21 19:58:34,294 Command to send: c
z:org.apache.spark.sql.functions
to_date
ro63
e

2023-04-21 19:58:34,294 Answer received: !yro64
2023-04-21 19:58:34,295 Command to send: c
o62
withColumn
spt_created_at
ro64
e

2023-04-21 19:58:34,308 Answer received: !yro65
2023-04-21 19:58:34,308 Command to send: c
o65
showString
i20
i20
bFalse
e

2023-04-21 19:58:34,398 Command to send: m
d
o55
e

2023-04-21 19:58:34,399 Answer received: !yv
2023-04-21 19:58:34,399 Command to send: m
d
o60
e

2023-04-21 19:58:34,399 Answer received: !yv
2023-04-21 19:58:34,548 Answer received: !ys+---+-------------+-------------------+--------+---------------+---------+-------+-------------------+------+---------+---------+-------------+-------------------+-------------+\n| id|mobile_number|         created_at|platform|       email_id|device_id|   name|                dob|gender|  address|     city|           ip|         updated_at|pt_created_at|\n+---+-------------+-------------------+--------+---------------+---------+-------+-------------------+------+---------+---------+-------------+-------------------+-------------+\n| 15|   8833442178|2023-04-19 12:20:06|     ios|user223@xyz.com|     D024|Manisha|1999-05-25 00:00:00|female|bangaluru|bangaluru|192.168.21.21|2023-04-21 19:16:13|   2023-04-19|\n| 14|   8866746332|2023-04-19 12:20:06|     ios|user334@xyz.com|     D023| Manish|1998-01-24 00:00:00|  male|   mumbai|   mumbai|192.168.23.54|2023-04-21 19:16:13|   2023-04-19|\n| 12|   9326456791|2023-04-19 12:01:39|     ios|user002@xyz.com|     D002|   Siri|1999-05-22 00:00:00|female|   mumbai|   mumbai|192.168.21.22|2023-04-20 10:03:19|   2023-04-19|\n| 13|   9647315893|2023-04-19 12:14:08|      pc|user003@xyz.com|DVID99999| Ashish|1997-02-01 00:00:00|  male|bangaluru|bangaluru|192.168.23.67|2023-04-20 10:03:19|   2023-04-19|\n| 16|   4455778636|2023-04-21 14:40:23| android|user884@xyz.com|     D026|   Sonu|1998-01-24 00:00:00|  male|   mumbai|   mumbai|192.168.23.54|2023-04-21 19:17:28|   2023-04-21|\n+---+-------------+-------------------+--------+---------------+---------+-------+-------------------+------+---------+---------+-------------+-------------------+-------------+\n
2023-04-21 19:58:34,548 Command to send: c
o44
createOrReplaceTempView
stmp_users
e

2023-04-21 19:58:34,597 Answer received: !yv
2023-04-21 19:58:34,597 Command to send: c
o65
createOrReplaceTempView
stmp_t_users_info
e

2023-04-21 19:58:34,604 Answer received: !yv
2023-04-21 19:58:34,604 Command to send: c
o27
sql
sSELECT * FROM tmp_users
e

2023-04-21 19:58:34,667 Answer received: !yro66
2023-04-21 19:58:34,668 Command to send: c
o66
showString
i20
i20
bFalse
e

2023-04-21 19:58:34,804 Answer received: !ys+---+-------------+-------------------+--------+------------------+---------+-------+----------+------+---------+---------+-------------+-------------------+-------------+\n| id|mobile_number|         created_at|platform|          email_id|device_id|   name|       dob|gender|  address|     city|           ip|         updated_at|pt_created_at|\n+---+-------------+-------------------+--------+------------------+---------+-------+----------+------+---------+---------+-------------+-------------------+-------------+\n| 17|   4455555412|2023-04-21 14:40:23|     ios|  user4412@xyz.com|     D028|   Monu|1999-05-25|  male|bangaluru|bangaluru|192.168.21.21|2023-04-21 19:20:46|   2023-04-21|\n| 15|   8833442178|2023-04-19 12:20:06|     ios|   user223@xyz.com|  D006699|Manisha|1999-05-25|female|bangaluru|bangaluru|192.168.21.21|2023-04-21 19:21:15|   2023-04-19|\n| 14|   8866746332|2023-04-19 12:20:06|     ios|manish.kmr@xyz.com|     D023| Manish|1998-01-24|  male|   mumbai|   mumbai|192.168.23.54|2023-04-21 19:21:15|   2023-04-19|\n+---+-------------+-------------------+--------+------------------+---------+-------+----------+------+---------+---------+-------------+-------------------+-------------+\n
2023-04-21 19:58:34,804 Command to send: c
o27
sql
sSELECT * FROM tmp_t_users_info
e

2023-04-21 19:58:34,820 Answer received: !yro67
2023-04-21 19:58:34,821 Command to send: c
o67
showString
i20
i20
bFalse
e

2023-04-21 19:58:34,970 Answer received: !ys+---+-------------+-------------------+--------+---------------+---------+-------+-------------------+------+---------+---------+-------------+-------------------+-------------+\n| id|mobile_number|         created_at|platform|       email_id|device_id|   name|                dob|gender|  address|     city|           ip|         updated_at|pt_created_at|\n+---+-------------+-------------------+--------+---------------+---------+-------+-------------------+------+---------+---------+-------------+-------------------+-------------+\n| 15|   8833442178|2023-04-19 12:20:06|     ios|user223@xyz.com|     D024|Manisha|1999-05-25 00:00:00|female|bangaluru|bangaluru|192.168.21.21|2023-04-21 19:16:13|   2023-04-19|\n| 14|   8866746332|2023-04-19 12:20:06|     ios|user334@xyz.com|     D023| Manish|1998-01-24 00:00:00|  male|   mumbai|   mumbai|192.168.23.54|2023-04-21 19:16:13|   2023-04-19|\n| 12|   9326456791|2023-04-19 12:01:39|     ios|user002@xyz.com|     D002|   Siri|1999-05-22 00:00:00|female|   mumbai|   mumbai|192.168.21.22|2023-04-20 10:03:19|   2023-04-19|\n| 13|   9647315893|2023-04-19 12:14:08|      pc|user003@xyz.com|DVID99999| Ashish|1997-02-01 00:00:00|  male|bangaluru|bangaluru|192.168.23.67|2023-04-20 10:03:19|   2023-04-19|\n| 16|   4455778636|2023-04-21 14:40:23| android|user884@xyz.com|     D026|   Sonu|1998-01-24 00:00:00|  male|   mumbai|   mumbai|192.168.23.54|2023-04-21 19:17:28|   2023-04-21|\n+---+-------------+-------------------+--------+---------------+---------+-------+-------------------+------+---------+---------+-------------+-------------------+-------------+\n
2023-04-21 19:58:34,970 Command to send: c
o27
sql
s(SELECT t.* FROM tmp_t_users_info t LEFT JOIN tmp_users s ON t.id = s.id WHERE s.id is NULL)
e

2023-04-21 19:58:35,041 Answer received: !yro68
2023-04-21 19:58:35,042 Command to send: c
o68
showString
i20
i20
bFalse
e

2023-04-21 19:58:35,434 Answer received: !ys+---+-------------+-------------------+--------+---------------+---------+------+-------------------+------+---------+---------+-------------+-------------------+-------------+\n| id|mobile_number|         created_at|platform|       email_id|device_id|  name|                dob|gender|  address|     city|           ip|         updated_at|pt_created_at|\n+---+-------------+-------------------+--------+---------------+---------+------+-------------------+------+---------+---------+-------------+-------------------+-------------+\n| 12|   9326456791|2023-04-19 12:01:39|     ios|user002@xyz.com|     D002|  Siri|1999-05-22 00:00:00|female|   mumbai|   mumbai|192.168.21.22|2023-04-20 10:03:19|   2023-04-19|\n| 13|   9647315893|2023-04-19 12:14:08|      pc|user003@xyz.com|DVID99999|Ashish|1997-02-01 00:00:00|  male|bangaluru|bangaluru|192.168.23.67|2023-04-20 10:03:19|   2023-04-19|\n| 16|   4455778636|2023-04-21 14:40:23| android|user884@xyz.com|     D026|  Sonu|1998-01-24 00:00:00|  male|   mumbai|   mumbai|192.168.23.54|2023-04-21 19:17:28|   2023-04-21|\n+---+-------------+-------------------+--------+---------------+---------+------+-------------------+------+---------+---------+-------------+-------------------+-------------+\n
2023-04-21 19:58:35,435 local variable 'res' referenced before assignment
2023-04-21 19:58:35,435 ################# completed for row 0 #################
