2023-04-21 19:39:44,011 Entered in main
2023-04-21 19:39:44,011 ################# calling for row 0 #################
2023-04-21 19:39:44,036 Command to send: r
u
SparkSession$
rj
e

2023-04-21 19:39:44,040 Answer received: !ycorg.apache.spark.sql.SparkSession$
2023-04-21 19:39:44,041 Command to send: r
m
org.apache.spark.sql.SparkSession$
MODULE$
e

2023-04-21 19:39:44,041 Answer received: !yro30
2023-04-21 19:39:44,041 Command to send: i
java.util.HashMap
e

2023-04-21 19:39:44,042 Answer received: !yao31
2023-04-21 19:39:44,042 Command to send: c
o31
put
sspark.master
slocal
e

2023-04-21 19:39:44,042 Answer received: !yn
2023-04-21 19:39:44,043 Command to send: c
o31
put
sspark.app.name
sMySQL Connector
e

2023-04-21 19:39:44,043 Answer received: !yn
2023-04-21 19:39:44,043 Command to send: c
o30
applyModifiableSettings
ro27
ro31
e

2023-04-21 19:39:44,043 Answer received: !yv
2023-04-21 19:39:44,047 Command to send: c
o27
read
e

2023-04-21 19:39:44,060 Answer received: !yro32
2023-04-21 19:39:44,060 Command to send: c
o32
format
sjdbc
e

2023-04-21 19:39:44,074 Answer received: !yro33
2023-04-21 19:39:44,074 Command to send: c
o33
option
surl
sjdbc:mysql://localhost:3306
e

2023-04-21 19:39:44,076 Answer received: !yro34
2023-04-21 19:39:44,076 Command to send: c
o34
option
squery
sSELECT * FROM training.users WHERE updated_at > '2023-04-21 19:17:28' 
e

2023-04-21 19:39:44,076 Answer received: !yro35
2023-04-21 19:39:44,076 Command to send: c
o35
option
suser
sashwani_kr
e

2023-04-21 19:39:44,077 Answer received: !yro36
2023-04-21 19:39:44,077 Command to send: c
o36
option
spassword
sash21may
e

2023-04-21 19:39:44,077 Answer received: !yro37
2023-04-21 19:39:44,077 Command to send: c
o37
load
e

2023-04-21 19:39:44,348 Command to send: m
d
o29
e

2023-04-21 19:39:44,348 Answer received: !yv
2023-04-21 19:39:44,348 Command to send: m
d
o31
e

2023-04-21 19:39:44,348 Answer received: !yv
2023-04-21 19:39:46,929 Answer received: !yro38
2023-04-21 19:39:46,930 Command to send: c
o38
showString
i20
i20
bFalse
e

2023-04-21 19:39:50,418 Answer received: !ys+---+-------------+-------------------+--------+------------------+---------+-------+----------+------+---------+---------+-------------+-------------------+\n| id|mobile_number|         created_at|platform|          email_id|device_id|   name|       dob|gender|  address|     city|           ip|         updated_at|\n+---+-------------+-------------------+--------+------------------+---------+-------+----------+------+---------+---------+-------------+-------------------+\n| 17|   4455555412|2023-04-21 14:40:23|     ios|  user4412@xyz.com|     D028|   Monu|1999-05-25|  male|bangaluru|bangaluru|192.168.21.21|2023-04-21 19:20:46|\n| 15|   8833442178|2023-04-19 12:20:06|     ios|   user223@xyz.com|  D006699|Manisha|1999-05-25|female|bangaluru|bangaluru|192.168.21.21|2023-04-21 19:21:15|\n| 14|   8866746332|2023-04-19 12:20:06|     ios|manish.kmr@xyz.com|     D023| Manish|1998-01-24|  male|   mumbai|   mumbai|192.168.23.54|2023-04-21 19:21:15|\n+---+-------------+-------------------+--------+------------------+---------+-------+----------+------+---------+---------+-------------+-------------------+\n
2023-04-21 19:39:50,419 Command to send: r
u
org
rj
e

2023-04-21 19:39:50,422 Answer received: !yp
2023-04-21 19:39:50,423 Command to send: r
u
org.apache
rj
e

2023-04-21 19:39:50,423 Answer received: !yp
2023-04-21 19:39:50,424 Command to send: r
u
org.apache.spark
rj
e

2023-04-21 19:39:50,425 Answer received: !yp
2023-04-21 19:39:50,425 Command to send: r
u
org.apache.spark.storage
rj
e

2023-04-21 19:39:50,425 Answer received: !yp
2023-04-21 19:39:50,426 Command to send: r
u
org.apache.spark.storage.StorageLevel
rj
e

2023-04-21 19:39:50,427 Answer received: !ycorg.apache.spark.storage.StorageLevel
2023-04-21 19:39:50,427 Command to send: i
org.apache.spark.storage.StorageLevel
bFalse
bTrue
bFalse
bFalse
i1
e

2023-04-21 19:39:50,428 Answer received: !yro39
2023-04-21 19:39:50,428 Command to send: c
o38
persist
ro39
e

2023-04-21 19:39:50,495 Answer received: !yro40
2023-04-21 19:39:50,495 Command to send: c
o38
count
e

2023-04-21 19:39:51,355 Command to send: m
d
o40
e

2023-04-21 19:39:51,356 Answer received: !yv
2023-04-21 19:39:51,646 Answer received: !yL3
2023-04-21 19:39:51,662 Command to send: c
o38
schema
e

2023-04-21 19:39:51,663 Answer received: !yro41
2023-04-21 19:39:51,664 Command to send: c
o41
json
e

2023-04-21 19:39:51,733 Answer received: !ys{"type":"struct","fields":[{"name":"id","type":"integer","nullable":true,"metadata":{"scale":0}},{"name":"mobile_number","type":"long","nullable":true,"metadata":{"scale":0}},{"name":"created_at","type":"timestamp","nullable":true,"metadata":{"scale":0}},{"name":"platform","type":"string","nullable":true,"metadata":{"scale":0}},{"name":"email_id","type":"string","nullable":true,"metadata":{"scale":0}},{"name":"device_id","type":"string","nullable":true,"metadata":{"scale":0}},{"name":"name","type":"string","nullable":true,"metadata":{"scale":0}},{"name":"dob","type":"date","nullable":true,"metadata":{"scale":0}},{"name":"gender","type":"string","nullable":true,"metadata":{"scale":0}},{"name":"address","type":"string","nullable":true,"metadata":{"scale":0}},{"name":"city","type":"string","nullable":true,"metadata":{"scale":0}},{"name":"ip","type":"string","nullable":true,"metadata":{"scale":0}},{"name":"updated_at","type":"timestamp","nullable":true,"metadata":{"scale":0}}]}
2023-04-21 19:39:51,743 Command to send: r
u
functions
rj
e

2023-04-21 19:39:51,752 Answer received: !ycorg.apache.spark.sql.functions
2023-04-21 19:39:51,753 Command to send: r
m
org.apache.spark.sql.functions
col
e

2023-04-21 19:39:51,760 Answer received: !ym
2023-04-21 19:39:51,761 Command to send: c
z:org.apache.spark.sql.functions
col
screated_at
e

2023-04-21 19:39:51,797 Answer received: !yro42
2023-04-21 19:39:51,797 Command to send: r
u
functions
rj
e

2023-04-21 19:39:51,800 Answer received: !ycorg.apache.spark.sql.functions
2023-04-21 19:39:51,800 Command to send: r
m
org.apache.spark.sql.functions
to_date
e

2023-04-21 19:39:51,801 Answer received: !ym
2023-04-21 19:39:51,801 Command to send: c
z:org.apache.spark.sql.functions
to_date
ro42
e

2023-04-21 19:39:51,803 Answer received: !yro43
2023-04-21 19:39:51,803 Command to send: c
o38
withColumn
spt_created_at
ro43
e

2023-04-21 19:39:51,838 Answer received: !yro44
2023-04-21 19:39:51,839 Command to send: c
o44
showString
i20
i20
bFalse
e

2023-04-21 19:39:52,212 Answer received: !ys+---+-------------+-------------------+--------+------------------+---------+-------+----------+------+---------+---------+-------------+-------------------+-------------+\n| id|mobile_number|         created_at|platform|          email_id|device_id|   name|       dob|gender|  address|     city|           ip|         updated_at|pt_created_at|\n+---+-------------+-------------------+--------+------------------+---------+-------+----------+------+---------+---------+-------------+-------------------+-------------+\n| 17|   4455555412|2023-04-21 14:40:23|     ios|  user4412@xyz.com|     D028|   Monu|1999-05-25|  male|bangaluru|bangaluru|192.168.21.21|2023-04-21 19:20:46|   2023-04-21|\n| 15|   8833442178|2023-04-19 12:20:06|     ios|   user223@xyz.com|  D006699|Manisha|1999-05-25|female|bangaluru|bangaluru|192.168.21.21|2023-04-21 19:21:15|   2023-04-19|\n| 14|   8866746332|2023-04-19 12:20:06|     ios|manish.kmr@xyz.com|     D023| Manish|1998-01-24|  male|   mumbai|   mumbai|192.168.23.54|2023-04-21 19:21:15|   2023-04-19|\n+---+-------------+-------------------+--------+------------------+---------+-------+----------+------+---------+---------+-------------+-------------------+-------------+\n
2023-04-21 19:39:52,213 Command to send: r
u
org
rj
e

2023-04-21 19:39:52,216 Answer received: !yp
2023-04-21 19:39:52,217 Command to send: r
u
org.apache
rj
e

2023-04-21 19:39:52,217 Answer received: !yp
2023-04-21 19:39:52,217 Command to send: r
u
org.apache.spark
rj
e

2023-04-21 19:39:52,218 Answer received: !yp
2023-04-21 19:39:52,218 Command to send: r
u
org.apache.spark.storage
rj
e

2023-04-21 19:39:52,219 Answer received: !yp
2023-04-21 19:39:52,219 Command to send: r
u
org.apache.spark.storage.StorageLevel
rj
e

2023-04-21 19:39:52,220 Answer received: !ycorg.apache.spark.storage.StorageLevel
2023-04-21 19:39:52,220 Command to send: i
org.apache.spark.storage.StorageLevel
bFalse
bTrue
bFalse
bFalse
i1
e

2023-04-21 19:39:52,221 Answer received: !yro45
2023-04-21 19:39:52,221 Command to send: c
o44
persist
ro45
e

2023-04-21 19:39:52,284 Answer received: !yro46
2023-04-21 19:39:52,284 Command to send: c
o44
count
e

2023-04-21 19:39:52,357 Command to send: m
d
o28
e

2023-04-21 19:39:52,358 Answer received: !yv
2023-04-21 19:39:52,358 Command to send: m
d
o30
e

2023-04-21 19:39:52,358 Answer received: !yv
2023-04-21 19:39:52,358 Command to send: m
d
o32
e

2023-04-21 19:39:52,359 Answer received: !yv
2023-04-21 19:39:52,359 Command to send: m
d
o33
e

2023-04-21 19:39:52,359 Answer received: !yv
2023-04-21 19:39:52,359 Command to send: m
d
o34
e

2023-04-21 19:39:52,359 Answer received: !yv
2023-04-21 19:39:52,360 Command to send: m
d
o35
e

2023-04-21 19:39:52,360 Answer received: !yv
2023-04-21 19:39:52,360 Command to send: m
d
o36
e

2023-04-21 19:39:52,360 Answer received: !yv
2023-04-21 19:39:52,360 Command to send: m
d
o37
e

2023-04-21 19:39:52,361 Answer received: !yv
2023-04-21 19:39:52,361 Command to send: m
d
o39
e

2023-04-21 19:39:52,361 Answer received: !yv
2023-04-21 19:39:52,361 Command to send: m
d
o41
e

2023-04-21 19:39:52,362 Answer received: !yv
2023-04-21 19:39:52,362 Command to send: m
d
o46
e

2023-04-21 19:39:52,362 Answer received: !yv
2023-04-21 19:39:52,523 Answer received: !yL3
2023-04-21 19:39:52,542 Command to send: r
u
SparkSession$
rj
e

2023-04-21 19:39:52,545 Answer received: !ycorg.apache.spark.sql.SparkSession$
2023-04-21 19:39:52,546 Command to send: r
m
org.apache.spark.sql.SparkSession$
MODULE$
e

2023-04-21 19:39:52,546 Answer received: !yro47
2023-04-21 19:39:52,546 Command to send: i
java.util.HashMap
e

2023-04-21 19:39:52,547 Answer received: !yao48
2023-04-21 19:39:52,547 Command to send: c
o48
put
sspark.master
slocal
e

2023-04-21 19:39:52,547 Answer received: !yn
2023-04-21 19:39:52,548 Command to send: c
o48
put
sspark.app.name
sfilesystem conncector
e

2023-04-21 19:39:52,548 Answer received: !yn
2023-04-21 19:39:52,548 Command to send: c
o47
applyModifiableSettings
ro27
ro48
e

2023-04-21 19:39:52,549 Answer received: !yv
2023-04-21 19:39:52,549 Command to send: r
u
functions
rj
e

2023-04-21 19:39:52,555 Answer received: !ycorg.apache.spark.sql.functions
2023-04-21 19:39:52,555 Command to send: r
m
org.apache.spark.sql.functions
col
e

2023-04-21 19:39:52,556 Answer received: !ym
2023-04-21 19:39:52,556 Command to send: c
z:org.apache.spark.sql.functions
col
spt_created_at
e

2023-04-21 19:39:52,557 Answer received: !yro49
2023-04-21 19:39:52,557 Command to send: r
u
PythonUtils
rj
e

2023-04-21 19:39:52,559 Answer received: !ycorg.apache.spark.api.python.PythonUtils
2023-04-21 19:39:52,560 Command to send: r
m
org.apache.spark.api.python.PythonUtils
toSeq
e

2023-04-21 19:39:52,560 Answer received: !ym
2023-04-21 19:39:52,560 Command to send: i
java.util.ArrayList
e

2023-04-21 19:39:52,561 Answer received: !ylo50
2023-04-21 19:39:52,561 Command to send: c
o50
add
ro49
e

2023-04-21 19:39:52,563 Answer received: !ybtrue
2023-04-21 19:39:52,563 Command to send: c
z:org.apache.spark.api.python.PythonUtils
toSeq
ro50
e

2023-04-21 19:39:52,565 Answer received: !yro51
2023-04-21 19:39:52,565 Command to send: c
o44
select
ro51
e

2023-04-21 19:39:52,581 Answer received: !yro52
2023-04-21 19:39:52,581 Command to send: c
o52
distinct
e

2023-04-21 19:39:52,594 Answer received: !yro53
2023-04-21 19:39:52,595 Command to send: c
o53
showString
i20
i20
bFalse
e

2023-04-21 19:39:53,151 Answer received: !ys+-------------+\n|pt_created_at|\n+-------------+\n|   2023-04-21|\n|   2023-04-19|\n+-------------+\n
2023-04-21 19:39:53,152 Command to send: c
o53
schema
e

2023-04-21 19:39:53,155 Answer received: !yro54
2023-04-21 19:39:53,156 Command to send: c
o54
json
e

2023-04-21 19:39:53,157 Answer received: !ys{"type":"struct","fields":[{"name":"pt_created_at","type":"date","nullable":true,"metadata":{}}]}
2023-04-21 19:39:53,162 Command to send: c
o16
setCallSite
scollect at /home/ashwani/Documents/Ashwani/Arrow/connector/filesystem_connector.py:56
e

2023-04-21 19:39:53,162 Answer received: !yv
2023-04-21 19:39:53,162 Command to send: c
o53
collectToPython
e

2023-04-21 19:39:53,363 Command to send: m
d
o48
e

2023-04-21 19:39:53,364 Answer received: !yv
2023-04-21 19:39:53,364 Command to send: m
d
o50
e

2023-04-21 19:39:53,364 Answer received: !yv
2023-04-21 19:39:53,501 Answer received: !yto55
2023-04-21 19:39:53,501 Command to send: c
o16
setCallSite
n
e

2023-04-21 19:39:53,502 Answer received: !yv
2023-04-21 19:39:53,502 Command to send: a
e
o55
e

2023-04-21 19:39:53,502 Answer received: !yi3
2023-04-21 19:39:53,502 Command to send: a
g
o55
i0
e

2023-04-21 19:39:53,503 Answer received: !yi35029
2023-04-21 19:39:53,503 Command to send: a
e
o55
e

2023-04-21 19:39:53,503 Answer received: !yi3
2023-04-21 19:39:53,503 Command to send: a
g
o55
i1
e

2023-04-21 19:39:53,503 Answer received: !ys96f103f7000c14a9a2abdb0c0d8af0dbbba3eba1907c04908da84af7e7a37646
2023-04-21 19:39:53,513 Command to send: c
o27
read
e

2023-04-21 19:39:53,516 Answer received: !yro56
2023-04-21 19:39:53,517 Command to send: c
o56
option
sheader
strue
e

2023-04-21 19:39:53,517 Answer received: !yro57
2023-04-21 19:39:53,518 Command to send: c
o57
option
sinferSchema
strue
e

2023-04-21 19:39:53,518 Answer received: !yro58
2023-04-21 19:39:53,519 Command to send: c
o58
format
scsv
e

2023-04-21 19:39:53,519 Answer received: !yro59
2023-04-21 19:39:53,519 Command to send: r
u
PythonUtils
rj
e

2023-04-21 19:39:53,521 Answer received: !ycorg.apache.spark.api.python.PythonUtils
2023-04-21 19:39:53,521 Command to send: r
m
org.apache.spark.api.python.PythonUtils
toSeq
e

2023-04-21 19:39:53,522 Answer received: !ym
2023-04-21 19:39:53,522 Command to send: i
java.util.ArrayList
e

2023-04-21 19:39:53,523 Answer received: !ylo60
2023-04-21 19:39:53,523 Command to send: c
o60
add
sfile:///home/ashwani/Documents/Ashwani/Arrow/dwh/users/t_training/t_users_info/pt_created_at=2023-04-21/*
e

2023-04-21 19:39:53,524 Answer received: !ybtrue
2023-04-21 19:39:53,524 Command to send: c
o60
add
sfile:///home/ashwani/Documents/Ashwani/Arrow/dwh/users/t_training/t_users_info/pt_created_at=2023-04-19/*
e

2023-04-21 19:39:53,532 Answer received: !ybtrue
2023-04-21 19:39:53,532 Command to send: c
z:org.apache.spark.api.python.PythonUtils
toSeq
ro60
e

2023-04-21 19:39:53,532 Answer received: !yro61
2023-04-21 19:39:53,533 Command to send: c
o59
load
ro61
e

2023-04-21 19:39:54,366 Command to send: m
d
o55
e

2023-04-21 19:39:54,366 Answer received: !yv
2023-04-21 19:39:54,366 Command to send: m
d
o60
e

2023-04-21 19:39:54,367 Answer received: !yv
2023-04-21 19:39:54,733 Answer received: !yro62
2023-04-21 19:39:54,734 Command to send: r
u
functions
rj
e

2023-04-21 19:39:54,738 Answer received: !ycorg.apache.spark.sql.functions
2023-04-21 19:39:54,738 Command to send: r
m
org.apache.spark.sql.functions
col
e

2023-04-21 19:39:54,739 Answer received: !ym
2023-04-21 19:39:54,739 Command to send: c
z:org.apache.spark.sql.functions
col
screated_at
e

2023-04-21 19:39:54,740 Answer received: !yro63
2023-04-21 19:39:54,740 Command to send: r
u
functions
rj
e

2023-04-21 19:39:54,745 Answer received: !ycorg.apache.spark.sql.functions
2023-04-21 19:39:54,746 Command to send: r
m
org.apache.spark.sql.functions
to_date
e

2023-04-21 19:39:54,746 Answer received: !ym
2023-04-21 19:39:54,747 Command to send: c
z:org.apache.spark.sql.functions
to_date
ro63
e

2023-04-21 19:39:54,748 Answer received: !yro64
2023-04-21 19:39:54,748 Command to send: c
o62
withColumn
spt_created_at
ro64
e

2023-04-21 19:39:54,773 Answer received: !yro65
2023-04-21 19:39:54,774 Command to send: c
o65
showString
i20
i20
bFalse
e

2023-04-21 19:39:55,098 Answer received: !ys+---+-------------+-------------------+--------+---------------+---------+-------+-------------------+------+---------+---------+-------------+-------------------+-------------+\n| id|mobile_number|         created_at|platform|       email_id|device_id|   name|                dob|gender|  address|     city|           ip|         updated_at|pt_created_at|\n+---+-------------+-------------------+--------+---------------+---------+-------+-------------------+------+---------+---------+-------------+-------------------+-------------+\n| 15|   8833442178|2023-04-19 12:20:06|     ios|user223@xyz.com|     D024|Manisha|1999-05-25 00:00:00|female|bangaluru|bangaluru|192.168.21.21|2023-04-21 19:16:13|   2023-04-19|\n| 14|   8866746332|2023-04-19 12:20:06|     ios|user334@xyz.com|     D023| Manish|1998-01-24 00:00:00|  male|   mumbai|   mumbai|192.168.23.54|2023-04-21 19:16:13|   2023-04-19|\n| 12|   9326456791|2023-04-19 12:01:39|     ios|user002@xyz.com|     D002|   Siri|1999-05-22 00:00:00|female|   mumbai|   mumbai|192.168.21.22|2023-04-20 10:03:19|   2023-04-19|\n| 13|   9647315893|2023-04-19 12:14:08|      pc|user003@xyz.com|DVID99999| Ashish|1997-02-01 00:00:00|  male|bangaluru|bangaluru|192.168.23.67|2023-04-20 10:03:19|   2023-04-19|\n| 16|   4455778636|2023-04-21 14:40:23| android|user884@xyz.com|     D026|   Sonu|1998-01-24 00:00:00|  male|   mumbai|   mumbai|192.168.23.54|2023-04-21 19:17:28|   2023-04-21|\n+---+-------------+-------------------+--------+---------------+---------+-------+-------------------+------+---------+---------+-------------+-------------------+-------------+\n
2023-04-21 19:39:55,099 Command to send: c
o44
createOrReplaceTempView
stm_users
e

2023-04-21 19:39:55,201 Answer received: !yv
2023-04-21 19:39:55,201 Command to send: c
o65
createOrReplaceTempView
stm_t_users_info
e

2023-04-21 19:39:55,214 Answer received: !yv
2023-04-21 19:39:55,214 Command to send: c
o27
sql
sSELECT * FROM tm_users
e

2023-04-21 19:39:55,343 Answer received: !yro66
2023-04-21 19:39:55,344 Command to send: c
o66
showString
i20
i20
bFalse
e

2023-04-21 19:39:55,567 Answer received: !ys+---+-------------+-------------------+--------+------------------+---------+-------+----------+------+---------+---------+-------------+-------------------+-------------+\n| id|mobile_number|         created_at|platform|          email_id|device_id|   name|       dob|gender|  address|     city|           ip|         updated_at|pt_created_at|\n+---+-------------+-------------------+--------+------------------+---------+-------+----------+------+---------+---------+-------------+-------------------+-------------+\n| 17|   4455555412|2023-04-21 14:40:23|     ios|  user4412@xyz.com|     D028|   Monu|1999-05-25|  male|bangaluru|bangaluru|192.168.21.21|2023-04-21 19:20:46|   2023-04-21|\n| 15|   8833442178|2023-04-19 12:20:06|     ios|   user223@xyz.com|  D006699|Manisha|1999-05-25|female|bangaluru|bangaluru|192.168.21.21|2023-04-21 19:21:15|   2023-04-19|\n| 14|   8866746332|2023-04-19 12:20:06|     ios|manish.kmr@xyz.com|     D023| Manish|1998-01-24|  male|   mumbai|   mumbai|192.168.23.54|2023-04-21 19:21:15|   2023-04-19|\n+---+-------------+-------------------+--------+------------------+---------+-------+----------+------+---------+---------+-------------+-------------------+-------------+\n
2023-04-21 19:39:55,567 Command to send: c
o27
sql
sSELECT * FROM tm_t_users_info
e

2023-04-21 19:39:55,590 Answer received: !yro67
2023-04-21 19:39:55,591 Command to send: c
o67
showString
i20
i20
bFalse
e

2023-04-21 19:39:55,896 Answer received: !ys+---+-------------+-------------------+--------+---------------+---------+-------+-------------------+------+---------+---------+-------------+-------------------+-------------+\n| id|mobile_number|         created_at|platform|       email_id|device_id|   name|                dob|gender|  address|     city|           ip|         updated_at|pt_created_at|\n+---+-------------+-------------------+--------+---------------+---------+-------+-------------------+------+---------+---------+-------------+-------------------+-------------+\n| 15|   8833442178|2023-04-19 12:20:06|     ios|user223@xyz.com|     D024|Manisha|1999-05-25 00:00:00|female|bangaluru|bangaluru|192.168.21.21|2023-04-21 19:16:13|   2023-04-19|\n| 14|   8866746332|2023-04-19 12:20:06|     ios|user334@xyz.com|     D023| Manish|1998-01-24 00:00:00|  male|   mumbai|   mumbai|192.168.23.54|2023-04-21 19:16:13|   2023-04-19|\n| 12|   9326456791|2023-04-19 12:01:39|     ios|user002@xyz.com|     D002|   Siri|1999-05-22 00:00:00|female|   mumbai|   mumbai|192.168.21.22|2023-04-20 10:03:19|   2023-04-19|\n| 13|   9647315893|2023-04-19 12:14:08|      pc|user003@xyz.com|DVID99999| Ashish|1997-02-01 00:00:00|  male|bangaluru|bangaluru|192.168.23.67|2023-04-20 10:03:19|   2023-04-19|\n| 16|   4455778636|2023-04-21 14:40:23| android|user884@xyz.com|     D026|   Sonu|1998-01-24 00:00:00|  male|   mumbai|   mumbai|192.168.23.54|2023-04-21 19:17:28|   2023-04-21|\n+---+-------------+-------------------+--------+---------------+---------+-------+-------------------+------+---------+---------+-------------+-------------------+-------------+\n
2023-04-21 19:39:55,897 Command to send: c
o27
sql
s(SELECT t.* FROM tm_t_users_info t LEFT JOIN tm_users s ON t.id = s.id WHERE s.id is NULL) UNION (SELECT * FROM tm_t_users_info)
e

2023-04-21 19:39:56,057 Answer received: !yro68
2023-04-21 19:39:56,058 Command to send: c
o68
showString
i20
i20
bFalse
e

2023-04-21 19:39:57,051 Answer received: !ys+---+-------------+-------------------+--------+---------------+---------+-------+-------------------+------+---------+---------+-------------+-------------------+-------------+\n| id|mobile_number|         created_at|platform|       email_id|device_id|   name|                dob|gender|  address|     city|           ip|         updated_at|pt_created_at|\n+---+-------------+-------------------+--------+---------------+---------+-------+-------------------+------+---------+---------+-------------+-------------------+-------------+\n| 12|   9326456791|2023-04-19 12:01:39|     ios|user002@xyz.com|     D002|   Siri|1999-05-22 00:00:00|female|   mumbai|   mumbai|192.168.21.22|2023-04-20 10:03:19|   2023-04-19|\n| 13|   9647315893|2023-04-19 12:14:08|      pc|user003@xyz.com|DVID99999| Ashish|1997-02-01 00:00:00|  male|bangaluru|bangaluru|192.168.23.67|2023-04-20 10:03:19|   2023-04-19|\n| 16|   4455778636|2023-04-21 14:40:23| android|user884@xyz.com|     D026|   Sonu|1998-01-24 00:00:00|  male|   mumbai|   mumbai|192.168.23.54|2023-04-21 19:17:28|   2023-04-21|\n| 14|   8866746332|2023-04-19 12:20:06|     ios|user334@xyz.com|     D023| Manish|1998-01-24 00:00:00|  male|   mumbai|   mumbai|192.168.23.54|2023-04-21 19:16:13|   2023-04-19|\n| 15|   8833442178|2023-04-19 12:20:06|     ios|user223@xyz.com|     D024|Manisha|1999-05-25 00:00:00|female|bangaluru|bangaluru|192.168.21.21|2023-04-21 19:16:13|   2023-04-19|\n+---+-------------+-------------------+--------+---------------+---------+-------+-------------------+------+---------+---------+-------------+-------------------+-------------+\n
2023-04-21 19:39:57,052 local variable 'res' referenced before assignment
2023-04-21 19:39:57,052 ################# completed for row 0 #################
