2023-04-21 20:24:53,139 Entered in main
2023-04-21 20:24:53,139 ################# calling for row 0 #################
2023-04-21 20:24:53,166 Command to send: r
u
SparkSession$
rj
e

2023-04-21 20:24:53,173 Answer received: !ycorg.apache.spark.sql.SparkSession$
2023-04-21 20:24:53,174 Command to send: r
m
org.apache.spark.sql.SparkSession$
MODULE$
e

2023-04-21 20:24:53,174 Answer received: !yro30
2023-04-21 20:24:53,175 Command to send: i
java.util.HashMap
e

2023-04-21 20:24:53,176 Answer received: !yao31
2023-04-21 20:24:53,176 Command to send: c
o31
put
sspark.master
slocal
e

2023-04-21 20:24:53,177 Answer received: !yn
2023-04-21 20:24:53,178 Command to send: c
o31
put
sspark.app.name
sMySQL Connector
e

2023-04-21 20:24:53,179 Answer received: !yn
2023-04-21 20:24:53,179 Command to send: c
o30
applyModifiableSettings
ro27
ro31
e

2023-04-21 20:24:53,181 Answer received: !yv
2023-04-21 20:24:53,187 Command to send: c
o27
read
e

2023-04-21 20:24:53,198 Answer received: !yro32
2023-04-21 20:24:53,198 Command to send: c
o32
format
sjdbc
e

2023-04-21 20:24:53,211 Answer received: !yro33
2023-04-21 20:24:53,212 Command to send: c
o33
option
surl
sjdbc:mysql://localhost:3306
e

2023-04-21 20:24:53,213 Answer received: !yro34
2023-04-21 20:24:53,213 Command to send: c
o34
option
squery
sSELECT * FROM training.users WHERE updated_at > '2023-04-21 19:17:28' 
e

2023-04-21 20:24:53,213 Answer received: !yro35
2023-04-21 20:24:53,213 Command to send: c
o35
option
suser
sashwani_kr
e

2023-04-21 20:24:53,213 Answer received: !yro36
2023-04-21 20:24:53,214 Command to send: c
o36
option
spassword
sash21may
e

2023-04-21 20:24:53,214 Answer received: !yro37
2023-04-21 20:24:53,214 Command to send: c
o37
load
e

2023-04-21 20:24:53,502 Command to send: m
d
o29
e

2023-04-21 20:24:53,503 Answer received: !yv
2023-04-21 20:24:53,503 Command to send: m
d
o31
e

2023-04-21 20:24:53,503 Answer received: !yv
2023-04-21 20:24:55,126 Answer received: !yro38
2023-04-21 20:24:55,126 Command to send: c
o38
showString
i20
i20
bFalse
e

2023-04-21 20:24:57,299 Answer received: !ys+---+-------------+-------------------+--------+------------------+---------+-------+----------+------+---------+---------+-------------+-------------------+\n| id|mobile_number|         created_at|platform|          email_id|device_id|   name|       dob|gender|  address|     city|           ip|         updated_at|\n+---+-------------+-------------------+--------+------------------+---------+-------+----------+------+---------+---------+-------------+-------------------+\n| 17|   4455555412|2023-04-21 14:40:23|     ios|  user4412@xyz.com|     D028|   Monu|1999-05-25|  male|bangaluru|bangaluru|192.168.21.21|2023-04-21 19:20:46|\n| 15|   8833442178|2023-04-19 12:20:06|     ios|   user223@xyz.com|  D006699|Manisha|1999-05-25|female|bangaluru|bangaluru|192.168.21.21|2023-04-21 19:21:15|\n| 14|   8866746332|2023-04-19 12:20:06|     ios|manish.kmr@xyz.com|     D023| Manish|1998-01-24|  male|   mumbai|   mumbai|192.168.23.54|2023-04-21 19:21:15|\n+---+-------------+-------------------+--------+------------------+---------+-------+----------+------+---------+---------+-------------+-------------------+\n
2023-04-21 20:24:57,299 Command to send: r
u
org
rj
e

2023-04-21 20:24:57,304 Answer received: !yp
2023-04-21 20:24:57,304 Command to send: r
u
org.apache
rj
e

2023-04-21 20:24:57,305 Answer received: !yp
2023-04-21 20:24:57,305 Command to send: r
u
org.apache.spark
rj
e

2023-04-21 20:24:57,306 Answer received: !yp
2023-04-21 20:24:57,306 Command to send: r
u
org.apache.spark.storage
rj
e

2023-04-21 20:24:57,307 Answer received: !yp
2023-04-21 20:24:57,307 Command to send: r
u
org.apache.spark.storage.StorageLevel
rj
e

2023-04-21 20:24:57,308 Answer received: !ycorg.apache.spark.storage.StorageLevel
2023-04-21 20:24:57,309 Command to send: i
org.apache.spark.storage.StorageLevel
bFalse
bTrue
bFalse
bFalse
i1
e

2023-04-21 20:24:57,309 Answer received: !yro39
2023-04-21 20:24:57,310 Command to send: c
o38
persist
ro39
e

2023-04-21 20:24:57,374 Answer received: !yro40
2023-04-21 20:24:57,375 Command to send: c
o38
count
e

2023-04-21 20:24:57,507 Command to send: m
d
o40
e

2023-04-21 20:24:57,507 Answer received: !yv
2023-04-21 20:24:58,007 Answer received: !yL3
2023-04-21 20:24:58,023 Command to send: c
o38
schema
e

2023-04-21 20:24:58,024 Answer received: !yro41
2023-04-21 20:24:58,025 Command to send: c
o41
json
e

2023-04-21 20:24:58,077 Answer received: !ys{"type":"struct","fields":[{"name":"id","type":"integer","nullable":true,"metadata":{"scale":0}},{"name":"mobile_number","type":"long","nullable":true,"metadata":{"scale":0}},{"name":"created_at","type":"timestamp","nullable":true,"metadata":{"scale":0}},{"name":"platform","type":"string","nullable":true,"metadata":{"scale":0}},{"name":"email_id","type":"string","nullable":true,"metadata":{"scale":0}},{"name":"device_id","type":"string","nullable":true,"metadata":{"scale":0}},{"name":"name","type":"string","nullable":true,"metadata":{"scale":0}},{"name":"dob","type":"date","nullable":true,"metadata":{"scale":0}},{"name":"gender","type":"string","nullable":true,"metadata":{"scale":0}},{"name":"address","type":"string","nullable":true,"metadata":{"scale":0}},{"name":"city","type":"string","nullable":true,"metadata":{"scale":0}},{"name":"ip","type":"string","nullable":true,"metadata":{"scale":0}},{"name":"updated_at","type":"timestamp","nullable":true,"metadata":{"scale":0}}]}
2023-04-21 20:24:58,085 Command to send: r
u
functions
rj
e

2023-04-21 20:24:58,095 Answer received: !ycorg.apache.spark.sql.functions
2023-04-21 20:24:58,095 Command to send: r
m
org.apache.spark.sql.functions
col
e

2023-04-21 20:24:58,099 Answer received: !ym
2023-04-21 20:24:58,099 Command to send: c
z:org.apache.spark.sql.functions
col
screated_at
e

2023-04-21 20:24:58,131 Answer received: !yro42
2023-04-21 20:24:58,131 Command to send: r
u
functions
rj
e

2023-04-21 20:24:58,133 Answer received: !ycorg.apache.spark.sql.functions
2023-04-21 20:24:58,133 Command to send: r
m
org.apache.spark.sql.functions
to_date
e

2023-04-21 20:24:58,134 Answer received: !ym
2023-04-21 20:24:58,134 Command to send: c
z:org.apache.spark.sql.functions
to_date
ro42
e

2023-04-21 20:24:58,136 Answer received: !yro43
2023-04-21 20:24:58,138 Command to send: c
o38
withColumn
spt_created_at
ro43
e

2023-04-21 20:24:58,165 Answer received: !yro44
2023-04-21 20:24:58,165 Command to send: c
o44
showString
i20
i20
bFalse
e

2023-04-21 20:24:58,392 Answer received: !ys+---+-------------+-------------------+--------+------------------+---------+-------+----------+------+---------+---------+-------------+-------------------+-------------+\n| id|mobile_number|         created_at|platform|          email_id|device_id|   name|       dob|gender|  address|     city|           ip|         updated_at|pt_created_at|\n+---+-------------+-------------------+--------+------------------+---------+-------+----------+------+---------+---------+-------------+-------------------+-------------+\n| 17|   4455555412|2023-04-21 14:40:23|     ios|  user4412@xyz.com|     D028|   Monu|1999-05-25|  male|bangaluru|bangaluru|192.168.21.21|2023-04-21 19:20:46|   2023-04-21|\n| 15|   8833442178|2023-04-19 12:20:06|     ios|   user223@xyz.com|  D006699|Manisha|1999-05-25|female|bangaluru|bangaluru|192.168.21.21|2023-04-21 19:21:15|   2023-04-19|\n| 14|   8866746332|2023-04-19 12:20:06|     ios|manish.kmr@xyz.com|     D023| Manish|1998-01-24|  male|   mumbai|   mumbai|192.168.23.54|2023-04-21 19:21:15|   2023-04-19|\n+---+-------------+-------------------+--------+------------------+---------+-------+----------+------+---------+---------+-------------+-------------------+-------------+\n
2023-04-21 20:24:58,392 Command to send: r
u
org
rj
e

2023-04-21 20:24:58,395 Answer received: !yp
2023-04-21 20:24:58,395 Command to send: r
u
org.apache
rj
e

2023-04-21 20:24:58,396 Answer received: !yp
2023-04-21 20:24:58,396 Command to send: r
u
org.apache.spark
rj
e

2023-04-21 20:24:58,397 Answer received: !yp
2023-04-21 20:24:58,397 Command to send: r
u
org.apache.spark.storage
rj
e

2023-04-21 20:24:58,397 Answer received: !yp
2023-04-21 20:24:58,397 Command to send: r
u
org.apache.spark.storage.StorageLevel
rj
e

2023-04-21 20:24:58,398 Answer received: !ycorg.apache.spark.storage.StorageLevel
2023-04-21 20:24:58,398 Command to send: i
org.apache.spark.storage.StorageLevel
bFalse
bTrue
bFalse
bFalse
i1
e

2023-04-21 20:24:58,398 Answer received: !yro45
2023-04-21 20:24:58,398 Command to send: c
o44
persist
ro45
e

2023-04-21 20:24:58,448 Answer received: !yro46
2023-04-21 20:24:58,449 Command to send: c
o44
count
e

2023-04-21 20:24:58,508 Command to send: m
d
o28
e

2023-04-21 20:24:58,508 Answer received: !yv
2023-04-21 20:24:58,508 Command to send: m
d
o30
e

2023-04-21 20:24:58,509 Answer received: !yv
2023-04-21 20:24:58,509 Command to send: m
d
o32
e

2023-04-21 20:24:58,509 Answer received: !yv
2023-04-21 20:24:58,509 Command to send: m
d
o33
e

2023-04-21 20:24:58,509 Answer received: !yv
2023-04-21 20:24:58,509 Command to send: m
d
o34
e

2023-04-21 20:24:58,509 Answer received: !yv
2023-04-21 20:24:58,509 Command to send: m
d
o35
e

2023-04-21 20:24:58,509 Answer received: !yv
2023-04-21 20:24:58,509 Command to send: m
d
o36
e

2023-04-21 20:24:58,510 Answer received: !yv
2023-04-21 20:24:58,510 Command to send: m
d
o37
e

2023-04-21 20:24:58,510 Answer received: !yv
2023-04-21 20:24:58,510 Command to send: m
d
o39
e

2023-04-21 20:24:58,510 Answer received: !yv
2023-04-21 20:24:58,510 Command to send: m
d
o41
e

2023-04-21 20:24:58,510 Answer received: !yv
2023-04-21 20:24:58,510 Command to send: m
d
o46
e

2023-04-21 20:24:58,510 Answer received: !yv
2023-04-21 20:24:58,611 Answer received: !yL3
2023-04-21 20:24:58,632 Command to send: r
u
SparkSession$
rj
e

2023-04-21 20:24:58,634 Answer received: !ycorg.apache.spark.sql.SparkSession$
2023-04-21 20:24:58,634 Command to send: r
m
org.apache.spark.sql.SparkSession$
MODULE$
e

2023-04-21 20:24:58,634 Answer received: !yro47
2023-04-21 20:24:58,634 Command to send: i
java.util.HashMap
e

2023-04-21 20:24:58,634 Answer received: !yao48
2023-04-21 20:24:58,635 Command to send: c
o48
put
sspark.master
slocal
e

2023-04-21 20:24:58,635 Answer received: !yn
2023-04-21 20:24:58,636 Command to send: c
o48
put
sspark.app.name
sfilesystem conncector
e

2023-04-21 20:24:58,638 Answer received: !yn
2023-04-21 20:24:58,638 Command to send: c
o47
applyModifiableSettings
ro27
ro48
e

2023-04-21 20:24:58,639 Answer received: !yv
2023-04-21 20:24:58,639 Command to send: r
u
functions
rj
e

2023-04-21 20:24:58,644 Answer received: !ycorg.apache.spark.sql.functions
2023-04-21 20:24:58,644 Command to send: r
m
org.apache.spark.sql.functions
col
e

2023-04-21 20:24:58,645 Answer received: !ym
2023-04-21 20:24:58,645 Command to send: c
z:org.apache.spark.sql.functions
col
spt_created_at
e

2023-04-21 20:24:58,646 Answer received: !yro49
2023-04-21 20:24:58,646 Command to send: r
u
PythonUtils
rj
e

2023-04-21 20:24:58,648 Answer received: !ycorg.apache.spark.api.python.PythonUtils
2023-04-21 20:24:58,648 Command to send: r
m
org.apache.spark.api.python.PythonUtils
toSeq
e

2023-04-21 20:24:58,649 Answer received: !ym
2023-04-21 20:24:58,649 Command to send: i
java.util.ArrayList
e

2023-04-21 20:24:58,649 Answer received: !ylo50
2023-04-21 20:24:58,649 Command to send: c
o50
add
ro49
e

2023-04-21 20:24:58,650 Answer received: !ybtrue
2023-04-21 20:24:58,650 Command to send: c
z:org.apache.spark.api.python.PythonUtils
toSeq
ro50
e

2023-04-21 20:24:58,651 Answer received: !yro51
2023-04-21 20:24:58,651 Command to send: c
o44
select
ro51
e

2023-04-21 20:24:58,664 Answer received: !yro52
2023-04-21 20:24:58,665 Command to send: c
o52
distinct
e

2023-04-21 20:24:58,675 Answer received: !yro53
2023-04-21 20:24:58,676 Command to send: c
o53
showString
i20
i20
bFalse
e

2023-04-21 20:24:59,103 Answer received: !ys+-------------+\n|pt_created_at|\n+-------------+\n|   2023-04-21|\n|   2023-04-19|\n+-------------+\n
2023-04-21 20:24:59,104 Command to send: c
o53
schema
e

2023-04-21 20:24:59,104 Answer received: !yro54
2023-04-21 20:24:59,104 Command to send: c
o54
json
e

2023-04-21 20:24:59,105 Answer received: !ys{"type":"struct","fields":[{"name":"pt_created_at","type":"date","nullable":true,"metadata":{}}]}
2023-04-21 20:24:59,108 Command to send: c
o16
setCallSite
scollect at /home/ashwani/Documents/Ashwani/Arrow/connector/filesystem_connector.py:56
e

2023-04-21 20:24:59,108 Answer received: !yv
2023-04-21 20:24:59,109 Command to send: c
o53
collectToPython
e

2023-04-21 20:24:59,333 Answer received: !yto55
2023-04-21 20:24:59,334 Command to send: c
o16
setCallSite
n
e

2023-04-21 20:24:59,334 Answer received: !yv
2023-04-21 20:24:59,334 Command to send: a
e
o55
e

2023-04-21 20:24:59,335 Answer received: !yi3
2023-04-21 20:24:59,335 Command to send: a
g
o55
i0
e

2023-04-21 20:24:59,335 Answer received: !yi44831
2023-04-21 20:24:59,335 Command to send: a
e
o55
e

2023-04-21 20:24:59,335 Answer received: !yi3
2023-04-21 20:24:59,335 Command to send: a
g
o55
i1
e

2023-04-21 20:24:59,335 Answer received: !ysc1fb9b8fd916bce1d9538e0e592f2b3888aa7dc456c73281e2aab72a45f3f4da
2023-04-21 20:24:59,346 Command to send: c
o27
read
e

2023-04-21 20:24:59,348 Answer received: !yro56
2023-04-21 20:24:59,349 Command to send: c
o56
option
sheader
strue
e

2023-04-21 20:24:59,349 Answer received: !yro57
2023-04-21 20:24:59,349 Command to send: c
o57
option
sinferSchema
strue
e

2023-04-21 20:24:59,350 Answer received: !yro58
2023-04-21 20:24:59,350 Command to send: c
o58
format
scsv
e

2023-04-21 20:24:59,351 Answer received: !yro59
2023-04-21 20:24:59,351 Command to send: r
u
PythonUtils
rj
e

2023-04-21 20:24:59,352 Answer received: !ycorg.apache.spark.api.python.PythonUtils
2023-04-21 20:24:59,353 Command to send: r
m
org.apache.spark.api.python.PythonUtils
toSeq
e

2023-04-21 20:24:59,353 Answer received: !ym
2023-04-21 20:24:59,353 Command to send: i
java.util.ArrayList
e

2023-04-21 20:24:59,354 Answer received: !ylo60
2023-04-21 20:24:59,354 Command to send: c
o60
add
sfile:///home/ashwani/Documents/Ashwani/Arrow/dwh/users/t_training/t_users_info/pt_created_at=2023-04-21/*
e

2023-04-21 20:24:59,354 Answer received: !ybtrue
2023-04-21 20:24:59,354 Command to send: c
o60
add
sfile:///home/ashwani/Documents/Ashwani/Arrow/dwh/users/t_training/t_users_info/pt_created_at=2023-04-19/*
e

2023-04-21 20:24:59,355 Answer received: !ybtrue
2023-04-21 20:24:59,355 Command to send: c
z:org.apache.spark.api.python.PythonUtils
toSeq
ro60
e

2023-04-21 20:24:59,355 Answer received: !yro61
2023-04-21 20:24:59,355 Command to send: c
o59
load
ro61
e

2023-04-21 20:24:59,512 Command to send: m
d
o48
e

2023-04-21 20:24:59,512 Answer received: !yv
2023-04-21 20:24:59,512 Command to send: m
d
o50
e

2023-04-21 20:24:59,512 Answer received: !yv
2023-04-21 20:24:59,512 Command to send: m
d
o55
e

2023-04-21 20:24:59,513 Answer received: !yv
2023-04-21 20:24:59,513 Command to send: m
d
o60
e

2023-04-21 20:24:59,513 Answer received: !yv
2023-04-21 20:25:00,164 Answer received: !yro62
2023-04-21 20:25:00,164 Command to send: r
u
functions
rj
e

2023-04-21 20:25:00,167 Answer received: !ycorg.apache.spark.sql.functions
2023-04-21 20:25:00,167 Command to send: r
m
org.apache.spark.sql.functions
col
e

2023-04-21 20:25:00,168 Answer received: !ym
2023-04-21 20:25:00,168 Command to send: c
z:org.apache.spark.sql.functions
col
screated_at
e

2023-04-21 20:25:00,168 Answer received: !yro63
2023-04-21 20:25:00,168 Command to send: r
u
functions
rj
e

2023-04-21 20:25:00,170 Answer received: !ycorg.apache.spark.sql.functions
2023-04-21 20:25:00,170 Command to send: r
m
org.apache.spark.sql.functions
to_date
e

2023-04-21 20:25:00,171 Answer received: !ym
2023-04-21 20:25:00,171 Command to send: c
z:org.apache.spark.sql.functions
to_date
ro63
e

2023-04-21 20:25:00,171 Answer received: !yro64
2023-04-21 20:25:00,172 Command to send: c
o62
withColumn
spt_created_at
ro64
e

2023-04-21 20:25:00,189 Answer received: !yro65
2023-04-21 20:25:00,190 Command to send: c
o65
showString
i20
i20
bFalse
e

2023-04-21 20:25:00,474 Answer received: !ys+---+-------------+-------------------+--------+---------------+---------+-------+-------------------+------+---------+---------+-------------+-------------------+-------------+\n| id|mobile_number|         created_at|platform|       email_id|device_id|   name|                dob|gender|  address|     city|           ip|         updated_at|pt_created_at|\n+---+-------------+-------------------+--------+---------------+---------+-------+-------------------+------+---------+---------+-------------+-------------------+-------------+\n| 15|   8833442178|2023-04-19 12:20:06|     ios|user223@xyz.com|     D024|Manisha|1999-05-25 00:00:00|female|bangaluru|bangaluru|192.168.21.21|2023-04-21 19:16:13|   2023-04-19|\n| 14|   8866746332|2023-04-19 12:20:06|     ios|user334@xyz.com|     D023| Manish|1998-01-24 00:00:00|  male|   mumbai|   mumbai|192.168.23.54|2023-04-21 19:16:13|   2023-04-19|\n| 12|   9326456791|2023-04-19 12:01:39|     ios|user002@xyz.com|     D002|   Siri|1999-05-22 00:00:00|female|   mumbai|   mumbai|192.168.21.22|2023-04-20 10:03:19|   2023-04-19|\n| 13|   9647315893|2023-04-19 12:14:08|      pc|user003@xyz.com|DVID99999| Ashish|1997-02-01 00:00:00|  male|bangaluru|bangaluru|192.168.23.67|2023-04-20 10:03:19|   2023-04-19|\n| 16|   4455778636|2023-04-21 14:40:23| android|user884@xyz.com|     D026|   Sonu|1998-01-24 00:00:00|  male|   mumbai|   mumbai|192.168.23.54|2023-04-21 19:17:28|   2023-04-21|\n+---+-------------+-------------------+--------+---------------+---------+-------+-------------------+------+---------+---------+-------------+-------------------+-------------+\n
2023-04-21 20:25:00,474 Command to send: c
o44
createOrReplaceTempView
stmp_users
e

2023-04-21 20:25:00,530 Answer received: !yv
2023-04-21 20:25:00,531 Command to send: c
o65
createOrReplaceTempView
stmp_t_users_info
e

2023-04-21 20:25:00,537 Answer received: !yv
2023-04-21 20:25:00,537 Command to send: c
o27
sql
sSELECT * FROM tmp_users
e

2023-04-21 20:25:00,593 Answer received: !yro66
2023-04-21 20:25:00,593 Command to send: c
o66
showString
i20
i20
bFalse
e

2023-04-21 20:25:00,713 Answer received: !ys+---+-------------+-------------------+--------+------------------+---------+-------+----------+------+---------+---------+-------------+-------------------+-------------+\n| id|mobile_number|         created_at|platform|          email_id|device_id|   name|       dob|gender|  address|     city|           ip|         updated_at|pt_created_at|\n+---+-------------+-------------------+--------+------------------+---------+-------+----------+------+---------+---------+-------------+-------------------+-------------+\n| 17|   4455555412|2023-04-21 14:40:23|     ios|  user4412@xyz.com|     D028|   Monu|1999-05-25|  male|bangaluru|bangaluru|192.168.21.21|2023-04-21 19:20:46|   2023-04-21|\n| 15|   8833442178|2023-04-19 12:20:06|     ios|   user223@xyz.com|  D006699|Manisha|1999-05-25|female|bangaluru|bangaluru|192.168.21.21|2023-04-21 19:21:15|   2023-04-19|\n| 14|   8866746332|2023-04-19 12:20:06|     ios|manish.kmr@xyz.com|     D023| Manish|1998-01-24|  male|   mumbai|   mumbai|192.168.23.54|2023-04-21 19:21:15|   2023-04-19|\n+---+-------------+-------------------+--------+------------------+---------+-------+----------+------+---------+---------+-------------+-------------------+-------------+\n
2023-04-21 20:25:00,713 Command to send: c
o27
sql
sSELECT * FROM tmp_t_users_info
e

2023-04-21 20:25:00,726 Answer received: !yro67
2023-04-21 20:25:00,727 Command to send: c
o67
showString
i20
i20
bFalse
e

2023-04-21 20:25:00,850 Answer received: !ys+---+-------------+-------------------+--------+---------------+---------+-------+-------------------+------+---------+---------+-------------+-------------------+-------------+\n| id|mobile_number|         created_at|platform|       email_id|device_id|   name|                dob|gender|  address|     city|           ip|         updated_at|pt_created_at|\n+---+-------------+-------------------+--------+---------------+---------+-------+-------------------+------+---------+---------+-------------+-------------------+-------------+\n| 15|   8833442178|2023-04-19 12:20:06|     ios|user223@xyz.com|     D024|Manisha|1999-05-25 00:00:00|female|bangaluru|bangaluru|192.168.21.21|2023-04-21 19:16:13|   2023-04-19|\n| 14|   8866746332|2023-04-19 12:20:06|     ios|user334@xyz.com|     D023| Manish|1998-01-24 00:00:00|  male|   mumbai|   mumbai|192.168.23.54|2023-04-21 19:16:13|   2023-04-19|\n| 12|   9326456791|2023-04-19 12:01:39|     ios|user002@xyz.com|     D002|   Siri|1999-05-22 00:00:00|female|   mumbai|   mumbai|192.168.21.22|2023-04-20 10:03:19|   2023-04-19|\n| 13|   9647315893|2023-04-19 12:14:08|      pc|user003@xyz.com|DVID99999| Ashish|1997-02-01 00:00:00|  male|bangaluru|bangaluru|192.168.23.67|2023-04-20 10:03:19|   2023-04-19|\n| 16|   4455778636|2023-04-21 14:40:23| android|user884@xyz.com|     D026|   Sonu|1998-01-24 00:00:00|  male|   mumbai|   mumbai|192.168.23.54|2023-04-21 19:17:28|   2023-04-21|\n+---+-------------+-------------------+--------+---------------+---------+-------+-------------------+------+---------+---------+-------------+-------------------+-------------+\n
2023-04-21 20:25:00,850 Command to send: c
o27
sql
s(SELECT t.* FROM tmp_t_users_info t LEFT JOIN tmp_users s ON t.id = s.id WHERE s.id is NULL) UNION (SELECT * FROM tmp_users)
e

2023-04-21 20:25:00,968 Answer received: !yro68
2023-04-21 20:25:00,968 Command to send: c
o68
showString
i20
i20
bFalse
e

2023-04-21 20:25:01,635 Answer received: !ys+---+-------------+-------------------+--------+------------------+---------+-------+-------------------+------+---------+---------+-------------+-------------------+-------------+\n| id|mobile_number|         created_at|platform|          email_id|device_id|   name|                dob|gender|  address|     city|           ip|         updated_at|pt_created_at|\n+---+-------------+-------------------+--------+------------------+---------+-------+-------------------+------+---------+---------+-------------+-------------------+-------------+\n| 12|   9326456791|2023-04-19 12:01:39|     ios|   user002@xyz.com|     D002|   Siri|1999-05-22 00:00:00|female|   mumbai|   mumbai|192.168.21.22|2023-04-20 10:03:19|   2023-04-19|\n| 13|   9647315893|2023-04-19 12:14:08|      pc|   user003@xyz.com|DVID99999| Ashish|1997-02-01 00:00:00|  male|bangaluru|bangaluru|192.168.23.67|2023-04-20 10:03:19|   2023-04-19|\n| 16|   4455778636|2023-04-21 14:40:23| android|   user884@xyz.com|     D026|   Sonu|1998-01-24 00:00:00|  male|   mumbai|   mumbai|192.168.23.54|2023-04-21 19:17:28|   2023-04-21|\n| 15|   8833442178|2023-04-19 12:20:06|     ios|   user223@xyz.com|  D006699|Manisha|1999-05-25 00:00:00|female|bangaluru|bangaluru|192.168.21.21|2023-04-21 19:21:15|   2023-04-19|\n| 17|   4455555412|2023-04-21 14:40:23|     ios|  user4412@xyz.com|     D028|   Monu|1999-05-25 00:00:00|  male|bangaluru|bangaluru|192.168.21.21|2023-04-21 19:20:46|   2023-04-21|\n| 14|   8866746332|2023-04-19 12:20:06|     ios|manish.kmr@xyz.com|     D023| Manish|1998-01-24 00:00:00|  male|   mumbai|   mumbai|192.168.23.54|2023-04-21 19:21:15|   2023-04-19|\n+---+-------------+-------------------+--------+------------------+---------+-------+-------------------+------+---------+---------+-------------+-------------------+-------------+\n
2023-04-21 20:25:01,636 local variable 'res' referenced before assignment
2023-04-21 20:25:01,636 ################# completed for row 0 #################
