2023-04-21 19:32:50,630 Entered in main
2023-04-21 19:32:50,630 ################# calling for row 0 #################
2023-04-21 19:32:50,658 Command to send: r
u
SparkSession$
rj
e

2023-04-21 19:32:50,662 Answer received: !ycorg.apache.spark.sql.SparkSession$
2023-04-21 19:32:50,662 Command to send: r
m
org.apache.spark.sql.SparkSession$
MODULE$
e

2023-04-21 19:32:50,662 Answer received: !yro30
2023-04-21 19:32:50,663 Command to send: i
java.util.HashMap
e

2023-04-21 19:32:50,663 Answer received: !yao31
2023-04-21 19:32:50,664 Command to send: c
o31
put
sspark.master
slocal
e

2023-04-21 19:32:50,664 Answer received: !yn
2023-04-21 19:32:50,665 Command to send: c
o31
put
sspark.app.name
sMySQL Connector
e

2023-04-21 19:32:50,665 Answer received: !yn
2023-04-21 19:32:50,665 Command to send: c
o30
applyModifiableSettings
ro27
ro31
e

2023-04-21 19:32:50,666 Answer received: !yv
2023-04-21 19:32:50,669 Command to send: c
o27
read
e

2023-04-21 19:32:50,683 Answer received: !yro32
2023-04-21 19:32:50,683 Command to send: c
o32
format
sjdbc
e

2023-04-21 19:32:50,695 Answer received: !yro33
2023-04-21 19:32:50,697 Command to send: c
o33
option
surl
sjdbc:mysql://localhost:3306
e

2023-04-21 19:32:50,699 Answer received: !yro34
2023-04-21 19:32:50,700 Command to send: c
o34
option
squery
sSELECT * FROM training.users WHERE updated_at > '2023-04-21 19:17:28' 
e

2023-04-21 19:32:50,701 Answer received: !yro35
2023-04-21 19:32:50,701 Command to send: c
o35
option
suser
sashwani_kr
e

2023-04-21 19:32:50,702 Answer received: !yro36
2023-04-21 19:32:50,702 Command to send: c
o36
option
spassword
sash21may
e

2023-04-21 19:32:50,703 Answer received: !yro37
2023-04-21 19:32:50,703 Command to send: c
o37
load
e

2023-04-21 19:32:50,822 Command to send: m
d
o29
e

2023-04-21 19:32:50,823 Answer received: !yv
2023-04-21 19:32:50,823 Command to send: m
d
o31
e

2023-04-21 19:32:50,823 Answer received: !yv
2023-04-21 19:32:52,653 Answer received: !yro38
2023-04-21 19:32:52,654 Command to send: c
o38
showString
i20
i20
bFalse
e

2023-04-21 19:32:54,675 Answer received: !ys+---+-------------+-------------------+--------+------------------+---------+-------+----------+------+---------+---------+-------------+-------------------+\n| id|mobile_number|         created_at|platform|          email_id|device_id|   name|       dob|gender|  address|     city|           ip|         updated_at|\n+---+-------------+-------------------+--------+------------------+---------+-------+----------+------+---------+---------+-------------+-------------------+\n| 17|   4455555412|2023-04-21 14:40:23|     ios|  user4412@xyz.com|     D028|   Monu|1999-05-25|  male|bangaluru|bangaluru|192.168.21.21|2023-04-21 19:20:46|\n| 15|   8833442178|2023-04-19 12:20:06|     ios|   user223@xyz.com|  D006699|Manisha|1999-05-25|female|bangaluru|bangaluru|192.168.21.21|2023-04-21 19:21:15|\n| 14|   8866746332|2023-04-19 12:20:06|     ios|manish.kmr@xyz.com|     D023| Manish|1998-01-24|  male|   mumbai|   mumbai|192.168.23.54|2023-04-21 19:21:15|\n+---+-------------+-------------------+--------+------------------+---------+-------+----------+------+---------+---------+-------------+-------------------+\n
2023-04-21 19:32:54,675 Command to send: r
u
org
rj
e

2023-04-21 19:32:54,678 Answer received: !yp
2023-04-21 19:32:54,679 Command to send: r
u
org.apache
rj
e

2023-04-21 19:32:54,679 Answer received: !yp
2023-04-21 19:32:54,680 Command to send: r
u
org.apache.spark
rj
e

2023-04-21 19:32:54,680 Answer received: !yp
2023-04-21 19:32:54,680 Command to send: r
u
org.apache.spark.storage
rj
e

2023-04-21 19:32:54,681 Answer received: !yp
2023-04-21 19:32:54,681 Command to send: r
u
org.apache.spark.storage.StorageLevel
rj
e

2023-04-21 19:32:54,681 Answer received: !ycorg.apache.spark.storage.StorageLevel
2023-04-21 19:32:54,682 Command to send: i
org.apache.spark.storage.StorageLevel
bFalse
bTrue
bFalse
bFalse
i1
e

2023-04-21 19:32:54,682 Answer received: !yro39
2023-04-21 19:32:54,683 Command to send: c
o38
persist
ro39
e

2023-04-21 19:32:54,744 Answer received: !yro40
2023-04-21 19:32:54,744 Command to send: c
o38
count
e

2023-04-21 19:32:54,827 Command to send: m
d
o40
e

2023-04-21 19:32:54,827 Answer received: !yv
2023-04-21 19:32:55,388 Answer received: !yL3
2023-04-21 19:32:55,405 Command to send: c
o38
schema
e

2023-04-21 19:32:55,406 Answer received: !yro41
2023-04-21 19:32:55,407 Command to send: c
o41
json
e

2023-04-21 19:32:55,473 Answer received: !ys{"type":"struct","fields":[{"name":"id","type":"integer","nullable":true,"metadata":{"scale":0}},{"name":"mobile_number","type":"long","nullable":true,"metadata":{"scale":0}},{"name":"created_at","type":"timestamp","nullable":true,"metadata":{"scale":0}},{"name":"platform","type":"string","nullable":true,"metadata":{"scale":0}},{"name":"email_id","type":"string","nullable":true,"metadata":{"scale":0}},{"name":"device_id","type":"string","nullable":true,"metadata":{"scale":0}},{"name":"name","type":"string","nullable":true,"metadata":{"scale":0}},{"name":"dob","type":"date","nullable":true,"metadata":{"scale":0}},{"name":"gender","type":"string","nullable":true,"metadata":{"scale":0}},{"name":"address","type":"string","nullable":true,"metadata":{"scale":0}},{"name":"city","type":"string","nullable":true,"metadata":{"scale":0}},{"name":"ip","type":"string","nullable":true,"metadata":{"scale":0}},{"name":"updated_at","type":"timestamp","nullable":true,"metadata":{"scale":0}}]}
2023-04-21 19:32:55,482 Command to send: r
u
functions
rj
e

2023-04-21 19:32:55,489 Answer received: !ycorg.apache.spark.sql.functions
2023-04-21 19:32:55,489 Command to send: r
m
org.apache.spark.sql.functions
col
e

2023-04-21 19:32:55,498 Answer received: !ym
2023-04-21 19:32:55,499 Command to send: c
z:org.apache.spark.sql.functions
col
screated_at
e

2023-04-21 19:32:55,533 Answer received: !yro42
2023-04-21 19:32:55,533 Command to send: r
u
functions
rj
e

2023-04-21 19:32:55,536 Answer received: !ycorg.apache.spark.sql.functions
2023-04-21 19:32:55,537 Command to send: r
m
org.apache.spark.sql.functions
to_date
e

2023-04-21 19:32:55,537 Answer received: !ym
2023-04-21 19:32:55,537 Command to send: c
z:org.apache.spark.sql.functions
to_date
ro42
e

2023-04-21 19:32:55,539 Answer received: !yro43
2023-04-21 19:32:55,539 Command to send: c
o38
withColumn
spt_created_at
ro43
e

2023-04-21 19:32:55,570 Answer received: !yro44
2023-04-21 19:32:55,571 Command to send: c
o44
showString
i20
i20
bFalse
e

2023-04-21 19:32:55,804 Answer received: !ys+---+-------------+-------------------+--------+------------------+---------+-------+----------+------+---------+---------+-------------+-------------------+-------------+\n| id|mobile_number|         created_at|platform|          email_id|device_id|   name|       dob|gender|  address|     city|           ip|         updated_at|pt_created_at|\n+---+-------------+-------------------+--------+------------------+---------+-------+----------+------+---------+---------+-------------+-------------------+-------------+\n| 17|   4455555412|2023-04-21 14:40:23|     ios|  user4412@xyz.com|     D028|   Monu|1999-05-25|  male|bangaluru|bangaluru|192.168.21.21|2023-04-21 19:20:46|   2023-04-21|\n| 15|   8833442178|2023-04-19 12:20:06|     ios|   user223@xyz.com|  D006699|Manisha|1999-05-25|female|bangaluru|bangaluru|192.168.21.21|2023-04-21 19:21:15|   2023-04-19|\n| 14|   8866746332|2023-04-19 12:20:06|     ios|manish.kmr@xyz.com|     D023| Manish|1998-01-24|  male|   mumbai|   mumbai|192.168.23.54|2023-04-21 19:21:15|   2023-04-19|\n+---+-------------+-------------------+--------+------------------+---------+-------+----------+------+---------+---------+-------------+-------------------+-------------+\n
2023-04-21 19:32:55,804 Command to send: r
u
org
rj
e

2023-04-21 19:32:55,807 Answer received: !yp
2023-04-21 19:32:55,807 Command to send: r
u
org.apache
rj
e

2023-04-21 19:32:55,808 Answer received: !yp
2023-04-21 19:32:55,808 Command to send: r
u
org.apache.spark
rj
e

2023-04-21 19:32:55,808 Answer received: !yp
2023-04-21 19:32:55,809 Command to send: r
u
org.apache.spark.storage
rj
e

2023-04-21 19:32:55,809 Answer received: !yp
2023-04-21 19:32:55,809 Command to send: r
u
org.apache.spark.storage.StorageLevel
rj
e

2023-04-21 19:32:55,810 Answer received: !ycorg.apache.spark.storage.StorageLevel
2023-04-21 19:32:55,810 Command to send: i
org.apache.spark.storage.StorageLevel
bFalse
bTrue
bFalse
bFalse
i1
e

2023-04-21 19:32:55,810 Answer received: !yro45
2023-04-21 19:32:55,810 Command to send: c
o44
persist
ro45
e

2023-04-21 19:32:55,828 Command to send: m
d
o28
e

2023-04-21 19:32:55,829 Answer received: !yv
2023-04-21 19:32:55,829 Command to send: m
d
o30
e

2023-04-21 19:32:55,830 Answer received: !yv
2023-04-21 19:32:55,830 Command to send: m
d
o32
e

2023-04-21 19:32:55,831 Answer received: !yv
2023-04-21 19:32:55,831 Command to send: m
d
o33
e

2023-04-21 19:32:55,833 Answer received: !yv
2023-04-21 19:32:55,833 Command to send: m
d
o34
e

2023-04-21 19:32:55,834 Answer received: !yv
2023-04-21 19:32:55,834 Command to send: m
d
o35
e

2023-04-21 19:32:55,834 Answer received: !yv
2023-04-21 19:32:55,834 Command to send: m
d
o36
e

2023-04-21 19:32:55,835 Answer received: !yv
2023-04-21 19:32:55,835 Command to send: m
d
o37
e

2023-04-21 19:32:55,836 Answer received: !yv
2023-04-21 19:32:55,836 Command to send: m
d
o39
e

2023-04-21 19:32:55,845 Answer received: !yv
2023-04-21 19:32:55,855 Command to send: m
d
o41
e

2023-04-21 19:32:55,856 Answer received: !yv
2023-04-21 19:32:55,885 Answer received: !yro46
2023-04-21 19:32:55,885 Command to send: c
o44
count
e

2023-04-21 19:32:56,059 Answer received: !yL3
2023-04-21 19:32:56,078 Command to send: r
u
SparkSession$
rj
e

2023-04-21 19:32:56,084 Answer received: !ycorg.apache.spark.sql.SparkSession$
2023-04-21 19:32:56,084 Command to send: r
m
org.apache.spark.sql.SparkSession$
MODULE$
e

2023-04-21 19:32:56,084 Answer received: !yro47
2023-04-21 19:32:56,084 Command to send: i
java.util.HashMap
e

2023-04-21 19:32:56,085 Answer received: !yao48
2023-04-21 19:32:56,085 Command to send: c
o48
put
sspark.master
slocal
e

2023-04-21 19:32:56,086 Answer received: !yn
2023-04-21 19:32:56,086 Command to send: c
o48
put
sspark.app.name
sfilesystem conncector
e

2023-04-21 19:32:56,087 Answer received: !yn
2023-04-21 19:32:56,087 Command to send: c
o47
applyModifiableSettings
ro27
ro48
e

2023-04-21 19:32:56,088 Answer received: !yv
2023-04-21 19:32:56,089 Command to send: r
u
functions
rj
e

2023-04-21 19:32:56,091 Answer received: !ycorg.apache.spark.sql.functions
2023-04-21 19:32:56,092 Command to send: r
m
org.apache.spark.sql.functions
col
e

2023-04-21 19:32:56,092 Answer received: !ym
2023-04-21 19:32:56,093 Command to send: c
z:org.apache.spark.sql.functions
col
spt_created_at
e

2023-04-21 19:32:56,094 Answer received: !yro49
2023-04-21 19:32:56,095 Command to send: r
u
PythonUtils
rj
e

2023-04-21 19:32:56,096 Answer received: !ycorg.apache.spark.api.python.PythonUtils
2023-04-21 19:32:56,096 Command to send: r
m
org.apache.spark.api.python.PythonUtils
toSeq
e

2023-04-21 19:32:56,097 Answer received: !ym
2023-04-21 19:32:56,097 Command to send: i
java.util.ArrayList
e

2023-04-21 19:32:56,098 Answer received: !ylo50
2023-04-21 19:32:56,098 Command to send: c
o50
add
ro49
e

2023-04-21 19:32:56,099 Answer received: !ybtrue
2023-04-21 19:32:56,099 Command to send: c
z:org.apache.spark.api.python.PythonUtils
toSeq
ro50
e

2023-04-21 19:32:56,100 Answer received: !yro51
2023-04-21 19:32:56,100 Command to send: c
o44
select
ro51
e

2023-04-21 19:32:56,107 Answer received: !yro52
2023-04-21 19:32:56,107 Command to send: c
o52
distinct
e

2023-04-21 19:32:56,121 Answer received: !yro53
2023-04-21 19:32:56,122 Command to send: c
o53
showString
i20
i20
bFalse
e

2023-04-21 19:32:56,540 Answer received: !ys+-------------+\n|pt_created_at|\n+-------------+\n|   2023-04-21|\n|   2023-04-19|\n+-------------+\n
2023-04-21 19:32:56,540 Command to send: c
o53
schema
e

2023-04-21 19:32:56,540 Answer received: !yro54
2023-04-21 19:32:56,541 Command to send: c
o54
json
e

2023-04-21 19:32:56,542 Answer received: !ys{"type":"struct","fields":[{"name":"pt_created_at","type":"date","nullable":true,"metadata":{}}]}
2023-04-21 19:32:56,545 Command to send: c
o16
setCallSite
scollect at /home/ashwani/Documents/Ashwani/Arrow/connector/filesystem_connector.py:56
e

2023-04-21 19:32:56,545 Answer received: !yv
2023-04-21 19:32:56,545 Command to send: c
o53
collectToPython
e

2023-04-21 19:32:56,824 Answer received: !yto55
2023-04-21 19:32:56,825 Command to send: c
o16
setCallSite
n
e

2023-04-21 19:32:56,825 Answer received: !yv
2023-04-21 19:32:56,826 Command to send: a
e
o55
e

2023-04-21 19:32:56,826 Answer received: !yi3
2023-04-21 19:32:56,826 Command to send: a
g
o55
i0
e

2023-04-21 19:32:56,826 Answer received: !yi43113
2023-04-21 19:32:56,826 Command to send: a
e
o55
e

2023-04-21 19:32:56,826 Answer received: !yi3
2023-04-21 19:32:56,826 Command to send: a
g
o55
i1
e

2023-04-21 19:32:56,827 Answer received: !ys3c3e8a4d68ad9f507579c13931115062f2e11a25e4f630bf20920db125e97b8e
2023-04-21 19:32:56,833 Command to send: c
o27
read
e

2023-04-21 19:32:56,834 Answer received: !yro56
2023-04-21 19:32:56,835 Command to send: c
o56
option
sheader
strue
e

2023-04-21 19:32:56,835 Answer received: !yro57
2023-04-21 19:32:56,835 Command to send: c
o57
option
sinferSchema
strue
e

2023-04-21 19:32:56,836 Answer received: !yro58
2023-04-21 19:32:56,836 Command to send: c
o58
format
scsv
e

2023-04-21 19:32:56,836 Answer received: !yro59
2023-04-21 19:32:56,836 Command to send: r
u
PythonUtils
rj
e

2023-04-21 19:32:56,839 Answer received: !ycorg.apache.spark.api.python.PythonUtils
2023-04-21 19:32:56,839 Command to send: r
m
org.apache.spark.api.python.PythonUtils
toSeq
e

2023-04-21 19:32:56,839 Answer received: !ym
2023-04-21 19:32:56,839 Command to send: i
java.util.ArrayList
e

2023-04-21 19:32:56,840 Answer received: !ylo60
2023-04-21 19:32:56,840 Command to send: c
o60
add
sfile:///home/ashwani/Documents/Ashwani/Arrow/dwh/users/t_training/t_users_info/pt_created_at=2023-04-21/*
e

2023-04-21 19:32:56,840 Answer received: !ybtrue
2023-04-21 19:32:56,841 Command to send: c
o60
add
sfile:///home/ashwani/Documents/Ashwani/Arrow/dwh/users/t_training/t_users_info/pt_created_at=2023-04-19/*
e

2023-04-21 19:32:56,841 Answer received: !ybtrue
2023-04-21 19:32:56,841 Command to send: c
z:org.apache.spark.api.python.PythonUtils
toSeq
ro60
e

2023-04-21 19:32:56,841 Answer received: !yro61
2023-04-21 19:32:56,841 Command to send: c
o59
load
ro61
e

2023-04-21 19:32:56,856 Command to send: m
d
o46
e

2023-04-21 19:32:56,856 Answer received: !yv
2023-04-21 19:32:56,857 Command to send: m
d
o48
e

2023-04-21 19:32:56,857 Answer received: !yv
2023-04-21 19:32:56,857 Command to send: m
d
o50
e

2023-04-21 19:32:56,857 Answer received: !yv
2023-04-21 19:32:56,857 Command to send: m
d
o55
e

2023-04-21 19:32:56,857 Answer received: !yv
2023-04-21 19:32:56,857 Command to send: m
d
o60
e

2023-04-21 19:32:56,858 Answer received: !yv
2023-04-21 19:32:57,727 Answer received: !yro62
2023-04-21 19:32:57,728 Command to send: c
o62
showString
i20
i20
bFalse
e

2023-04-21 19:32:57,979 Answer received: !ys+---+-------------+-------------------+--------+---------------+---------+-------+-------------------+------+---------+---------+-------------+-------------------+\n| id|mobile_number|         created_at|platform|       email_id|device_id|   name|                dob|gender|  address|     city|           ip|         updated_at|\n+---+-------------+-------------------+--------+---------------+---------+-------+-------------------+------+---------+---------+-------------+-------------------+\n| 15|   8833442178|2023-04-19 12:20:06|     ios|user223@xyz.com|     D024|Manisha|1999-05-25 00:00:00|female|bangaluru|bangaluru|192.168.21.21|2023-04-21 19:16:13|\n| 14|   8866746332|2023-04-19 12:20:06|     ios|user334@xyz.com|     D023| Manish|1998-01-24 00:00:00|  male|   mumbai|   mumbai|192.168.23.54|2023-04-21 19:16:13|\n| 12|   9326456791|2023-04-19 12:01:39|     ios|user002@xyz.com|     D002|   Siri|1999-05-22 00:00:00|female|   mumbai|   mumbai|192.168.21.22|2023-04-20 10:03:19|\n| 13|   9647315893|2023-04-19 12:14:08|      pc|user003@xyz.com|DVID99999| Ashish|1997-02-01 00:00:00|  male|bangaluru|bangaluru|192.168.23.67|2023-04-20 10:03:19|\n| 16|   4455778636|2023-04-21 14:40:23| android|user884@xyz.com|     D026|   Sonu|1998-01-24 00:00:00|  male|   mumbai|   mumbai|192.168.23.54|2023-04-21 19:17:28|\n+---+-------------+-------------------+--------+---------------+---------+-------+-------------------+------+---------+---------+-------------+-------------------+\n
2023-04-21 19:32:57,979 Command to send: c
o44
createOrReplaceTempView
stm_users
e

2023-04-21 19:32:58,053 Answer received: !yv
2023-04-21 19:32:58,053 Command to send: c
o62
createOrReplaceTempView
stm_t_users_info
e

2023-04-21 19:32:58,064 Answer received: !yv
2023-04-21 19:32:58,064 Command to send: c
o27
sql
sSELECT * FROM tm_users
e

2023-04-21 19:32:58,137 Answer received: !yro63
2023-04-21 19:32:58,138 Command to send: c
o63
showString
i20
i20
bFalse
e

2023-04-21 19:32:58,273 Answer received: !ys+---+-------------+-------------------+--------+------------------+---------+-------+----------+------+---------+---------+-------------+-------------------+-------------+\n| id|mobile_number|         created_at|platform|          email_id|device_id|   name|       dob|gender|  address|     city|           ip|         updated_at|pt_created_at|\n+---+-------------+-------------------+--------+------------------+---------+-------+----------+------+---------+---------+-------------+-------------------+-------------+\n| 17|   4455555412|2023-04-21 14:40:23|     ios|  user4412@xyz.com|     D028|   Monu|1999-05-25|  male|bangaluru|bangaluru|192.168.21.21|2023-04-21 19:20:46|   2023-04-21|\n| 15|   8833442178|2023-04-19 12:20:06|     ios|   user223@xyz.com|  D006699|Manisha|1999-05-25|female|bangaluru|bangaluru|192.168.21.21|2023-04-21 19:21:15|   2023-04-19|\n| 14|   8866746332|2023-04-19 12:20:06|     ios|manish.kmr@xyz.com|     D023| Manish|1998-01-24|  male|   mumbai|   mumbai|192.168.23.54|2023-04-21 19:21:15|   2023-04-19|\n+---+-------------+-------------------+--------+------------------+---------+-------+----------+------+---------+---------+-------------+-------------------+-------------+\n
2023-04-21 19:32:58,274 Command to send: c
o27
sql
sSELECT * FROM tm_t_users_info
e

2023-04-21 19:32:58,283 Answer received: !yro64
2023-04-21 19:32:58,284 Command to send: c
o64
showString
i20
i20
bFalse
e

2023-04-21 19:32:58,440 Answer received: !ys+---+-------------+-------------------+--------+---------------+---------+-------+-------------------+------+---------+---------+-------------+-------------------+\n| id|mobile_number|         created_at|platform|       email_id|device_id|   name|                dob|gender|  address|     city|           ip|         updated_at|\n+---+-------------+-------------------+--------+---------------+---------+-------+-------------------+------+---------+---------+-------------+-------------------+\n| 15|   8833442178|2023-04-19 12:20:06|     ios|user223@xyz.com|     D024|Manisha|1999-05-25 00:00:00|female|bangaluru|bangaluru|192.168.21.21|2023-04-21 19:16:13|\n| 14|   8866746332|2023-04-19 12:20:06|     ios|user334@xyz.com|     D023| Manish|1998-01-24 00:00:00|  male|   mumbai|   mumbai|192.168.23.54|2023-04-21 19:16:13|\n| 12|   9326456791|2023-04-19 12:01:39|     ios|user002@xyz.com|     D002|   Siri|1999-05-22 00:00:00|female|   mumbai|   mumbai|192.168.21.22|2023-04-20 10:03:19|\n| 13|   9647315893|2023-04-19 12:14:08|      pc|user003@xyz.com|DVID99999| Ashish|1997-02-01 00:00:00|  male|bangaluru|bangaluru|192.168.23.67|2023-04-20 10:03:19|\n| 16|   4455778636|2023-04-21 14:40:23| android|user884@xyz.com|     D026|   Sonu|1998-01-24 00:00:00|  male|   mumbai|   mumbai|192.168.23.54|2023-04-21 19:17:28|\n+---+-------------+-------------------+--------+---------------+---------+-------+-------------------+------+---------+---------+-------------+-------------------+\n
2023-04-21 19:32:58,440 Command to send: c
o27
sql
s(SELECT t.* FROM tm_t_users_info t LEFT JOIN tm_users s ON t.id = s.id WHERE s.id is NULL) UNION (SELECT * FROM tm_t_users_info)
e

2023-04-21 19:32:58,556 Answer received: !yro65
2023-04-21 19:32:58,556 Command to send: c
o65
showString
i20
i20
bFalse
e

2023-04-21 19:32:59,188 Answer received: !ys+---+-------------+-------------------+--------+---------------+---------+-------+-------------------+------+---------+---------+-------------+-------------------+\n| id|mobile_number|         created_at|platform|       email_id|device_id|   name|                dob|gender|  address|     city|           ip|         updated_at|\n+---+-------------+-------------------+--------+---------------+---------+-------+-------------------+------+---------+---------+-------------+-------------------+\n| 16|   4455778636|2023-04-21 14:40:23| android|user884@xyz.com|     D026|   Sonu|1998-01-24 00:00:00|  male|   mumbai|   mumbai|192.168.23.54|2023-04-21 19:17:28|\n| 12|   9326456791|2023-04-19 12:01:39|     ios|user002@xyz.com|     D002|   Siri|1999-05-22 00:00:00|female|   mumbai|   mumbai|192.168.21.22|2023-04-20 10:03:19|\n| 13|   9647315893|2023-04-19 12:14:08|      pc|user003@xyz.com|DVID99999| Ashish|1997-02-01 00:00:00|  male|bangaluru|bangaluru|192.168.23.67|2023-04-20 10:03:19|\n| 14|   8866746332|2023-04-19 12:20:06|     ios|user334@xyz.com|     D023| Manish|1998-01-24 00:00:00|  male|   mumbai|   mumbai|192.168.23.54|2023-04-21 19:16:13|\n| 15|   8833442178|2023-04-19 12:20:06|     ios|user223@xyz.com|     D024|Manisha|1999-05-25 00:00:00|female|bangaluru|bangaluru|192.168.21.21|2023-04-21 19:16:13|\n+---+-------------+-------------------+--------+---------------+---------+-------+-------------------+------+---------+---------+-------------+-------------------+\n
2023-04-21 19:32:59,188 local variable 'res' referenced before assignment
2023-04-21 19:32:59,188 ################# completed for row 0 #################
