2023-04-21 19:18:15,696 Entered in main
2023-04-21 19:18:15,696 ################# calling for row 0 #################
2023-04-21 19:18:15,712 starting ETL with full mode
2023-04-21 19:18:15,724 Command to send: r
u
SparkSession$
rj
e

2023-04-21 19:18:15,728 Answer received: !ycorg.apache.spark.sql.SparkSession$
2023-04-21 19:18:15,729 Command to send: r
m
org.apache.spark.sql.SparkSession$
MODULE$
e

2023-04-21 19:18:15,729 Answer received: !yro30
2023-04-21 19:18:15,730 Command to send: i
java.util.HashMap
e

2023-04-21 19:18:15,731 Answer received: !yao31
2023-04-21 19:18:15,731 Command to send: c
o31
put
sspark.master
slocal
e

2023-04-21 19:18:15,733 Answer received: !yn
2023-04-21 19:18:15,733 Command to send: c
o31
put
sspark.app.name
sMySQL Connector
e

2023-04-21 19:18:15,734 Answer received: !yn
2023-04-21 19:18:15,734 Command to send: c
o30
applyModifiableSettings
ro27
ro31
e

2023-04-21 19:18:15,735 Answer received: !yv
2023-04-21 19:18:15,740 Command to send: c
o27
read
e

2023-04-21 19:18:15,752 Answer received: !yro32
2023-04-21 19:18:15,752 Command to send: c
o32
format
sjdbc
e

2023-04-21 19:18:15,766 Answer received: !yro33
2023-04-21 19:18:15,766 Command to send: c
o33
option
surl
sjdbc:mysql://localhost:3306
e

2023-04-21 19:18:15,768 Answer received: !yro34
2023-04-21 19:18:15,769 Command to send: c
o34
option
squery
sSELECT * FROM training.users WHERE  1=1 
e

2023-04-21 19:18:15,769 Answer received: !yro35
2023-04-21 19:18:15,769 Command to send: c
o35
option
suser
sashwani_kr
e

2023-04-21 19:18:15,770 Answer received: !yro36
2023-04-21 19:18:15,770 Command to send: c
o36
option
spassword
sash21may
e

2023-04-21 19:18:15,770 Answer received: !yro37
2023-04-21 19:18:15,770 Command to send: c
o37
load
e

2023-04-21 19:18:16,608 Command to send: m
d
o29
e

2023-04-21 19:18:16,608 Answer received: !yv
2023-04-21 19:18:16,608 Command to send: m
d
o31
e

2023-04-21 19:18:16,609 Answer received: !yv
2023-04-21 19:18:18,491 Answer received: !yro38
2023-04-21 19:18:18,491 Command to send: c
o38
showString
i20
i20
bFalse
e

2023-04-21 19:18:21,201 Answer received: !ys+---+-------------+-------------------+--------+----------------+----------+-------+----------+------+---------+---------+-------------+-------------------+\n| id|mobile_number|         created_at|platform|        email_id| device_id|   name|       dob|gender|  address|     city|           ip|         updated_at|\n+---+-------------+-------------------+--------+----------------+----------+-------+----------+------+---------+---------+-------------+-------------------+\n| 16|   4455778636|2023-04-21 14:40:23| android| user884@xyz.com|      D026|   Sonu|1998-01-24|  male|   mumbai|   mumbai|192.168.23.54|2023-04-21 19:17:28|\n|  4|   7562014248|2023-04-06 11:35:50| android|nikunj@gmail.com|DVID632547| Nikunj|2009-09-03|  male|   mumbai|   mumbai|192.168.13.22|2023-04-20 10:03:19|\n| 10|   7569820001|2023-04-08 11:35:50|      pc|  thea@gmail.com|DVID759214|   Thea|2005-06-26|female|    delhi|    delhi|192.168.14.12|2023-04-20 10:03:19|\n|  5|   7854125896|2023-04-06 11:35:50|      pc|pranay@gmail.com|DVID982010| Pranay|2001-04-25|  male|   mumbai|   mumbai|192.168.11.15|2023-04-20 10:03:19|\n|  8|   8463201782|2023-04-07 11:35:50| android|   ved@gmail.com|DVID873520|    Ved|2012-04-19|  male|    delhi|    delhi| 192.168.16.8|2023-04-20 10:03:19|\n|  9|   8569742357|2023-04-08 11:35:50|     ios|   adi@gmail.com|DVID896503|    Adi|2008-08-10|  male|   mumbai|   mumbai| 192.168.12.9|2023-04-20 10:03:19|\n|  6|   8741036520|2023-04-07 11:35:50|     ios|  ojas@gmail.com|DVID687351|   Ojas|1998-08-11|  male|    delhi|    delhi|192.168.13.11|2023-04-20 10:03:19|\n|  3|   8756932011|2023-04-06 11:35:50|     mac| nikul@gmail.com|DVID785410|  Nikul|2015-03-07|  male|    delhi|    delhi|192.168.20.10|2023-04-20 10:03:19|\n| 15|   8833442178|2023-04-19 12:20:06|     ios| user223@xyz.com|      D024|Manisha|1999-05-25|female|bangaluru|bangaluru|192.168.21.21|2023-04-21 19:16:13|\n| 14|   8866746332|2023-04-19 12:20:06|     ios| user334@xyz.com|      D023| Manish|1998-01-24|  male|   mumbai|   mumbai|192.168.23.54|2023-04-21 19:16:13|\n| 11|   9234561234|2023-04-08 12:01:39| android| user001@xyz.com|      D001| Satish|1998-02-13|  male|    delhi|    delhi|192.168.23.56|2023-04-20 10:03:19|\n| 12|   9326456791|2023-04-19 12:01:39|     ios| user002@xyz.com|      D002|   Siri|1999-05-22|female|   mumbai|   mumbai|192.168.21.22|2023-04-20 10:03:19|\n| 13|   9647315893|2023-04-19 12:14:08|      pc| user003@xyz.com| DVID99999| Ashish|1997-02-01|  male|bangaluru|bangaluru|192.168.23.67|2023-04-20 10:03:19|\n|  7|   9658200134|2023-04-07 11:35:50|     ios|  shiv@gmail.com|DVID687320|   Shiv|2017-04-19|  male|bangaluru|bangaluru|192.168.18.13|2023-04-20 10:03:19|\n|  2|   9856732102|2023-04-05 10:51:24|     mac|   dev@gmail.com|DVID963145|    Dev|2000-01-12|  male|bengaluru|bengaluru|192.168.21.22|2023-04-20 10:03:19|\n|  1|   9856741236|2023-04-05 10:51:24| android|paarth@gmail.com|DVID875412| Paarth|2010-01-23|  male|   mumbai|   mumbai|192.168.11.10|2023-04-20 10:03:19|\n+---+-------------+-------------------+--------+----------------+----------+-------+----------+------+---------+---------+-------------+-------------------+\n
2023-04-21 19:18:21,201 Command to send: r
u
org
rj
e

2023-04-21 19:18:21,205 Answer received: !yp
2023-04-21 19:18:21,206 Command to send: r
u
org.apache
rj
e

2023-04-21 19:18:21,206 Answer received: !yp
2023-04-21 19:18:21,207 Command to send: r
u
org.apache.spark
rj
e

2023-04-21 19:18:21,207 Answer received: !yp
2023-04-21 19:18:21,207 Command to send: r
u
org.apache.spark.storage
rj
e

2023-04-21 19:18:21,208 Answer received: !yp
2023-04-21 19:18:21,208 Command to send: r
u
org.apache.spark.storage.StorageLevel
rj
e

2023-04-21 19:18:21,208 Answer received: !ycorg.apache.spark.storage.StorageLevel
2023-04-21 19:18:21,209 Command to send: i
org.apache.spark.storage.StorageLevel
bFalse
bTrue
bFalse
bFalse
i1
e

2023-04-21 19:18:21,209 Answer received: !yro39
2023-04-21 19:18:21,209 Command to send: c
o38
persist
ro39
e

2023-04-21 19:18:21,271 Answer received: !yro40
2023-04-21 19:18:21,272 Command to send: c
o38
count
e

2023-04-21 19:18:21,613 Command to send: m
d
o40
e

2023-04-21 19:18:21,614 Answer received: !yv
2023-04-21 19:18:22,107 Answer received: !yL16
2023-04-21 19:18:22,116 Command to send: c
o38
schema
e

2023-04-21 19:18:22,117 Answer received: !yro41
2023-04-21 19:18:22,117 Command to send: c
o41
json
e

2023-04-21 19:18:22,210 Answer received: !ys{"type":"struct","fields":[{"name":"id","type":"integer","nullable":true,"metadata":{"scale":0}},{"name":"mobile_number","type":"long","nullable":true,"metadata":{"scale":0}},{"name":"created_at","type":"timestamp","nullable":true,"metadata":{"scale":0}},{"name":"platform","type":"string","nullable":true,"metadata":{"scale":0}},{"name":"email_id","type":"string","nullable":true,"metadata":{"scale":0}},{"name":"device_id","type":"string","nullable":true,"metadata":{"scale":0}},{"name":"name","type":"string","nullable":true,"metadata":{"scale":0}},{"name":"dob","type":"date","nullable":true,"metadata":{"scale":0}},{"name":"gender","type":"string","nullable":true,"metadata":{"scale":0}},{"name":"address","type":"string","nullable":true,"metadata":{"scale":0}},{"name":"city","type":"string","nullable":true,"metadata":{"scale":0}},{"name":"ip","type":"string","nullable":true,"metadata":{"scale":0}},{"name":"updated_at","type":"timestamp","nullable":true,"metadata":{"scale":0}}]}
2023-04-21 19:18:22,219 Command to send: r
u
functions
rj
e

2023-04-21 19:18:22,230 Answer received: !ycorg.apache.spark.sql.functions
2023-04-21 19:18:22,231 Command to send: r
m
org.apache.spark.sql.functions
col
e

2023-04-21 19:18:22,238 Answer received: !ym
2023-04-21 19:18:22,239 Command to send: c
z:org.apache.spark.sql.functions
col
screated_at
e

2023-04-21 19:18:22,281 Answer received: !yro42
2023-04-21 19:18:22,282 Command to send: r
u
functions
rj
e

2023-04-21 19:18:22,284 Answer received: !ycorg.apache.spark.sql.functions
2023-04-21 19:18:22,285 Command to send: r
m
org.apache.spark.sql.functions
to_date
e

2023-04-21 19:18:22,285 Answer received: !ym
2023-04-21 19:18:22,285 Command to send: c
z:org.apache.spark.sql.functions
to_date
ro42
e

2023-04-21 19:18:22,287 Answer received: !yro43
2023-04-21 19:18:22,288 Command to send: c
o38
withColumn
spt_created_at
ro43
e

2023-04-21 19:18:22,312 Answer received: !yro44
2023-04-21 19:18:22,312 Command to send: c
o44
showString
i20
i20
bFalse
e

2023-04-21 19:18:22,590 Answer received: !ys+---+-------------+-------------------+--------+----------------+----------+-------+----------+------+---------+---------+-------------+-------------------+-------------+\n| id|mobile_number|         created_at|platform|        email_id| device_id|   name|       dob|gender|  address|     city|           ip|         updated_at|pt_created_at|\n+---+-------------+-------------------+--------+----------------+----------+-------+----------+------+---------+---------+-------------+-------------------+-------------+\n| 16|   4455778636|2023-04-21 14:40:23| android| user884@xyz.com|      D026|   Sonu|1998-01-24|  male|   mumbai|   mumbai|192.168.23.54|2023-04-21 19:17:28|   2023-04-21|\n|  4|   7562014248|2023-04-06 11:35:50| android|nikunj@gmail.com|DVID632547| Nikunj|2009-09-03|  male|   mumbai|   mumbai|192.168.13.22|2023-04-20 10:03:19|   2023-04-06|\n| 10|   7569820001|2023-04-08 11:35:50|      pc|  thea@gmail.com|DVID759214|   Thea|2005-06-26|female|    delhi|    delhi|192.168.14.12|2023-04-20 10:03:19|   2023-04-08|\n|  5|   7854125896|2023-04-06 11:35:50|      pc|pranay@gmail.com|DVID982010| Pranay|2001-04-25|  male|   mumbai|   mumbai|192.168.11.15|2023-04-20 10:03:19|   2023-04-06|\n|  8|   8463201782|2023-04-07 11:35:50| android|   ved@gmail.com|DVID873520|    Ved|2012-04-19|  male|    delhi|    delhi| 192.168.16.8|2023-04-20 10:03:19|   2023-04-07|\n|  9|   8569742357|2023-04-08 11:35:50|     ios|   adi@gmail.com|DVID896503|    Adi|2008-08-10|  male|   mumbai|   mumbai| 192.168.12.9|2023-04-20 10:03:19|   2023-04-08|\n|  6|   8741036520|2023-04-07 11:35:50|     ios|  ojas@gmail.com|DVID687351|   Ojas|1998-08-11|  male|    delhi|    delhi|192.168.13.11|2023-04-20 10:03:19|   2023-04-07|\n|  3|   8756932011|2023-04-06 11:35:50|     mac| nikul@gmail.com|DVID785410|  Nikul|2015-03-07|  male|    delhi|    delhi|192.168.20.10|2023-04-20 10:03:19|   2023-04-06|\n| 15|   8833442178|2023-04-19 12:20:06|     ios| user223@xyz.com|      D024|Manisha|1999-05-25|female|bangaluru|bangaluru|192.168.21.21|2023-04-21 19:16:13|   2023-04-19|\n| 14|   8866746332|2023-04-19 12:20:06|     ios| user334@xyz.com|      D023| Manish|1998-01-24|  male|   mumbai|   mumbai|192.168.23.54|2023-04-21 19:16:13|   2023-04-19|\n| 11|   9234561234|2023-04-08 12:01:39| android| user001@xyz.com|      D001| Satish|1998-02-13|  male|    delhi|    delhi|192.168.23.56|2023-04-20 10:03:19|   2023-04-08|\n| 12|   9326456791|2023-04-19 12:01:39|     ios| user002@xyz.com|      D002|   Siri|1999-05-22|female|   mumbai|   mumbai|192.168.21.22|2023-04-20 10:03:19|   2023-04-19|\n| 13|   9647315893|2023-04-19 12:14:08|      pc| user003@xyz.com| DVID99999| Ashish|1997-02-01|  male|bangaluru|bangaluru|192.168.23.67|2023-04-20 10:03:19|   2023-04-19|\n|  7|   9658200134|2023-04-07 11:35:50|     ios|  shiv@gmail.com|DVID687320|   Shiv|2017-04-19|  male|bangaluru|bangaluru|192.168.18.13|2023-04-20 10:03:19|   2023-04-07|\n|  2|   9856732102|2023-04-05 10:51:24|     mac|   dev@gmail.com|DVID963145|    Dev|2000-01-12|  male|bengaluru|bengaluru|192.168.21.22|2023-04-20 10:03:19|   2023-04-05|\n|  1|   9856741236|2023-04-05 10:51:24| android|paarth@gmail.com|DVID875412| Paarth|2010-01-23|  male|   mumbai|   mumbai|192.168.11.10|2023-04-20 10:03:19|   2023-04-05|\n+---+-------------+-------------------+--------+----------------+----------+-------+----------+------+---------+---------+-------------+-------------------+-------------+\n
2023-04-21 19:18:22,590 Command to send: r
u
org
rj
e

2023-04-21 19:18:22,594 Answer received: !yp
2023-04-21 19:18:22,595 Command to send: r
u
org.apache
rj
e

2023-04-21 19:18:22,595 Answer received: !yp
2023-04-21 19:18:22,596 Command to send: r
u
org.apache.spark
rj
e

2023-04-21 19:18:22,596 Answer received: !yp
2023-04-21 19:18:22,596 Command to send: r
u
org.apache.spark.storage
rj
e

2023-04-21 19:18:22,597 Answer received: !yp
2023-04-21 19:18:22,597 Command to send: r
u
org.apache.spark.storage.StorageLevel
rj
e

2023-04-21 19:18:22,597 Answer received: !ycorg.apache.spark.storage.StorageLevel
2023-04-21 19:18:22,598 Command to send: i
org.apache.spark.storage.StorageLevel
bFalse
bTrue
bFalse
bFalse
i1
e

2023-04-21 19:18:22,598 Answer received: !yro45
2023-04-21 19:18:22,598 Command to send: c
o44
persist
ro45
e

2023-04-21 19:18:22,615 Command to send: m
d
o28
e

2023-04-21 19:18:22,616 Answer received: !yv
2023-04-21 19:18:22,617 Command to send: m
d
o30
e

2023-04-21 19:18:22,617 Answer received: !yv
2023-04-21 19:18:22,617 Command to send: m
d
o32
e

2023-04-21 19:18:22,618 Answer received: !yv
2023-04-21 19:18:22,618 Command to send: m
d
o33
e

2023-04-21 19:18:22,618 Answer received: !yv
2023-04-21 19:18:22,618 Command to send: m
d
o34
e

2023-04-21 19:18:22,619 Answer received: !yv
2023-04-21 19:18:22,619 Command to send: m
d
o35
e

2023-04-21 19:18:22,620 Answer received: !yv
2023-04-21 19:18:22,621 Command to send: m
d
o36
e

2023-04-21 19:18:22,621 Answer received: !yv
2023-04-21 19:18:22,622 Command to send: m
d
o37
e

2023-04-21 19:18:22,622 Answer received: !yv
2023-04-21 19:18:22,622 Command to send: m
d
o39
e

2023-04-21 19:18:22,623 Answer received: !yv
2023-04-21 19:18:22,623 Command to send: m
d
o41
e

2023-04-21 19:18:22,623 Answer received: !yv
2023-04-21 19:18:22,660 Answer received: !yro46
2023-04-21 19:18:22,661 Command to send: c
o44
count
e

2023-04-21 19:18:22,810 Answer received: !yL16
2023-04-21 19:18:22,825 Command to send: r
u
SparkSession$
rj
e

2023-04-21 19:18:22,827 Answer received: !ycorg.apache.spark.sql.SparkSession$
2023-04-21 19:18:22,827 Command to send: r
m
org.apache.spark.sql.SparkSession$
MODULE$
e

2023-04-21 19:18:22,827 Answer received: !yro47
2023-04-21 19:18:22,827 Command to send: i
java.util.HashMap
e

2023-04-21 19:18:22,827 Answer received: !yao48
2023-04-21 19:18:22,828 Command to send: c
o48
put
sspark.master
slocal
e

2023-04-21 19:18:22,828 Answer received: !yn
2023-04-21 19:18:22,828 Command to send: c
o48
put
sspark.app.name
sfilesystem conncector
e

2023-04-21 19:18:22,828 Answer received: !yn
2023-04-21 19:18:22,828 Command to send: c
o47
applyModifiableSettings
ro27
ro48
e

2023-04-21 19:18:22,829 Answer received: !yv
2023-04-21 19:18:22,829 Command to send: c
o44
write
e

2023-04-21 19:18:22,841 Answer received: !yro49
2023-04-21 19:18:22,841 Command to send: c
o49
format
scsv
e

2023-04-21 19:18:22,844 Answer received: !yro50
2023-04-21 19:18:22,845 Command to send: c
o50
option
sheader
strue
e

2023-04-21 19:18:22,845 Answer received: !yro51
2023-04-21 19:18:22,845 Command to send: c
o51
mode
soverwrite
e

2023-04-21 19:18:22,845 Answer received: !yro52
2023-04-21 19:18:22,846 Command to send: r
u
PythonUtils
rj
e

2023-04-21 19:18:22,848 Answer received: !ycorg.apache.spark.api.python.PythonUtils
2023-04-21 19:18:22,849 Command to send: r
m
org.apache.spark.api.python.PythonUtils
toSeq
e

2023-04-21 19:18:22,849 Answer received: !ym
2023-04-21 19:18:22,850 Command to send: i
java.util.ArrayList
e

2023-04-21 19:18:22,850 Answer received: !ylo53
2023-04-21 19:18:22,850 Command to send: c
o53
add
spt_created_at
e

2023-04-21 19:18:22,851 Answer received: !ybtrue
2023-04-21 19:18:22,851 Command to send: c
z:org.apache.spark.api.python.PythonUtils
toSeq
ro53
e

2023-04-21 19:18:22,852 Answer received: !yro54
2023-04-21 19:18:22,853 Command to send: c
o52
partitionBy
ro54
e

2023-04-21 19:18:22,854 Answer received: !yro55
2023-04-21 19:18:22,854 Command to send: c
o55
save
sfile:///home/ashwani/Documents/Ashwani/Arrow/dwh/users/t_training/t_users_info
e

2023-04-21 19:18:23,568 Answer received: !yv
2023-04-21 19:18:23,585 Command to send: r
u
functions
rj
e

2023-04-21 19:18:23,587 Answer received: !ycorg.apache.spark.sql.functions
2023-04-21 19:18:23,588 Command to send: r
m
org.apache.spark.sql.functions
col
e

2023-04-21 19:18:23,588 Answer received: !ym
2023-04-21 19:18:23,588 Command to send: c
z:org.apache.spark.sql.functions
col
supdated_at
e

2023-04-21 19:18:23,589 Answer received: !yro56
2023-04-21 19:18:23,590 Command to send: r
u
functions
rj
e

2023-04-21 19:18:23,593 Answer received: !ycorg.apache.spark.sql.functions
2023-04-21 19:18:23,594 Command to send: r
m
org.apache.spark.sql.functions
max
e

2023-04-21 19:18:23,594 Answer received: !ym
2023-04-21 19:18:23,595 Command to send: c
z:org.apache.spark.sql.functions
max
ro56
e

2023-04-21 19:18:23,596 Answer received: !yro57
2023-04-21 19:18:23,596 Command to send: r
u
PythonUtils
rj
e

2023-04-21 19:18:23,600 Answer received: !ycorg.apache.spark.api.python.PythonUtils
2023-04-21 19:18:23,600 Command to send: r
m
org.apache.spark.api.python.PythonUtils
toSeq
e

2023-04-21 19:18:23,601 Answer received: !ym
2023-04-21 19:18:23,601 Command to send: i
java.util.ArrayList
e

2023-04-21 19:18:23,601 Answer received: !ylo58
2023-04-21 19:18:23,601 Command to send: c
z:org.apache.spark.api.python.PythonUtils
toSeq
ro58
e

2023-04-21 19:18:23,602 Answer received: !yro59
2023-04-21 19:18:23,602 Command to send: c
o44
groupBy
ro59
e

2023-04-21 19:18:23,611 Answer received: !yro60
2023-04-21 19:18:23,611 Command to send: r
u
PythonUtils
rj
e

2023-04-21 19:18:23,613 Answer received: !ycorg.apache.spark.api.python.PythonUtils
2023-04-21 19:18:23,613 Command to send: r
m
org.apache.spark.api.python.PythonUtils
toSeq
e

2023-04-21 19:18:23,615 Answer received: !ym
2023-04-21 19:18:23,616 Command to send: i
java.util.ArrayList
e

2023-04-21 19:18:23,616 Answer received: !ylo61
2023-04-21 19:18:23,616 Command to send: c
z:org.apache.spark.api.python.PythonUtils
toSeq
ro61
e

2023-04-21 19:18:23,617 Answer received: !yro62
2023-04-21 19:18:23,617 Command to send: c
o60
agg
ro57
ro62
e

2023-04-21 19:18:23,624 Command to send: m
d
o46
e

2023-04-21 19:18:23,624 Answer received: !yv
2023-04-21 19:18:23,624 Command to send: m
d
o48
e

2023-04-21 19:18:23,625 Answer received: !yv
2023-04-21 19:18:23,625 Command to send: m
d
o53
e

2023-04-21 19:18:23,625 Answer received: !yv
2023-04-21 19:18:23,625 Command to send: m
d
o58
e

2023-04-21 19:18:23,625 Answer received: !yv
2023-04-21 19:18:23,625 Command to send: m
d
o61
e

2023-04-21 19:18:23,625 Answer received: !yv
2023-04-21 19:18:23,638 Answer received: !yro63
2023-04-21 19:18:23,641 Command to send: c
o16
setCallSite
scollect at /home/ashwani/Documents/Ashwani/Arrow/engine/spark_engine.py:113
e

2023-04-21 19:18:23,641 Answer received: !yv
2023-04-21 19:18:23,641 Command to send: c
o63
collectToPython
e

2023-04-21 19:18:23,819 Answer received: !yto64
2023-04-21 19:18:23,820 Command to send: c
o16
setCallSite
n
e

2023-04-21 19:18:23,820 Answer received: !yv
2023-04-21 19:18:23,820 Command to send: a
e
o64
e

2023-04-21 19:18:23,820 Answer received: !yi3
2023-04-21 19:18:23,820 Command to send: a
g
o64
i0
e

2023-04-21 19:18:23,821 Answer received: !yi42111
2023-04-21 19:18:23,821 Command to send: a
e
o64
e

2023-04-21 19:18:23,821 Answer received: !yi3
2023-04-21 19:18:23,821 Command to send: a
g
o64
i1
e

2023-04-21 19:18:23,821 Answer received: !ys584bf3a3d7f912453aeb4e0e0c76b9c65aad6dce4a9983362189e6c1b9351600
2023-04-21 19:18:23,834 ################# completed for row 0 #################
