2023-04-21 19:37:02,365 Entered in main
2023-04-21 19:37:02,365 ################# calling for row 0 #################
2023-04-21 19:37:02,389 Command to send: r
u
SparkSession$
rj
e

2023-04-21 19:37:02,392 Answer received: !ycorg.apache.spark.sql.SparkSession$
2023-04-21 19:37:02,392 Command to send: r
m
org.apache.spark.sql.SparkSession$
MODULE$
e

2023-04-21 19:37:02,392 Answer received: !yro30
2023-04-21 19:37:02,393 Command to send: i
java.util.HashMap
e

2023-04-21 19:37:02,393 Answer received: !yao31
2023-04-21 19:37:02,393 Command to send: c
o31
put
sspark.master
slocal
e

2023-04-21 19:37:02,394 Answer received: !yn
2023-04-21 19:37:02,394 Command to send: c
o31
put
sspark.app.name
sMySQL Connector
e

2023-04-21 19:37:02,394 Answer received: !yn
2023-04-21 19:37:02,394 Command to send: c
o30
applyModifiableSettings
ro27
ro31
e

2023-04-21 19:37:02,395 Answer received: !yv
2023-04-21 19:37:02,398 Command to send: c
o27
read
e

2023-04-21 19:37:02,410 Answer received: !yro32
2023-04-21 19:37:02,411 Command to send: c
o32
format
sjdbc
e

2023-04-21 19:37:02,424 Answer received: !yro33
2023-04-21 19:37:02,424 Command to send: c
o33
option
surl
sjdbc:mysql://localhost:3306
e

2023-04-21 19:37:02,425 Answer received: !yro34
2023-04-21 19:37:02,426 Command to send: c
o34
option
squery
sSELECT * FROM training.users WHERE updated_at > '2023-04-21 19:17:28' 
e

2023-04-21 19:37:02,427 Answer received: !yro35
2023-04-21 19:37:02,427 Command to send: c
o35
option
suser
sashwani_kr
e

2023-04-21 19:37:02,427 Answer received: !yro36
2023-04-21 19:37:02,427 Command to send: c
o36
option
spassword
sash21may
e

2023-04-21 19:37:02,428 Answer received: !yro37
2023-04-21 19:37:02,428 Command to send: c
o37
load
e

2023-04-21 19:37:02,637 Command to send: m
d
o29
e

2023-04-21 19:37:02,637 Answer received: !yv
2023-04-21 19:37:02,637 Command to send: m
d
o31
e

2023-04-21 19:37:02,637 Answer received: !yv
2023-04-21 19:37:04,304 Answer received: !yro38
2023-04-21 19:37:04,305 Command to send: c
o38
showString
i20
i20
bFalse
e

2023-04-21 19:37:06,310 Answer received: !ys+---+-------------+-------------------+--------+------------------+---------+-------+----------+------+---------+---------+-------------+-------------------+\n| id|mobile_number|         created_at|platform|          email_id|device_id|   name|       dob|gender|  address|     city|           ip|         updated_at|\n+---+-------------+-------------------+--------+------------------+---------+-------+----------+------+---------+---------+-------------+-------------------+\n| 17|   4455555412|2023-04-21 14:40:23|     ios|  user4412@xyz.com|     D028|   Monu|1999-05-25|  male|bangaluru|bangaluru|192.168.21.21|2023-04-21 19:20:46|\n| 15|   8833442178|2023-04-19 12:20:06|     ios|   user223@xyz.com|  D006699|Manisha|1999-05-25|female|bangaluru|bangaluru|192.168.21.21|2023-04-21 19:21:15|\n| 14|   8866746332|2023-04-19 12:20:06|     ios|manish.kmr@xyz.com|     D023| Manish|1998-01-24|  male|   mumbai|   mumbai|192.168.23.54|2023-04-21 19:21:15|\n+---+-------------+-------------------+--------+------------------+---------+-------+----------+------+---------+---------+-------------+-------------------+\n
2023-04-21 19:37:06,311 Command to send: r
u
org
rj
e

2023-04-21 19:37:06,315 Answer received: !yp
2023-04-21 19:37:06,315 Command to send: r
u
org.apache
rj
e

2023-04-21 19:37:06,316 Answer received: !yp
2023-04-21 19:37:06,317 Command to send: r
u
org.apache.spark
rj
e

2023-04-21 19:37:06,318 Answer received: !yp
2023-04-21 19:37:06,318 Command to send: r
u
org.apache.spark.storage
rj
e

2023-04-21 19:37:06,319 Answer received: !yp
2023-04-21 19:37:06,319 Command to send: r
u
org.apache.spark.storage.StorageLevel
rj
e

2023-04-21 19:37:06,320 Answer received: !ycorg.apache.spark.storage.StorageLevel
2023-04-21 19:37:06,321 Command to send: i
org.apache.spark.storage.StorageLevel
bFalse
bTrue
bFalse
bFalse
i1
e

2023-04-21 19:37:06,323 Answer received: !yro39
2023-04-21 19:37:06,323 Command to send: c
o38
persist
ro39
e

2023-04-21 19:37:06,369 Answer received: !yro40
2023-04-21 19:37:06,370 Command to send: c
o38
count
e

2023-04-21 19:37:06,641 Command to send: m
d
o40
e

2023-04-21 19:37:06,641 Answer received: !yv
2023-04-21 19:37:06,975 Answer received: !yL3
2023-04-21 19:37:06,991 Command to send: c
o38
schema
e

2023-04-21 19:37:06,992 Answer received: !yro41
2023-04-21 19:37:06,992 Command to send: c
o41
json
e

2023-04-21 19:37:07,047 Answer received: !ys{"type":"struct","fields":[{"name":"id","type":"integer","nullable":true,"metadata":{"scale":0}},{"name":"mobile_number","type":"long","nullable":true,"metadata":{"scale":0}},{"name":"created_at","type":"timestamp","nullable":true,"metadata":{"scale":0}},{"name":"platform","type":"string","nullable":true,"metadata":{"scale":0}},{"name":"email_id","type":"string","nullable":true,"metadata":{"scale":0}},{"name":"device_id","type":"string","nullable":true,"metadata":{"scale":0}},{"name":"name","type":"string","nullable":true,"metadata":{"scale":0}},{"name":"dob","type":"date","nullable":true,"metadata":{"scale":0}},{"name":"gender","type":"string","nullable":true,"metadata":{"scale":0}},{"name":"address","type":"string","nullable":true,"metadata":{"scale":0}},{"name":"city","type":"string","nullable":true,"metadata":{"scale":0}},{"name":"ip","type":"string","nullable":true,"metadata":{"scale":0}},{"name":"updated_at","type":"timestamp","nullable":true,"metadata":{"scale":0}}]}
2023-04-21 19:37:07,056 Command to send: r
u
functions
rj
e

2023-04-21 19:37:07,062 Answer received: !ycorg.apache.spark.sql.functions
2023-04-21 19:37:07,062 Command to send: r
m
org.apache.spark.sql.functions
col
e

2023-04-21 19:37:07,067 Answer received: !ym
2023-04-21 19:37:07,067 Command to send: c
z:org.apache.spark.sql.functions
col
screated_at
e

2023-04-21 19:37:07,097 Answer received: !yro42
2023-04-21 19:37:07,097 Command to send: r
u
functions
rj
e

2023-04-21 19:37:07,099 Answer received: !ycorg.apache.spark.sql.functions
2023-04-21 19:37:07,099 Command to send: r
m
org.apache.spark.sql.functions
to_date
e

2023-04-21 19:37:07,100 Answer received: !ym
2023-04-21 19:37:07,101 Command to send: c
z:org.apache.spark.sql.functions
to_date
ro42
e

2023-04-21 19:37:07,103 Answer received: !yro43
2023-04-21 19:37:07,103 Command to send: c
o38
withColumn
spt_created_at
ro43
e

2023-04-21 19:37:07,130 Answer received: !yro44
2023-04-21 19:37:07,130 Command to send: c
o44
showString
i20
i20
bFalse
e

2023-04-21 19:37:07,367 Answer received: !ys+---+-------------+-------------------+--------+------------------+---------+-------+----------+------+---------+---------+-------------+-------------------+-------------+\n| id|mobile_number|         created_at|platform|          email_id|device_id|   name|       dob|gender|  address|     city|           ip|         updated_at|pt_created_at|\n+---+-------------+-------------------+--------+------------------+---------+-------+----------+------+---------+---------+-------------+-------------------+-------------+\n| 17|   4455555412|2023-04-21 14:40:23|     ios|  user4412@xyz.com|     D028|   Monu|1999-05-25|  male|bangaluru|bangaluru|192.168.21.21|2023-04-21 19:20:46|   2023-04-21|\n| 15|   8833442178|2023-04-19 12:20:06|     ios|   user223@xyz.com|  D006699|Manisha|1999-05-25|female|bangaluru|bangaluru|192.168.21.21|2023-04-21 19:21:15|   2023-04-19|\n| 14|   8866746332|2023-04-19 12:20:06|     ios|manish.kmr@xyz.com|     D023| Manish|1998-01-24|  male|   mumbai|   mumbai|192.168.23.54|2023-04-21 19:21:15|   2023-04-19|\n+---+-------------+-------------------+--------+------------------+---------+-------+----------+------+---------+---------+-------------+-------------------+-------------+\n
2023-04-21 19:37:07,367 Command to send: r
u
org
rj
e

2023-04-21 19:37:07,370 Answer received: !yp
2023-04-21 19:37:07,370 Command to send: r
u
org.apache
rj
e

2023-04-21 19:37:07,371 Answer received: !yp
2023-04-21 19:37:07,371 Command to send: r
u
org.apache.spark
rj
e

2023-04-21 19:37:07,372 Answer received: !yp
2023-04-21 19:37:07,372 Command to send: r
u
org.apache.spark.storage
rj
e

2023-04-21 19:37:07,373 Answer received: !yp
2023-04-21 19:37:07,373 Command to send: r
u
org.apache.spark.storage.StorageLevel
rj
e

2023-04-21 19:37:07,373 Answer received: !ycorg.apache.spark.storage.StorageLevel
2023-04-21 19:37:07,374 Command to send: i
org.apache.spark.storage.StorageLevel
bFalse
bTrue
bFalse
bFalse
i1
e

2023-04-21 19:37:07,374 Answer received: !yro45
2023-04-21 19:37:07,374 Command to send: c
o44
persist
ro45
e

2023-04-21 19:37:07,425 Answer received: !yro46
2023-04-21 19:37:07,425 Command to send: c
o44
count
e

2023-04-21 19:37:07,576 Answer received: !yL3
2023-04-21 19:37:07,593 Command to send: r
u
SparkSession$
rj
e

2023-04-21 19:37:07,595 Answer received: !ycorg.apache.spark.sql.SparkSession$
2023-04-21 19:37:07,595 Command to send: r
m
org.apache.spark.sql.SparkSession$
MODULE$
e

2023-04-21 19:37:07,595 Answer received: !yro47
2023-04-21 19:37:07,595 Command to send: i
java.util.HashMap
e

2023-04-21 19:37:07,596 Answer received: !yao48
2023-04-21 19:37:07,596 Command to send: c
o48
put
sspark.master
slocal
e

2023-04-21 19:37:07,596 Answer received: !yn
2023-04-21 19:37:07,596 Command to send: c
o48
put
sspark.app.name
sfilesystem conncector
e

2023-04-21 19:37:07,596 Answer received: !yn
2023-04-21 19:37:07,597 Command to send: c
o47
applyModifiableSettings
ro27
ro48
e

2023-04-21 19:37:07,597 Answer received: !yv
2023-04-21 19:37:07,597 Command to send: r
u
functions
rj
e

2023-04-21 19:37:07,602 Answer received: !ycorg.apache.spark.sql.functions
2023-04-21 19:37:07,602 Command to send: r
m
org.apache.spark.sql.functions
col
e

2023-04-21 19:37:07,603 Answer received: !ym
2023-04-21 19:37:07,604 Command to send: c
z:org.apache.spark.sql.functions
col
spt_created_at
e

2023-04-21 19:37:07,605 Answer received: !yro49
2023-04-21 19:37:07,605 Command to send: r
u
PythonUtils
rj
e

2023-04-21 19:37:07,607 Answer received: !ycorg.apache.spark.api.python.PythonUtils
2023-04-21 19:37:07,607 Command to send: r
m
org.apache.spark.api.python.PythonUtils
toSeq
e

2023-04-21 19:37:07,608 Answer received: !ym
2023-04-21 19:37:07,608 Command to send: i
java.util.ArrayList
e

2023-04-21 19:37:07,608 Answer received: !ylo50
2023-04-21 19:37:07,608 Command to send: c
o50
add
ro49
e

2023-04-21 19:37:07,609 Answer received: !ybtrue
2023-04-21 19:37:07,609 Command to send: c
z:org.apache.spark.api.python.PythonUtils
toSeq
ro50
e

2023-04-21 19:37:07,609 Answer received: !yro51
2023-04-21 19:37:07,610 Command to send: c
o44
select
ro51
e

2023-04-21 19:37:07,620 Answer received: !yro52
2023-04-21 19:37:07,621 Command to send: c
o52
distinct
e

2023-04-21 19:37:07,628 Answer received: !yro53
2023-04-21 19:37:07,629 Command to send: c
o53
showString
i20
i20
bFalse
e

2023-04-21 19:37:07,642 Command to send: m
d
o28
e

2023-04-21 19:37:07,643 Answer received: !yv
2023-04-21 19:37:07,643 Command to send: m
d
o30
e

2023-04-21 19:37:07,643 Answer received: !yv
2023-04-21 19:37:07,643 Command to send: m
d
o32
e

2023-04-21 19:37:07,643 Answer received: !yv
2023-04-21 19:37:07,643 Command to send: m
d
o33
e

2023-04-21 19:37:07,644 Answer received: !yv
2023-04-21 19:37:07,644 Command to send: m
d
o34
e

2023-04-21 19:37:07,644 Answer received: !yv
2023-04-21 19:37:07,644 Command to send: m
d
o35
e

2023-04-21 19:37:07,644 Answer received: !yv
2023-04-21 19:37:07,645 Command to send: m
d
o36
e

2023-04-21 19:37:07,645 Answer received: !yv
2023-04-21 19:37:07,645 Command to send: m
d
o37
e

2023-04-21 19:37:07,645 Answer received: !yv
2023-04-21 19:37:07,645 Command to send: m
d
o39
e

2023-04-21 19:37:07,646 Answer received: !yv
2023-04-21 19:37:07,646 Command to send: m
d
o41
e

2023-04-21 19:37:07,646 Answer received: !yv
2023-04-21 19:37:07,646 Command to send: m
d
o46
e

2023-04-21 19:37:07,646 Answer received: !yv
2023-04-21 19:37:07,647 Command to send: m
d
o48
e

2023-04-21 19:37:07,647 Answer received: !yv
2023-04-21 19:37:07,647 Command to send: m
d
o50
e

2023-04-21 19:37:07,647 Answer received: !yv
2023-04-21 19:37:07,997 Answer received: !ys+-------------+\n|pt_created_at|\n+-------------+\n|   2023-04-21|\n|   2023-04-19|\n+-------------+\n
2023-04-21 19:37:07,997 Command to send: c
o53
schema
e

2023-04-21 19:37:07,998 Answer received: !yro54
2023-04-21 19:37:07,998 Command to send: c
o54
json
e

2023-04-21 19:37:07,999 Answer received: !ys{"type":"struct","fields":[{"name":"pt_created_at","type":"date","nullable":true,"metadata":{}}]}
2023-04-21 19:37:08,002 Command to send: c
o16
setCallSite
scollect at /home/ashwani/Documents/Ashwani/Arrow/connector/filesystem_connector.py:56
e

2023-04-21 19:37:08,002 Answer received: !yv
2023-04-21 19:37:08,002 Command to send: c
o53
collectToPython
e

2023-04-21 19:37:08,267 Answer received: !yto55
2023-04-21 19:37:08,268 Command to send: c
o16
setCallSite
n
e

2023-04-21 19:37:08,269 Answer received: !yv
2023-04-21 19:37:08,269 Command to send: a
e
o55
e

2023-04-21 19:37:08,269 Answer received: !yi3
2023-04-21 19:37:08,269 Command to send: a
g
o55
i0
e

2023-04-21 19:37:08,269 Answer received: !yi40159
2023-04-21 19:37:08,270 Command to send: a
e
o55
e

2023-04-21 19:37:08,270 Answer received: !yi3
2023-04-21 19:37:08,270 Command to send: a
g
o55
i1
e

2023-04-21 19:37:08,270 Answer received: !ys2ef336cac59aefbd1294897cdb1de4cae280727bec8340ba1af02554f8e44965
2023-04-21 19:37:08,278 Command to send: c
o27
read
e

2023-04-21 19:37:08,279 Answer received: !yro56
2023-04-21 19:37:08,279 Command to send: c
o56
option
sheader
strue
e

2023-04-21 19:37:08,280 Answer received: !yro57
2023-04-21 19:37:08,280 Command to send: c
o57
option
sinferSchema
strue
e

2023-04-21 19:37:08,280 Answer received: !yro58
2023-04-21 19:37:08,280 Command to send: c
o58
format
scsv
e

2023-04-21 19:37:08,281 Answer received: !yro59
2023-04-21 19:37:08,281 Command to send: r
u
PythonUtils
rj
e

2023-04-21 19:37:08,282 Answer received: !ycorg.apache.spark.api.python.PythonUtils
2023-04-21 19:37:08,282 Command to send: r
m
org.apache.spark.api.python.PythonUtils
toSeq
e

2023-04-21 19:37:08,282 Answer received: !ym
2023-04-21 19:37:08,283 Command to send: i
java.util.ArrayList
e

2023-04-21 19:37:08,283 Answer received: !ylo60
2023-04-21 19:37:08,283 Command to send: c
o60
add
sfile:///home/ashwani/Documents/Ashwani/Arrow/dwh/users/t_training/t_users_info/pt_created_at=2023-04-21/*
e

2023-04-21 19:37:08,283 Answer received: !ybtrue
2023-04-21 19:37:08,283 Command to send: c
o60
add
sfile:///home/ashwani/Documents/Ashwani/Arrow/dwh/users/t_training/t_users_info/pt_created_at=2023-04-19/*
e

2023-04-21 19:37:08,284 Answer received: !ybtrue
2023-04-21 19:37:08,284 Command to send: c
z:org.apache.spark.api.python.PythonUtils
toSeq
ro60
e

2023-04-21 19:37:08,284 Answer received: !yro61
2023-04-21 19:37:08,284 Command to send: c
o59
load
ro61
e

2023-04-21 19:37:08,648 Command to send: m
d
o55
e

2023-04-21 19:37:08,648 Answer received: !yv
2023-04-21 19:37:08,648 Command to send: m
d
o60
e

2023-04-21 19:37:08,648 Answer received: !yv
2023-04-21 19:37:09,053 Answer received: !yro62
2023-04-21 19:37:09,053 Command to send: r
u
functions
rj
e

2023-04-21 19:37:09,055 Answer received: !ycorg.apache.spark.sql.functions
2023-04-21 19:37:09,056 Command to send: r
m
org.apache.spark.sql.functions
col
e

2023-04-21 19:37:09,056 Answer received: !ym
2023-04-21 19:37:09,056 Command to send: c
z:org.apache.spark.sql.functions
col
screated_at
e

2023-04-21 19:37:09,056 Answer received: !yro63
2023-04-21 19:37:09,057 Command to send: r
u
functions
rj
e

2023-04-21 19:37:09,058 Answer received: !ycorg.apache.spark.sql.functions
2023-04-21 19:37:09,058 Command to send: r
m
org.apache.spark.sql.functions
to_date
e

2023-04-21 19:37:09,058 Answer received: !ym
2023-04-21 19:37:09,058 Command to send: c
z:org.apache.spark.sql.functions
to_date
ro63
e

2023-04-21 19:37:09,059 Answer received: !yro64
2023-04-21 19:37:09,059 Command to send: c
o62
withColumn
spt_created_at
ro64
e

2023-04-21 19:37:09,075 Answer received: !yro65
2023-04-21 19:37:09,075 Command to send: c
o44
createOrReplaceTempView
stm_users
e

2023-04-21 19:37:09,121 Answer received: !yv
2023-04-21 19:37:09,122 Command to send: c
o62
createOrReplaceTempView
stm_t_users_info
e

2023-04-21 19:37:09,130 Answer received: !yv
2023-04-21 19:37:09,130 Command to send: c
o27
sql
sSELECT * FROM tm_users
e

2023-04-21 19:37:09,195 Answer received: !yro66
2023-04-21 19:37:09,195 Command to send: c
o66
showString
i20
i20
bFalse
e

2023-04-21 19:37:09,311 Answer received: !ys+---+-------------+-------------------+--------+------------------+---------+-------+----------+------+---------+---------+-------------+-------------------+-------------+\n| id|mobile_number|         created_at|platform|          email_id|device_id|   name|       dob|gender|  address|     city|           ip|         updated_at|pt_created_at|\n+---+-------------+-------------------+--------+------------------+---------+-------+----------+------+---------+---------+-------------+-------------------+-------------+\n| 17|   4455555412|2023-04-21 14:40:23|     ios|  user4412@xyz.com|     D028|   Monu|1999-05-25|  male|bangaluru|bangaluru|192.168.21.21|2023-04-21 19:20:46|   2023-04-21|\n| 15|   8833442178|2023-04-19 12:20:06|     ios|   user223@xyz.com|  D006699|Manisha|1999-05-25|female|bangaluru|bangaluru|192.168.21.21|2023-04-21 19:21:15|   2023-04-19|\n| 14|   8866746332|2023-04-19 12:20:06|     ios|manish.kmr@xyz.com|     D023| Manish|1998-01-24|  male|   mumbai|   mumbai|192.168.23.54|2023-04-21 19:21:15|   2023-04-19|\n+---+-------------+-------------------+--------+------------------+---------+-------+----------+------+---------+---------+-------------+-------------------+-------------+\n
2023-04-21 19:37:09,311 Command to send: c
o27
sql
sSELECT * FROM tm_t_users_info
e

2023-04-21 19:37:09,327 Answer received: !yro67
2023-04-21 19:37:09,328 Command to send: c
o67
showString
i20
i20
bFalse
e

2023-04-21 19:37:09,571 Answer received: !ys+---+-------------+-------------------+--------+---------------+---------+-------+-------------------+------+---------+---------+-------------+-------------------+\n| id|mobile_number|         created_at|platform|       email_id|device_id|   name|                dob|gender|  address|     city|           ip|         updated_at|\n+---+-------------+-------------------+--------+---------------+---------+-------+-------------------+------+---------+---------+-------------+-------------------+\n| 15|   8833442178|2023-04-19 12:20:06|     ios|user223@xyz.com|     D024|Manisha|1999-05-25 00:00:00|female|bangaluru|bangaluru|192.168.21.21|2023-04-21 19:16:13|\n| 14|   8866746332|2023-04-19 12:20:06|     ios|user334@xyz.com|     D023| Manish|1998-01-24 00:00:00|  male|   mumbai|   mumbai|192.168.23.54|2023-04-21 19:16:13|\n| 12|   9326456791|2023-04-19 12:01:39|     ios|user002@xyz.com|     D002|   Siri|1999-05-22 00:00:00|female|   mumbai|   mumbai|192.168.21.22|2023-04-20 10:03:19|\n| 13|   9647315893|2023-04-19 12:14:08|      pc|user003@xyz.com|DVID99999| Ashish|1997-02-01 00:00:00|  male|bangaluru|bangaluru|192.168.23.67|2023-04-20 10:03:19|\n| 16|   4455778636|2023-04-21 14:40:23| android|user884@xyz.com|     D026|   Sonu|1998-01-24 00:00:00|  male|   mumbai|   mumbai|192.168.23.54|2023-04-21 19:17:28|\n+---+-------------+-------------------+--------+---------------+---------+-------+-------------------+------+---------+---------+-------------+-------------------+\n
2023-04-21 19:37:09,571 Command to send: c
o27
sql
s(SELECT t.* FROM tm_t_users_info t LEFT JOIN tm_users s ON t.id = s.id WHERE s.id is NULL) UNION (SELECT * FROM tm_t_users_info)
e

2023-04-21 19:37:09,650 Command to send: m
d
o65
e

2023-04-21 19:37:09,650 Answer received: !yv
2023-04-21 19:37:09,663 Answer received: !yro68
2023-04-21 19:37:09,664 Command to send: c
o68
showString
i20
i20
bFalse
e

2023-04-21 19:37:10,318 Answer received: !ys+---+-------------+-------------------+--------+---------------+---------+-------+-------------------+------+---------+---------+-------------+-------------------+\n| id|mobile_number|         created_at|platform|       email_id|device_id|   name|                dob|gender|  address|     city|           ip|         updated_at|\n+---+-------------+-------------------+--------+---------------+---------+-------+-------------------+------+---------+---------+-------------+-------------------+\n| 16|   4455778636|2023-04-21 14:40:23| android|user884@xyz.com|     D026|   Sonu|1998-01-24 00:00:00|  male|   mumbai|   mumbai|192.168.23.54|2023-04-21 19:17:28|\n| 12|   9326456791|2023-04-19 12:01:39|     ios|user002@xyz.com|     D002|   Siri|1999-05-22 00:00:00|female|   mumbai|   mumbai|192.168.21.22|2023-04-20 10:03:19|\n| 13|   9647315893|2023-04-19 12:14:08|      pc|user003@xyz.com|DVID99999| Ashish|1997-02-01 00:00:00|  male|bangaluru|bangaluru|192.168.23.67|2023-04-20 10:03:19|\n| 14|   8866746332|2023-04-19 12:20:06|     ios|user334@xyz.com|     D023| Manish|1998-01-24 00:00:00|  male|   mumbai|   mumbai|192.168.23.54|2023-04-21 19:16:13|\n| 15|   8833442178|2023-04-19 12:20:06|     ios|user223@xyz.com|     D024|Manisha|1999-05-25 00:00:00|female|bangaluru|bangaluru|192.168.21.21|2023-04-21 19:16:13|\n+---+-------------+-------------------+--------+---------------+---------+-------+-------------------+------+---------+---------+-------------+-------------------+\n
2023-04-21 19:37:10,318 local variable 'res' referenced before assignment
2023-04-21 19:37:10,318 ################# completed for row 0 #################
