2023-04-29 21:00:18,865 Entered in main
2023-04-29 21:00:18,865 ################# calling for row 0 #################
2023-04-29 21:00:18,899 Command to send: r
u
SparkSession$
rj
e

2023-04-29 21:00:18,905 Answer received: !ycorg.apache.spark.sql.SparkSession$
2023-04-29 21:00:18,906 Command to send: r
m
org.apache.spark.sql.SparkSession$
MODULE$
e

2023-04-29 21:00:18,906 Answer received: !yro31
2023-04-29 21:00:18,907 Command to send: i
java.util.HashMap
e

2023-04-29 21:00:18,908 Answer received: !yao32
2023-04-29 21:00:18,908 Command to send: c
o32
put
sspark.master
slocal
e

2023-04-29 21:00:18,909 Answer received: !yn
2023-04-29 21:00:18,909 Command to send: c
o32
put
sspark.app.name
sMySQL Connector
e

2023-04-29 21:00:18,910 Answer received: !yn
2023-04-29 21:00:18,911 Command to send: c
o31
applyModifiableSettings
ro27
ro32
e

2023-04-29 21:00:18,913 Answer received: !yv
2023-04-29 21:00:18,919 Command to send: c
o27
read
e

2023-04-29 21:00:18,929 Answer received: !yro33
2023-04-29 21:00:18,930 Command to send: c
o33
format
sjdbc
e

2023-04-29 21:00:18,942 Answer received: !yro34
2023-04-29 21:00:18,943 Command to send: c
o34
option
surl
sjdbc:mysql://localhost:3306
e

2023-04-29 21:00:18,944 Answer received: !yro35
2023-04-29 21:00:18,944 Command to send: c
o35
option
squery
sSELECT * FROM training.users WHERE updated_at > '2023-04-21 19:21:15' 
e

2023-04-29 21:00:18,945 Answer received: !yro36
2023-04-29 21:00:18,945 Command to send: c
o36
option
suser
sashwani_kr
e

2023-04-29 21:00:18,946 Answer received: !yro37
2023-04-29 21:00:18,946 Command to send: c
o37
option
spassword
sash21may
e

2023-04-29 21:00:18,947 Answer received: !yro38
2023-04-29 21:00:18,947 Command to send: c
o38
load
e

2023-04-29 21:00:19,104 Command to send: m
d
o0
e

2023-04-29 21:00:19,104 Answer received: !yv
2023-04-29 21:00:19,104 Command to send: m
d
o6
e

2023-04-29 21:00:19,104 Answer received: !yv
2023-04-29 21:00:19,104 Command to send: m
d
o7
e

2023-04-29 21:00:19,104 Answer received: !yv
2023-04-29 21:00:19,105 Command to send: m
d
o8
e

2023-04-29 21:00:19,105 Answer received: !yv
2023-04-29 21:00:19,105 Command to send: m
d
o9
e

2023-04-29 21:00:19,105 Answer received: !yv
2023-04-29 21:00:19,105 Command to send: m
d
o10
e

2023-04-29 21:00:19,105 Answer received: !yv
2023-04-29 21:00:19,105 Command to send: m
d
o11
e

2023-04-29 21:00:19,106 Answer received: !yv
2023-04-29 21:00:19,106 Command to send: m
d
o12
e

2023-04-29 21:00:19,107 Answer received: !yv
2023-04-29 21:00:19,107 Command to send: m
d
o13
e

2023-04-29 21:00:19,108 Answer received: !yv
2023-04-29 21:00:19,108 Command to send: m
d
o14
e

2023-04-29 21:00:19,109 Answer received: !yv
2023-04-29 21:00:19,109 Command to send: m
d
o15
e

2023-04-29 21:00:19,109 Answer received: !yv
2023-04-29 21:00:19,109 Command to send: m
d
o17
e

2023-04-29 21:00:19,110 Answer received: !yv
2023-04-29 21:00:19,110 Command to send: m
d
o20
e

2023-04-29 21:00:19,110 Answer received: !yv
2023-04-29 21:00:19,110 Command to send: m
d
o21
e

2023-04-29 21:00:19,110 Answer received: !yv
2023-04-29 21:00:19,110 Command to send: m
d
o22
e

2023-04-29 21:00:19,110 Answer received: !yv
2023-04-29 21:00:19,110 Command to send: m
d
o23
e

2023-04-29 21:00:19,110 Answer received: !yv
2023-04-29 21:00:19,110 Command to send: m
d
o24
e

2023-04-29 21:00:19,111 Answer received: !yv
2023-04-29 21:00:19,111 Command to send: m
d
o25
e

2023-04-29 21:00:19,111 Answer received: !yv
2023-04-29 21:00:19,111 Command to send: m
d
o30
e

2023-04-29 21:00:19,111 Answer received: !yv
2023-04-29 21:00:19,111 Command to send: m
d
o32
e

2023-04-29 21:00:19,111 Answer received: !yv
2023-04-29 21:00:20,916 Answer received: !yro39
2023-04-29 21:00:20,917 Command to send: c
o39
showString
i20
i20
bFalse
e

2023-04-29 21:00:22,958 Answer received: !ys+---+-------------+-------------------+--------+-----------------+----------+------+----------+------+---------+---------+-------------+-------------------+\n| id|mobile_number|         created_at|platform|         email_id| device_id|  name|       dob|gender|  address|     city|           ip|         updated_at|\n+---+-------------+-------------------+--------+-----------------+----------+------+----------+------+---------+---------+-------------+-------------------+\n|  6|   8741036520|2023-04-07 11:35:50|     ios|ojas123@gmail.com|DVID687351|  Ojas|1998-08-11|  male|    delhi|    delhi|192.168.13.11|2023-04-28 14:23:13|\n| 18|   9845633743|2023-04-27 14:40:23| android|   user44@xyz.com|      D027|Jadeja|1998-01-24|  male|   mumbai|   mumbai|192.168.23.54|2023-04-28 13:26:36|\n| 19|   9943225742|2023-04-28 14:40:23|     ios|   user43@xyz.com|      D029| Dubey|1999-05-25|  male|bangaluru|bangaluru|192.168.21.21|2023-04-28 13:26:36|\n+---+-------------+-------------------+--------+-----------------+----------+------+----------+------+---------+---------+-------------+-------------------+\n
2023-04-29 21:00:22,959 Command to send: r
u
org
rj
e

2023-04-29 21:00:22,962 Answer received: !yp
2023-04-29 21:00:22,963 Command to send: r
u
org.apache
rj
e

2023-04-29 21:00:22,964 Answer received: !yp
2023-04-29 21:00:22,964 Command to send: r
u
org.apache.spark
rj
e

2023-04-29 21:00:22,965 Answer received: !yp
2023-04-29 21:00:22,965 Command to send: r
u
org.apache.spark.storage
rj
e

2023-04-29 21:00:22,966 Answer received: !yp
2023-04-29 21:00:22,966 Command to send: r
u
org.apache.spark.storage.StorageLevel
rj
e

2023-04-29 21:00:22,967 Answer received: !ycorg.apache.spark.storage.StorageLevel
2023-04-29 21:00:22,968 Command to send: i
org.apache.spark.storage.StorageLevel
bFalse
bTrue
bFalse
bFalse
i1
e

2023-04-29 21:00:22,968 Answer received: !yro40
2023-04-29 21:00:22,968 Command to send: c
o39
persist
ro40
e

2023-04-29 21:00:23,026 Answer received: !yro41
2023-04-29 21:00:23,026 Command to send: c
o39
count
e

2023-04-29 21:00:23,114 Command to send: m
d
o41
e

2023-04-29 21:00:23,115 Answer received: !yv
2023-04-29 21:00:23,659 Answer received: !yL3
2023-04-29 21:00:23,675 Command to send: c
o39
schema
e

2023-04-29 21:00:23,677 Answer received: !yro42
2023-04-29 21:00:23,677 Command to send: c
o42
json
e

2023-04-29 21:00:23,745 Answer received: !ys{"type":"struct","fields":[{"name":"id","type":"integer","nullable":true,"metadata":{"scale":0}},{"name":"mobile_number","type":"long","nullable":true,"metadata":{"scale":0}},{"name":"created_at","type":"timestamp","nullable":true,"metadata":{"scale":0}},{"name":"platform","type":"string","nullable":true,"metadata":{"scale":0}},{"name":"email_id","type":"string","nullable":true,"metadata":{"scale":0}},{"name":"device_id","type":"string","nullable":true,"metadata":{"scale":0}},{"name":"name","type":"string","nullable":true,"metadata":{"scale":0}},{"name":"dob","type":"date","nullable":true,"metadata":{"scale":0}},{"name":"gender","type":"string","nullable":true,"metadata":{"scale":0}},{"name":"address","type":"string","nullable":true,"metadata":{"scale":0}},{"name":"city","type":"string","nullable":true,"metadata":{"scale":0}},{"name":"ip","type":"string","nullable":true,"metadata":{"scale":0}},{"name":"updated_at","type":"timestamp","nullable":true,"metadata":{"scale":0}}]}
2023-04-29 21:00:23,755 Command to send: r
u
functions
rj
e

2023-04-29 21:00:23,766 Answer received: !ycorg.apache.spark.sql.functions
2023-04-29 21:00:23,766 Command to send: r
m
org.apache.spark.sql.functions
col
e

2023-04-29 21:00:23,776 Answer received: !ym
2023-04-29 21:00:23,777 Command to send: c
z:org.apache.spark.sql.functions
col
screated_at
e

2023-04-29 21:00:23,818 Answer received: !yro43
2023-04-29 21:00:23,818 Command to send: r
u
functions
rj
e

2023-04-29 21:00:23,822 Answer received: !ycorg.apache.spark.sql.functions
2023-04-29 21:00:23,822 Command to send: r
m
org.apache.spark.sql.functions
to_date
e

2023-04-29 21:00:23,822 Answer received: !ym
2023-04-29 21:00:23,823 Command to send: c
z:org.apache.spark.sql.functions
to_date
ro43
e

2023-04-29 21:00:23,824 Answer received: !yro44
2023-04-29 21:00:23,824 Command to send: c
o39
withColumn
spt_created_at
ro44
e

2023-04-29 21:00:23,853 Answer received: !yro45
2023-04-29 21:00:23,854 Command to send: c
o45
showString
i20
i20
bFalse
e

2023-04-29 21:00:24,110 Answer received: !ys+---+-------------+-------------------+--------+-----------------+----------+------+----------+------+---------+---------+-------------+-------------------+-------------+\n| id|mobile_number|         created_at|platform|         email_id| device_id|  name|       dob|gender|  address|     city|           ip|         updated_at|pt_created_at|\n+---+-------------+-------------------+--------+-----------------+----------+------+----------+------+---------+---------+-------------+-------------------+-------------+\n|  6|   8741036520|2023-04-07 11:35:50|     ios|ojas123@gmail.com|DVID687351|  Ojas|1998-08-11|  male|    delhi|    delhi|192.168.13.11|2023-04-28 14:23:13|   2023-04-07|\n| 18|   9845633743|2023-04-27 14:40:23| android|   user44@xyz.com|      D027|Jadeja|1998-01-24|  male|   mumbai|   mumbai|192.168.23.54|2023-04-28 13:26:36|   2023-04-27|\n| 19|   9943225742|2023-04-28 14:40:23|     ios|   user43@xyz.com|      D029| Dubey|1999-05-25|  male|bangaluru|bangaluru|192.168.21.21|2023-04-28 13:26:36|   2023-04-28|\n+---+-------------+-------------------+--------+-----------------+----------+------+----------+------+---------+---------+-------------+-------------------+-------------+\n
2023-04-29 21:00:24,110 Command to send: r
u
org
rj
e

2023-04-29 21:00:24,112 Answer received: !yp
2023-04-29 21:00:24,113 Command to send: r
u
org.apache
rj
e

2023-04-29 21:00:24,114 Answer received: !yp
2023-04-29 21:00:24,114 Command to send: r
u
org.apache.spark
rj
e

2023-04-29 21:00:24,115 Answer received: !yp
2023-04-29 21:00:24,115 Command to send: r
u
org.apache.spark.storage
rj
e

2023-04-29 21:00:24,115 Answer received: !yp
2023-04-29 21:00:24,115 Command to send: r
u
org.apache.spark.storage.StorageLevel
rj
e

2023-04-29 21:00:24,116 Answer received: !ycorg.apache.spark.storage.StorageLevel
2023-04-29 21:00:24,116 Command to send: i
org.apache.spark.storage.StorageLevel
bFalse
bTrue
bFalse
bFalse
i1
e

2023-04-29 21:00:24,116 Command to send: m
d
o29
e

2023-04-29 21:00:24,116 Answer received: !yro46
2023-04-29 21:00:24,116 Answer received: !yv
2023-04-29 21:00:24,116 Command to send: c
o45
persist
ro46
e

2023-04-29 21:00:24,117 Command to send: m
d
o31
e

2023-04-29 21:00:24,117 Answer received: !yv
2023-04-29 21:00:24,117 Command to send: m
d
o33
e

2023-04-29 21:00:24,117 Answer received: !yv
2023-04-29 21:00:24,117 Command to send: m
d
o34
e

2023-04-29 21:00:24,117 Answer received: !yv
2023-04-29 21:00:24,117 Command to send: m
d
o35
e

2023-04-29 21:00:24,118 Answer received: !yv
2023-04-29 21:00:24,118 Command to send: m
d
o36
e

2023-04-29 21:00:24,118 Answer received: !yv
2023-04-29 21:00:24,118 Command to send: m
d
o37
e

2023-04-29 21:00:24,118 Answer received: !yv
2023-04-29 21:00:24,118 Command to send: m
d
o38
e

2023-04-29 21:00:24,118 Answer received: !yv
2023-04-29 21:00:24,118 Command to send: m
d
o40
e

2023-04-29 21:00:24,118 Answer received: !yv
2023-04-29 21:00:24,119 Command to send: m
d
o42
e

2023-04-29 21:00:24,119 Answer received: !yv
2023-04-29 21:00:24,174 Answer received: !yro47
2023-04-29 21:00:24,175 Command to send: c
o45
count
e

2023-04-29 21:00:24,339 Answer received: !yL3
2023-04-29 21:00:24,348 Command to send: r
u
SparkSession$
rj
e

2023-04-29 21:00:24,351 Answer received: !ycorg.apache.spark.sql.SparkSession$
2023-04-29 21:00:24,351 Command to send: r
m
org.apache.spark.sql.SparkSession$
MODULE$
e

2023-04-29 21:00:24,351 Answer received: !yro48
2023-04-29 21:00:24,352 Command to send: i
java.util.HashMap
e

2023-04-29 21:00:24,352 Answer received: !yao49
2023-04-29 21:00:24,353 Command to send: c
o49
put
sspark.master
slocal
e

2023-04-29 21:00:24,353 Answer received: !yn
2023-04-29 21:00:24,354 Command to send: c
o49
put
sspark.app.name
sfilesystem conncector
e

2023-04-29 21:00:24,354 Answer received: !yn
2023-04-29 21:00:24,354 Command to send: c
o48
applyModifiableSettings
ro27
ro49
e

2023-04-29 21:00:24,356 Answer received: !yv
2023-04-29 21:00:24,356 Command to send: c
o28
set
sspark.sql.files.ignoreMissingFiles
strue
e

2023-04-29 21:00:24,357 Answer received: !yv
2023-04-29 21:00:24,357 Command to send: r
u
functions
rj
e

2023-04-29 21:00:24,359 Answer received: !ycorg.apache.spark.sql.functions
2023-04-29 21:00:24,360 Command to send: r
m
org.apache.spark.sql.functions
col
e

2023-04-29 21:00:24,360 Answer received: !ym
2023-04-29 21:00:24,360 Command to send: c
z:org.apache.spark.sql.functions
col
spt_created_at
e

2023-04-29 21:00:24,360 Answer received: !yro50
2023-04-29 21:00:24,361 Command to send: r
u
PythonUtils
rj
e

2023-04-29 21:00:24,362 Answer received: !ycorg.apache.spark.api.python.PythonUtils
2023-04-29 21:00:24,363 Command to send: r
m
org.apache.spark.api.python.PythonUtils
toSeq
e

2023-04-29 21:00:24,364 Answer received: !ym
2023-04-29 21:00:24,365 Command to send: i
java.util.ArrayList
e

2023-04-29 21:00:24,366 Answer received: !ylo51
2023-04-29 21:00:24,366 Command to send: c
o51
add
ro50
e

2023-04-29 21:00:24,367 Answer received: !ybtrue
2023-04-29 21:00:24,367 Command to send: c
z:org.apache.spark.api.python.PythonUtils
toSeq
ro51
e

2023-04-29 21:00:24,368 Answer received: !yro52
2023-04-29 21:00:24,368 Command to send: c
o45
select
ro52
e

2023-04-29 21:00:24,378 Answer received: !yro53
2023-04-29 21:00:24,378 Command to send: c
o53
distinct
e

2023-04-29 21:00:24,389 Answer received: !yro54
2023-04-29 21:00:24,390 Command to send: c
o54
showString
i20
i20
bFalse
e

2023-04-29 21:00:24,821 Answer received: !ys+-------------+\n|pt_created_at|\n+-------------+\n|   2023-04-28|\n|   2023-04-27|\n|   2023-04-07|\n+-------------+\n
2023-04-29 21:00:24,822 Command to send: c
o54
schema
e

2023-04-29 21:00:24,822 Answer received: !yro55
2023-04-29 21:00:24,822 Command to send: c
o55
json
e

2023-04-29 21:00:24,823 Answer received: !ys{"type":"struct","fields":[{"name":"pt_created_at","type":"date","nullable":true,"metadata":{}}]}
2023-04-29 21:00:24,825 Command to send: c
o16
setCallSite
scollect at /home/ashwani/Documents/Ashwani/Arrow/connector/filesystem_connector.py:56
e

2023-04-29 21:00:24,826 Answer received: !yv
2023-04-29 21:00:24,826 Command to send: c
o54
collectToPython
e

2023-04-29 21:00:25,043 Answer received: !yto56
2023-04-29 21:00:25,044 Command to send: c
o16
setCallSite
n
e

2023-04-29 21:00:25,044 Answer received: !yv
2023-04-29 21:00:25,045 Command to send: a
e
o56
e

2023-04-29 21:00:25,045 Answer received: !yi3
2023-04-29 21:00:25,045 Command to send: a
g
o56
i0
e

2023-04-29 21:00:25,045 Answer received: !yi46283
2023-04-29 21:00:25,045 Command to send: a
e
o56
e

2023-04-29 21:00:25,045 Answer received: !yi3
2023-04-29 21:00:25,046 Command to send: a
g
o56
i1
e

2023-04-29 21:00:25,046 Answer received: !ys4dbfa340a0977347e5140ba4f941814b4cfc9049c7a696f909577ab463e273d1
2023-04-29 21:00:25,053 Command to send: c
o27
read
e

2023-04-29 21:00:25,054 Answer received: !yro57
2023-04-29 21:00:25,054 Command to send: c
o57
option
sheader
strue
e

2023-04-29 21:00:25,054 Answer received: !yro58
2023-04-29 21:00:25,055 Command to send: c
o58
option
sinferSchema
strue
e

2023-04-29 21:00:25,055 Answer received: !yro59
2023-04-29 21:00:25,055 Command to send: c
o59
format
scsv
e

2023-04-29 21:00:25,055 Answer received: !yro60
2023-04-29 21:00:25,055 Command to send: r
u
PythonUtils
rj
e

2023-04-29 21:00:25,057 Answer received: !ycorg.apache.spark.api.python.PythonUtils
2023-04-29 21:00:25,057 Command to send: r
m
org.apache.spark.api.python.PythonUtils
toSeq
e

2023-04-29 21:00:25,057 Answer received: !ym
2023-04-29 21:00:25,058 Command to send: i
java.util.ArrayList
e

2023-04-29 21:00:25,058 Answer received: !ylo61
2023-04-29 21:00:25,058 Command to send: c
o61
add
sfile:///home/ashwani/Documents/Ashwani/Arrow/dwh/users/t_training/t_users_info/pt_created_at=2023-04-28/*
e

2023-04-29 21:00:25,058 Answer received: !ybtrue
2023-04-29 21:00:25,058 Command to send: c
o61
add
sfile:///home/ashwani/Documents/Ashwani/Arrow/dwh/users/t_training/t_users_info/pt_created_at=2023-04-27/*
e

2023-04-29 21:00:25,059 Answer received: !ybtrue
2023-04-29 21:00:25,059 Command to send: c
o61
add
sfile:///home/ashwani/Documents/Ashwani/Arrow/dwh/users/t_training/t_users_info/pt_created_at=2023-04-07/*
e

2023-04-29 21:00:25,059 Answer received: !ybtrue
2023-04-29 21:00:25,059 Command to send: c
z:org.apache.spark.api.python.PythonUtils
toSeq
ro61
e

2023-04-29 21:00:25,059 Answer received: !yro62
2023-04-29 21:00:25,059 Command to send: c
o60
load
ro62
e

2023-04-29 21:00:25,119 Command to send: m
d
o47
e

2023-04-29 21:00:25,120 Answer received: !yv
2023-04-29 21:00:25,120 Command to send: m
d
o49
e

2023-04-29 21:00:25,120 Answer received: !yv
2023-04-29 21:00:25,120 Command to send: m
d
o51
e

2023-04-29 21:00:25,120 Answer received: !yv
2023-04-29 21:00:25,120 Command to send: m
d
o56
e

2023-04-29 21:00:25,121 Answer received: !yv
2023-04-29 21:00:25,121 Command to send: m
d
o61
e

2023-04-29 21:00:25,121 Answer received: !yv
2023-04-29 21:00:25,137 Answer received: !xro63
2023-04-29 21:00:25,137 Command to send: r
u
py4j
rj
e

2023-04-29 21:00:25,140 Answer received: !yp
2023-04-29 21:00:25,140 Command to send: r
u
py4j.reflection
rj
e

2023-04-29 21:00:25,140 Answer received: !yp
2023-04-29 21:00:25,141 Command to send: r
u
py4j.reflection.TypeUtil
rj
e

2023-04-29 21:00:25,141 Answer received: !ycpy4j.reflection.TypeUtil
2023-04-29 21:00:25,141 Command to send: r
m
py4j.reflection.TypeUtil
isInstanceOf
e

2023-04-29 21:00:25,141 Answer received: !ym
2023-04-29 21:00:25,141 Command to send: c
z:py4j.reflection.TypeUtil
isInstanceOf
sorg.apache.spark.sql.catalyst.parser.ParseException
ro63
e

2023-04-29 21:00:25,142 Answer received: !ybfalse
2023-04-29 21:00:25,142 Command to send: r
u
py4j
rj
e

2023-04-29 21:00:25,147 Answer received: !yp
2023-04-29 21:00:25,148 Command to send: r
u
py4j.reflection
rj
e

2023-04-29 21:00:25,148 Answer received: !yp
2023-04-29 21:00:25,148 Command to send: r
u
py4j.reflection.TypeUtil
rj
e

2023-04-29 21:00:25,149 Answer received: !ycpy4j.reflection.TypeUtil
2023-04-29 21:00:25,149 Command to send: r
m
py4j.reflection.TypeUtil
isInstanceOf
e

2023-04-29 21:00:25,149 Answer received: !ym
2023-04-29 21:00:25,149 Command to send: c
z:py4j.reflection.TypeUtil
isInstanceOf
sorg.apache.spark.sql.AnalysisException
ro63
e

2023-04-29 21:00:25,150 Answer received: !ybtrue
2023-04-29 21:00:25,150 Command to send: c
o63
getMessage
e

2023-04-29 21:00:25,150 Answer received: !ysPath does not exist: file:/home/ashwani/Documents/Ashwani/Arrow/dwh/users/t_training/t_users_info/pt_created_at=2023-04-28/*
2023-04-29 21:00:25,150 Command to send: r
u
org
rj
e

2023-04-29 21:00:25,153 Answer received: !yp
2023-04-29 21:00:25,153 Command to send: r
u
org.apache
rj
e

2023-04-29 21:00:25,154 Answer received: !yp
2023-04-29 21:00:25,154 Command to send: r
u
org.apache.spark
rj
e

2023-04-29 21:00:25,154 Answer received: !yp
2023-04-29 21:00:25,154 Command to send: r
u
org.apache.spark.util
rj
e

2023-04-29 21:00:25,155 Answer received: !yp
2023-04-29 21:00:25,155 Command to send: r
u
org.apache.spark.util.Utils
rj
e

2023-04-29 21:00:25,155 Answer received: !ycorg.apache.spark.util.Utils
2023-04-29 21:00:25,156 Command to send: r
m
org.apache.spark.util.Utils
exceptionString
e

2023-04-29 21:00:25,156 Answer received: !ym
2023-04-29 21:00:25,156 Command to send: c
z:org.apache.spark.util.Utils
exceptionString
ro63
e

2023-04-29 21:00:25,157 Answer received: !ysorg.apache.spark.sql.AnalysisException: Path does not exist: file:/home/ashwani/Documents/Ashwani/Arrow/dwh/users/t_training/t_users_info/pt_created_at=2023-04-28/*\n	at org.apache.spark.sql.errors.QueryCompilationErrors$.dataPathNotExistError(QueryCompilationErrors.scala:1011)\n	at org.apache.spark.sql.execution.datasources.DataSource$.$anonfun$checkAndGlobPathIfNecessary$3(DataSource.scala:771)\n	at org.apache.spark.util.ThreadUtils$.$anonfun$parmap$2(ThreadUtils.scala:372)\n	at scala.concurrent.Future$.$anonfun$apply$1(Future.scala:659)\n	at scala.util.Success.$anonfun$map$1(Try.scala:255)\n	at scala.util.Success.map(Try.scala:213)\n	at scala.concurrent.Future.$anonfun$map$1(Future.scala:292)\n	at scala.concurrent.impl.Promise.liftedTree1$1(Promise.scala:33)\n	at scala.concurrent.impl.Promise.$anonfun$transform$1(Promise.scala:33)\n	at scala.concurrent.impl.CallbackRunnable.run(Promise.scala:64)\n	at java.util.concurrent.ForkJoinTask$RunnableExecuteAction.exec(ForkJoinTask.java:1402)\n	at java.util.concurrent.ForkJoinTask.doExec(ForkJoinTask.java:289)\n	at java.util.concurrent.ForkJoinPool$WorkQueue.runTask(ForkJoinPool.java:1056)\n	at java.util.concurrent.ForkJoinPool.runWorker(ForkJoinPool.java:1692)\n	at java.util.concurrent.ForkJoinWorkerThread.run(ForkJoinWorkerThread.java:175)\n
2023-04-29 21:00:25,157 Command to send: c
o63
getCause
e

2023-04-29 21:00:25,158 Answer received: !yn
2023-04-29 21:00:25,158 Command to send: r
u
org
rj
e

2023-04-29 21:00:25,160 Answer received: !yp
2023-04-29 21:00:25,161 Command to send: r
u
org.apache
rj
e

2023-04-29 21:00:25,161 Answer received: !yp
2023-04-29 21:00:25,161 Command to send: r
u
org.apache.spark
rj
e

2023-04-29 21:00:25,162 Answer received: !yp
2023-04-29 21:00:25,162 Command to send: r
u
org.apache.spark.sql
rj
e

2023-04-29 21:00:25,163 Answer received: !yp
2023-04-29 21:00:25,163 Command to send: r
u
org.apache.spark.sql.internal
rj
e

2023-04-29 21:00:25,164 Answer received: !yp
2023-04-29 21:00:25,164 Command to send: r
u
org.apache.spark.sql.internal.SQLConf
rj
e

2023-04-29 21:00:25,165 Answer received: !ycorg.apache.spark.sql.internal.SQLConf
2023-04-29 21:00:25,165 Command to send: r
m
org.apache.spark.sql.internal.SQLConf
get
e

2023-04-29 21:00:25,166 Answer received: !ym
2023-04-29 21:00:25,167 Command to send: c
z:org.apache.spark.sql.internal.SQLConf
get
e

2023-04-29 21:00:25,167 Answer received: !yro64
2023-04-29 21:00:25,167 Command to send: c
o64
pysparkJVMStacktraceEnabled
e

2023-04-29 21:00:25,167 Answer received: !ybfalse
2023-04-29 21:00:25,167 local variable 't_df' referenced before assignment
2023-04-29 21:00:25,168 ################# completed for row 0 #################
