2023-04-19 21:05:03,401 Entered in main
2023-04-19 21:05:03,401 ################# calling for row 0 #################
2023-04-19 21:05:03,421 starting ETL with full mode
2023-04-19 21:05:03,434 Command to send: r
u
SparkSession$
rj
e

2023-04-19 21:05:03,436 Answer received: !ycorg.apache.spark.sql.SparkSession$
2023-04-19 21:05:03,436 Command to send: r
m
org.apache.spark.sql.SparkSession$
MODULE$
e

2023-04-19 21:05:03,437 Answer received: !yro30
2023-04-19 21:05:03,438 Command to send: i
java.util.HashMap
e

2023-04-19 21:05:03,439 Answer received: !yao31
2023-04-19 21:05:03,439 Command to send: c
o31
put
sspark.master
slocal
e

2023-04-19 21:05:03,439 Answer received: !yn
2023-04-19 21:05:03,439 Command to send: c
o31
put
sspark.app.name
sMySQL Connector
e

2023-04-19 21:05:03,439 Answer received: !yn
2023-04-19 21:05:03,440 Command to send: c
o30
applyModifiableSettings
ro27
ro31
e

2023-04-19 21:05:03,440 Answer received: !yv
2023-04-19 21:05:03,451 Command to send: c
o27
read
e

2023-04-19 21:05:03,462 Answer received: !yro32
2023-04-19 21:05:03,463 Command to send: c
o32
format
sjdbc
e

2023-04-19 21:05:03,477 Answer received: !yro33
2023-04-19 21:05:03,478 Command to send: c
o33
option
surl
sjdbc:mysql://localhost:3306
e

2023-04-19 21:05:03,480 Answer received: !yro34
2023-04-19 21:05:03,480 Command to send: c
o34
option
squery
sSELECT * FROM training.users WHERE  1=1 
e

2023-04-19 21:05:03,480 Answer received: !yro35
2023-04-19 21:05:03,481 Command to send: c
o35
option
suser
sashwani_kr
e

2023-04-19 21:05:03,481 Answer received: !yro36
2023-04-19 21:05:03,482 Command to send: c
o36
option
spassword
sash21may
e

2023-04-19 21:05:03,482 Answer received: !yro37
2023-04-19 21:05:03,482 Command to send: c
o37
load
e

2023-04-19 21:05:03,575 Command to send: m
d
o29
e

2023-04-19 21:05:03,575 Answer received: !yv
2023-04-19 21:05:03,575 Command to send: m
d
o31
e

2023-04-19 21:05:03,576 Answer received: !yv
2023-04-19 21:05:05,504 Answer received: !yro38
2023-04-19 21:05:05,504 Command to send: c
o38
showString
i20
i20
bFalse
e

2023-04-19 21:05:07,634 Answer received: !ys+---+-------------+-------------------+--------+----------------+----------+-------+----------+------+---------+---------+-------------+-------------------+\n| id|mobile_number|         created_at|platform|        email_id| device_id|   name|       dob|gender|  address|     city|           ip|         updated_at|\n+---+-------------+-------------------+--------+----------------+----------+-------+----------+------+---------+---------+-------------+-------------------+\n|  4|   7562014248|2020-08-01 06:59:00| android|nikunj@gmail.com|DVID632547| Nikunj|2009-09-03|  male|   mumbai|   mumbai|192.168.13.22|2023-04-06 11:35:50|\n| 10|   7569820001|2020-06-24 06:52:00|      pc|  thea@gmail.com|DVID759214|   Thea|2005-06-26|female|    delhi|    delhi|192.168.14.12|2023-04-08 11:35:50|\n|  5|   7854125896|2020-10-05 03:35:00|      pc|pranay@gmail.com|DVID982010| Pranay|2001-04-25|  male|   mumbai|   mumbai|192.168.11.15|2023-04-06 11:35:50|\n|  8|   8463201782|2020-04-27 07:25:00| android|   ved@gmail.com|DVID873520|    Ved|2012-04-19|  male|    delhi|    delhi| 192.168.16.8|2023-04-07 11:35:50|\n|  9|   8569742357|2020-11-10 22:21:00|     ios|   adi@gmail.com|DVID896503|    Adi|2008-08-10|  male|   mumbai|   mumbai| 192.168.12.9|2023-04-08 11:35:50|\n|  6|   8741036520|2020-06-09 14:46:00|     ios|  ojas@gmail.com|DVID687351|   Ojas|1998-08-11|  male|    delhi|    delhi|192.168.13.11|2023-04-07 11:35:50|\n|  3|   8756932011|2020-07-30 00:46:00|     mac| nikul@gmail.com|DVID785410|  Nikul|2015-03-07|  male|    delhi|    delhi|192.168.20.10|2023-04-06 11:35:50|\n| 15|   8833442178|2021-06-24 10:25:01|     ios| user223@xyz.com|      D024|Manisha|1999-05-25|female|bangaluru|bangaluru|192.168.21.21|2023-04-19 12:20:06|\n| 14|   8866746332|2021-07-23 09:24:23|     ios| user334@xyz.com|      D023| Manish|1998-01-24|  male|   mumbai|   mumbai|192.168.23.54|2023-04-19 12:20:06|\n| 11|   9234561234|2021-06-21 09:24:23| android| user001@xyz.com|      D001| Satish|1998-02-13|  male|    delhi|    delhi|192.168.23.56|2023-04-08 12:01:39|\n| 12|   9326456791|2021-06-22 10:25:01|     ios| user002@xyz.com|      D002|   Siri|1999-05-22|female|   mumbai|   mumbai|192.168.21.22|2023-04-19 12:01:39|\n| 13|   9647315893|2021-06-22 13:45:29|      pc| user003@xyz.com| DVID99999| Ashish|1997-02-01|  male|bangaluru|bangaluru|192.168.23.67|2023-04-19 12:14:08|\n|  7|   9658200134|2020-11-07 18:12:00|     ios|  shiv@gmail.com|DVID687320|   Shiv|2017-04-19|  male|bangaluru|bangaluru|192.168.18.13|2023-04-07 11:35:50|\n|  2|   9856732102|2020-11-10 23:45:00|     mac|   dev@gmail.com|DVID963145|    Dev|2000-01-12|  male|bengaluru|bengaluru|192.168.21.22|2023-04-05 10:51:24|\n|  1|   9856741236|2020-09-10 21:47:00| android|paarth@gmail.com|DVID875412| Paarth|2010-01-23|  male|   mumbai|   mumbai|192.168.11.10|2023-04-05 10:51:24|\n+---+-------------+-------------------+--------+----------------+----------+-------+----------+------+---------+---------+-------------+-------------------+\n
2023-04-19 21:05:07,634 Command to send: r
u
org
rj
e

2023-04-19 21:05:07,638 Answer received: !yp
2023-04-19 21:05:07,638 Command to send: r
u
org.apache
rj
e

2023-04-19 21:05:07,639 Answer received: !yp
2023-04-19 21:05:07,640 Command to send: r
u
org.apache.spark
rj
e

2023-04-19 21:05:07,641 Answer received: !yp
2023-04-19 21:05:07,641 Command to send: r
u
org.apache.spark.storage
rj
e

2023-04-19 21:05:07,641 Answer received: !yp
2023-04-19 21:05:07,642 Command to send: r
u
org.apache.spark.storage.StorageLevel
rj
e

2023-04-19 21:05:07,642 Answer received: !ycorg.apache.spark.storage.StorageLevel
2023-04-19 21:05:07,643 Command to send: i
org.apache.spark.storage.StorageLevel
bFalse
bTrue
bFalse
bFalse
i1
e

2023-04-19 21:05:07,643 Answer received: !yro39
2023-04-19 21:05:07,643 Command to send: c
o38
persist
ro39
e

2023-04-19 21:05:07,702 Answer received: !yro40
2023-04-19 21:05:07,702 Command to send: c
o38
count
e

2023-04-19 21:05:08,375 Answer received: !yL15
2023-04-19 21:05:08,385 Command to send: c
o38
schema
e

2023-04-19 21:05:08,386 Answer received: !yro41
2023-04-19 21:05:08,386 Command to send: c
o41
json
e

2023-04-19 21:05:08,455 Answer received: !ys{"type":"struct","fields":[{"name":"id","type":"integer","nullable":true,"metadata":{"scale":0}},{"name":"mobile_number","type":"long","nullable":true,"metadata":{"scale":0}},{"name":"created_at","type":"timestamp","nullable":true,"metadata":{"scale":0}},{"name":"platform","type":"string","nullable":true,"metadata":{"scale":0}},{"name":"email_id","type":"string","nullable":true,"metadata":{"scale":0}},{"name":"device_id","type":"string","nullable":true,"metadata":{"scale":0}},{"name":"name","type":"string","nullable":true,"metadata":{"scale":0}},{"name":"dob","type":"date","nullable":true,"metadata":{"scale":0}},{"name":"gender","type":"string","nullable":true,"metadata":{"scale":0}},{"name":"address","type":"string","nullable":true,"metadata":{"scale":0}},{"name":"city","type":"string","nullable":true,"metadata":{"scale":0}},{"name":"ip","type":"string","nullable":true,"metadata":{"scale":0}},{"name":"updated_at","type":"timestamp","nullable":true,"metadata":{"scale":0}}]}
2023-04-19 21:05:08,467 Command to send: r
u
functions
rj
e

2023-04-19 21:05:08,480 Answer received: !ycorg.apache.spark.sql.functions
2023-04-19 21:05:08,481 Command to send: r
m
org.apache.spark.sql.functions
col
e

2023-04-19 21:05:08,489 Answer received: !ym
2023-04-19 21:05:08,489 Command to send: c
z:org.apache.spark.sql.functions
col
supdated_at
e

2023-04-19 21:05:08,534 Answer received: !yro42
2023-04-19 21:05:08,534 Command to send: r
u
functions
rj
e

2023-04-19 21:05:08,539 Answer received: !ycorg.apache.spark.sql.functions
2023-04-19 21:05:08,539 Command to send: r
m
org.apache.spark.sql.functions
to_date
e

2023-04-19 21:05:08,540 Answer received: !ym
2023-04-19 21:05:08,540 Command to send: c
z:org.apache.spark.sql.functions
to_date
ro42
e

2023-04-19 21:05:08,541 Answer received: !yro43
2023-04-19 21:05:08,542 Command to send: c
o38
withColumn
spt_updated_at
ro43
e

2023-04-19 21:05:08,570 Answer received: !yro44
2023-04-19 21:05:08,570 Command to send: c
o44
showString
i20
i20
bFalse
e

2023-04-19 21:05:08,580 Command to send: m
d
o40
e

2023-04-19 21:05:08,581 Answer received: !yv
2023-04-19 21:05:08,581 Command to send: m
d
o28
e

2023-04-19 21:05:08,582 Answer received: !yv
2023-04-19 21:05:08,582 Command to send: m
d
o30
e

2023-04-19 21:05:08,582 Answer received: !yv
2023-04-19 21:05:08,582 Command to send: m
d
o32
e

2023-04-19 21:05:08,582 Answer received: !yv
2023-04-19 21:05:08,583 Command to send: m
d
o33
e

2023-04-19 21:05:08,583 Answer received: !yv
2023-04-19 21:05:08,583 Command to send: m
d
o34
e

2023-04-19 21:05:08,584 Answer received: !yv
2023-04-19 21:05:08,584 Command to send: m
d
o35
e

2023-04-19 21:05:08,584 Answer received: !yv
2023-04-19 21:05:08,584 Command to send: m
d
o36
e

2023-04-19 21:05:08,585 Answer received: !yv
2023-04-19 21:05:08,585 Command to send: m
d
o37
e

2023-04-19 21:05:08,585 Answer received: !yv
2023-04-19 21:05:08,585 Command to send: m
d
o39
e

2023-04-19 21:05:08,585 Answer received: !yv
2023-04-19 21:05:08,585 Command to send: m
d
o41
e

2023-04-19 21:05:08,586 Answer received: !yv
2023-04-19 21:05:08,821 Answer received: !ys+---+-------------+-------------------+--------+----------------+----------+-------+----------+------+---------+---------+-------------+-------------------+-------------+\n| id|mobile_number|         created_at|platform|        email_id| device_id|   name|       dob|gender|  address|     city|           ip|         updated_at|pt_updated_at|\n+---+-------------+-------------------+--------+----------------+----------+-------+----------+------+---------+---------+-------------+-------------------+-------------+\n|  4|   7562014248|2020-08-01 06:59:00| android|nikunj@gmail.com|DVID632547| Nikunj|2009-09-03|  male|   mumbai|   mumbai|192.168.13.22|2023-04-06 11:35:50|   2023-04-06|\n| 10|   7569820001|2020-06-24 06:52:00|      pc|  thea@gmail.com|DVID759214|   Thea|2005-06-26|female|    delhi|    delhi|192.168.14.12|2023-04-08 11:35:50|   2023-04-08|\n|  5|   7854125896|2020-10-05 03:35:00|      pc|pranay@gmail.com|DVID982010| Pranay|2001-04-25|  male|   mumbai|   mumbai|192.168.11.15|2023-04-06 11:35:50|   2023-04-06|\n|  8|   8463201782|2020-04-27 07:25:00| android|   ved@gmail.com|DVID873520|    Ved|2012-04-19|  male|    delhi|    delhi| 192.168.16.8|2023-04-07 11:35:50|   2023-04-07|\n|  9|   8569742357|2020-11-10 22:21:00|     ios|   adi@gmail.com|DVID896503|    Adi|2008-08-10|  male|   mumbai|   mumbai| 192.168.12.9|2023-04-08 11:35:50|   2023-04-08|\n|  6|   8741036520|2020-06-09 14:46:00|     ios|  ojas@gmail.com|DVID687351|   Ojas|1998-08-11|  male|    delhi|    delhi|192.168.13.11|2023-04-07 11:35:50|   2023-04-07|\n|  3|   8756932011|2020-07-30 00:46:00|     mac| nikul@gmail.com|DVID785410|  Nikul|2015-03-07|  male|    delhi|    delhi|192.168.20.10|2023-04-06 11:35:50|   2023-04-06|\n| 15|   8833442178|2021-06-24 10:25:01|     ios| user223@xyz.com|      D024|Manisha|1999-05-25|female|bangaluru|bangaluru|192.168.21.21|2023-04-19 12:20:06|   2023-04-19|\n| 14|   8866746332|2021-07-23 09:24:23|     ios| user334@xyz.com|      D023| Manish|1998-01-24|  male|   mumbai|   mumbai|192.168.23.54|2023-04-19 12:20:06|   2023-04-19|\n| 11|   9234561234|2021-06-21 09:24:23| android| user001@xyz.com|      D001| Satish|1998-02-13|  male|    delhi|    delhi|192.168.23.56|2023-04-08 12:01:39|   2023-04-08|\n| 12|   9326456791|2021-06-22 10:25:01|     ios| user002@xyz.com|      D002|   Siri|1999-05-22|female|   mumbai|   mumbai|192.168.21.22|2023-04-19 12:01:39|   2023-04-19|\n| 13|   9647315893|2021-06-22 13:45:29|      pc| user003@xyz.com| DVID99999| Ashish|1997-02-01|  male|bangaluru|bangaluru|192.168.23.67|2023-04-19 12:14:08|   2023-04-19|\n|  7|   9658200134|2020-11-07 18:12:00|     ios|  shiv@gmail.com|DVID687320|   Shiv|2017-04-19|  male|bangaluru|bangaluru|192.168.18.13|2023-04-07 11:35:50|   2023-04-07|\n|  2|   9856732102|2020-11-10 23:45:00|     mac|   dev@gmail.com|DVID963145|    Dev|2000-01-12|  male|bengaluru|bengaluru|192.168.21.22|2023-04-05 10:51:24|   2023-04-05|\n|  1|   9856741236|2020-09-10 21:47:00| android|paarth@gmail.com|DVID875412| Paarth|2010-01-23|  male|   mumbai|   mumbai|192.168.11.10|2023-04-05 10:51:24|   2023-04-05|\n+---+-------------+-------------------+--------+----------------+----------+-------+----------+------+---------+---------+-------------+-------------------+-------------+\n
2023-04-19 21:05:08,821 Command to send: r
u
org
rj
e

2023-04-19 21:05:08,825 Answer received: !yp
2023-04-19 21:05:08,826 Command to send: r
u
org.apache
rj
e

2023-04-19 21:05:08,827 Answer received: !yp
2023-04-19 21:05:08,827 Command to send: r
u
org.apache.spark
rj
e

2023-04-19 21:05:08,827 Answer received: !yp
2023-04-19 21:05:08,827 Command to send: r
u
org.apache.spark.storage
rj
e

2023-04-19 21:05:08,828 Answer received: !yp
2023-04-19 21:05:08,828 Command to send: r
u
org.apache.spark.storage.StorageLevel
rj
e

2023-04-19 21:05:08,829 Answer received: !ycorg.apache.spark.storage.StorageLevel
2023-04-19 21:05:08,829 Command to send: i
org.apache.spark.storage.StorageLevel
bFalse
bTrue
bFalse
bFalse
i1
e

2023-04-19 21:05:08,829 Answer received: !yro45
2023-04-19 21:05:08,829 Command to send: c
o44
persist
ro45
e

2023-04-19 21:05:08,889 Answer received: !yro46
2023-04-19 21:05:08,889 Command to send: c
o44
count
e

2023-04-19 21:05:09,046 Answer received: !yL15
2023-04-19 21:05:09,056 Command to send: r
u
SparkSession$
rj
e

2023-04-19 21:05:09,058 Answer received: !ycorg.apache.spark.sql.SparkSession$
2023-04-19 21:05:09,058 Command to send: r
m
org.apache.spark.sql.SparkSession$
MODULE$
e

2023-04-19 21:05:09,059 Answer received: !yro47
2023-04-19 21:05:09,059 Command to send: i
java.util.HashMap
e

2023-04-19 21:05:09,060 Answer received: !yao48
2023-04-19 21:05:09,060 Command to send: c
o48
put
sspark.master
slocal
e

2023-04-19 21:05:09,060 Answer received: !yn
2023-04-19 21:05:09,061 Command to send: c
o48
put
sspark.app.name
sfilesystem conncector
e

2023-04-19 21:05:09,061 Answer received: !yn
2023-04-19 21:05:09,061 Command to send: c
o47
applyModifiableSettings
ro27
ro48
e

2023-04-19 21:05:09,062 Answer received: !yv
2023-04-19 21:05:09,062 Command to send: c
o44
write
e

2023-04-19 21:05:09,073 Answer received: !yro49
2023-04-19 21:05:09,073 Command to send: c
o49
format
scsv
e

2023-04-19 21:05:09,076 Answer received: !yro50
2023-04-19 21:05:09,077 Command to send: c
o50
option
sheader
strue
e

2023-04-19 21:05:09,077 Answer received: !yro51
2023-04-19 21:05:09,077 Command to send: c
o51
mode
soverwrite
e

2023-04-19 21:05:09,078 Answer received: !yro52
2023-04-19 21:05:09,078 Command to send: r
u
PythonUtils
rj
e

2023-04-19 21:05:09,080 Answer received: !ycorg.apache.spark.api.python.PythonUtils
2023-04-19 21:05:09,080 Command to send: r
m
org.apache.spark.api.python.PythonUtils
toSeq
e

2023-04-19 21:05:09,081 Answer received: !ym
2023-04-19 21:05:09,081 Command to send: i
java.util.ArrayList
e

2023-04-19 21:05:09,081 Answer received: !ylo53
2023-04-19 21:05:09,082 Command to send: c
o53
add
spt_updated_at
e

2023-04-19 21:05:09,083 Answer received: !ybtrue
2023-04-19 21:05:09,083 Command to send: c
z:org.apache.spark.api.python.PythonUtils
toSeq
ro53
e

2023-04-19 21:05:09,084 Answer received: !yro54
2023-04-19 21:05:09,084 Command to send: c
o52
partitionBy
ro54
e

2023-04-19 21:05:09,084 Answer received: !yro55
2023-04-19 21:05:09,084 Command to send: c
o55
save
sfile:///home/ashwani/Documents/Ashwani/Arrow/dwh/users/t_training/t_users_info
e

2023-04-19 21:05:09,586 Command to send: m
d
o46
e

2023-04-19 21:05:09,587 Answer received: !yv
2023-04-19 21:05:09,587 Command to send: m
d
o48
e

2023-04-19 21:05:09,587 Answer received: !yv
2023-04-19 21:05:09,587 Command to send: m
d
o53
e

2023-04-19 21:05:09,588 Answer received: !yv
2023-04-19 21:05:09,865 Answer received: !yv
2023-04-19 21:05:09,883 Command to send: r
u
functions
rj
e

2023-04-19 21:05:09,885 Answer received: !ycorg.apache.spark.sql.functions
2023-04-19 21:05:09,885 Command to send: r
m
org.apache.spark.sql.functions
col
e

2023-04-19 21:05:09,885 Answer received: !ym
2023-04-19 21:05:09,886 Command to send: c
z:org.apache.spark.sql.functions
col
supdated_at
e

2023-04-19 21:05:09,886 Answer received: !yro56
2023-04-19 21:05:09,887 Command to send: r
u
functions
rj
e

2023-04-19 21:05:09,891 Answer received: !ycorg.apache.spark.sql.functions
2023-04-19 21:05:09,891 Command to send: r
m
org.apache.spark.sql.functions
max
e

2023-04-19 21:05:09,892 Answer received: !ym
2023-04-19 21:05:09,892 Command to send: c
z:org.apache.spark.sql.functions
max
ro56
e

2023-04-19 21:05:09,893 Answer received: !yro57
2023-04-19 21:05:09,893 Command to send: r
u
PythonUtils
rj
e

2023-04-19 21:05:09,895 Answer received: !ycorg.apache.spark.api.python.PythonUtils
2023-04-19 21:05:09,895 Command to send: r
m
org.apache.spark.api.python.PythonUtils
toSeq
e

2023-04-19 21:05:09,895 Answer received: !ym
2023-04-19 21:05:09,896 Command to send: i
java.util.ArrayList
e

2023-04-19 21:05:09,896 Answer received: !ylo58
2023-04-19 21:05:09,896 Command to send: c
z:org.apache.spark.api.python.PythonUtils
toSeq
ro58
e

2023-04-19 21:05:09,896 Answer received: !yro59
2023-04-19 21:05:09,897 Command to send: c
o44
groupBy
ro59
e

2023-04-19 21:05:09,903 Answer received: !yro60
2023-04-19 21:05:09,905 Command to send: r
u
PythonUtils
rj
e

2023-04-19 21:05:09,908 Answer received: !ycorg.apache.spark.api.python.PythonUtils
2023-04-19 21:05:09,908 Command to send: r
m
org.apache.spark.api.python.PythonUtils
toSeq
e

2023-04-19 21:05:09,909 Answer received: !ym
2023-04-19 21:05:09,909 Command to send: i
java.util.ArrayList
e

2023-04-19 21:05:09,909 Answer received: !ylo61
2023-04-19 21:05:09,910 Command to send: c
z:org.apache.spark.api.python.PythonUtils
toSeq
ro61
e

2023-04-19 21:05:09,910 Answer received: !yro62
2023-04-19 21:05:09,910 Command to send: c
o60
agg
ro57
ro62
e

2023-04-19 21:05:09,929 Answer received: !yro63
2023-04-19 21:05:09,931 Command to send: c
o16
setCallSite
scollect at /home/ashwani/Documents/Ashwani/Arrow/engine/spark_engine.py:113
e

2023-04-19 21:05:09,931 Answer received: !yv
2023-04-19 21:05:09,932 Command to send: c
o63
collectToPython
e

2023-04-19 21:05:10,132 Answer received: !yto64
2023-04-19 21:05:10,132 Command to send: c
o16
setCallSite
n
e

2023-04-19 21:05:10,133 Answer received: !yv
2023-04-19 21:05:10,133 Command to send: a
e
o64
e

2023-04-19 21:05:10,133 Answer received: !yi3
2023-04-19 21:05:10,133 Command to send: a
g
o64
i0
e

2023-04-19 21:05:10,134 Answer received: !yi40797
2023-04-19 21:05:10,134 Command to send: a
e
o64
e

2023-04-19 21:05:10,134 Answer received: !yi3
2023-04-19 21:05:10,134 Command to send: a
g
o64
i1
e

2023-04-19 21:05:10,134 Answer received: !ys55e3c0d378dfc0b3e43861de090440d2117cd6ea869cf784c779b2fe3821d0eb
2023-04-19 21:05:10,149 ################# completed for row 0 #################
2023-04-19 21:05:10,149 ################# calling for row 1 #################
2023-04-19 21:05:10,172 Command to send: c
o27
read
e

2023-04-19 21:05:10,173 Answer received: !yro65
2023-04-19 21:05:10,173 Command to send: c
o65
format
sjdbc
e

2023-04-19 21:05:10,173 Answer received: !yro66
2023-04-19 21:05:10,174 Command to send: c
o66
option
surl
sjdbc:mysql://localhost:3306
e

2023-04-19 21:05:10,174 Answer received: !yro67
2023-04-19 21:05:10,174 Command to send: c
o67
option
squery
sSELECT * FROM training.purchase_details WHERE updated_at > '2023-03-10 10:56:10' 
e

2023-04-19 21:05:10,175 Answer received: !yro68
2023-04-19 21:05:10,175 Command to send: c
o68
option
suser
sashwani_kr
e

2023-04-19 21:05:10,176 Answer received: !yro69
2023-04-19 21:05:10,176 Command to send: c
o69
option
spassword
sash21may
e

2023-04-19 21:05:10,176 Answer received: !yro70
2023-04-19 21:05:10,176 Command to send: c
o70
load
e

2023-04-19 21:05:10,235 Answer received: !yro71
2023-04-19 21:05:10,236 Command to send: c
o71
showString
i20
i20
bFalse
e

2023-04-19 21:05:10,397 Answer received: !ys+---+-------------+--------------+-------------------+--------+-------------------+-------+-------+--------------+-----------+-------------+-------------------+\n| id|mobile_number|transaction_id|         created_at|platform|course_id_purchased|gateway|bank_id|payment_method|  status_id|           ip|         updated_at|\n+---+-------------+--------------+-------------------+--------+-------------------+-------+-------+--------------+-----------+-------------+-------------------+\n| 12|   9326456791|      10000234|2021-06-27 17:24:13|     ios|              C0023|  apple| BNK001|            CC|  completed|192.168.21.27|2023-03-10 11:34:50|\n| 11|   9234561234|      10000567|2021-06-27 22:24:15| android|              C0028|   gpay| BNK005|            NB|in progress|192.168.23.56|2023-03-10 11:34:50|\n| 13|   9647315893|      10000599|2021-06-29 09:36:09|      pc|              C0026|     pg| BNK004|            DC|    pending|192.168.23.67|2023-03-10 11:34:50|\n+---+-------------+--------------+-------------------+--------+-------------------+-------+-------+--------------+-----------+-------------+-------------------+\n
2023-04-19 21:05:10,397 Command to send: r
u
org
rj
e

2023-04-19 21:05:10,402 Answer received: !yp
2023-04-19 21:05:10,402 Command to send: r
u
org.apache
rj
e

2023-04-19 21:05:10,403 Answer received: !yp
2023-04-19 21:05:10,403 Command to send: r
u
org.apache.spark
rj
e

2023-04-19 21:05:10,404 Answer received: !yp
2023-04-19 21:05:10,405 Command to send: r
u
org.apache.spark.storage
rj
e

2023-04-19 21:05:10,406 Answer received: !yp
2023-04-19 21:05:10,406 Command to send: r
u
org.apache.spark.storage.StorageLevel
rj
e

2023-04-19 21:05:10,406 Answer received: !ycorg.apache.spark.storage.StorageLevel
2023-04-19 21:05:10,407 Command to send: i
org.apache.spark.storage.StorageLevel
bFalse
bTrue
bFalse
bFalse
i1
e

2023-04-19 21:05:10,407 Answer received: !yro72
2023-04-19 21:05:10,407 Command to send: c
o71
persist
ro72
e

2023-04-19 21:05:10,428 Answer received: !yro73
2023-04-19 21:05:10,429 Command to send: c
o71
count
e

2023-04-19 21:05:10,589 Command to send: m
d
o58
e

2023-04-19 21:05:10,589 Answer received: !yv
2023-04-19 21:05:10,589 Command to send: m
d
o61
e

2023-04-19 21:05:10,589 Answer received: !yv
2023-04-19 21:05:10,589 Command to send: m
d
o64
e

2023-04-19 21:05:10,589 Answer received: !yv
2023-04-19 21:05:10,590 Command to send: m
d
o73
e

2023-04-19 21:05:10,590 Answer received: !yv
2023-04-19 21:05:10,609 Answer received: !yL3
2023-04-19 21:05:10,618 Command to send: c
o71
schema
e

2023-04-19 21:05:10,619 Answer received: !yro74
2023-04-19 21:05:10,619 Command to send: c
o74
json
e

2023-04-19 21:05:10,621 Answer received: !ys{"type":"struct","fields":[{"name":"id","type":"integer","nullable":true,"metadata":{"scale":0}},{"name":"mobile_number","type":"long","nullable":true,"metadata":{"scale":0}},{"name":"transaction_id","type":"integer","nullable":true,"metadata":{"scale":0}},{"name":"created_at","type":"timestamp","nullable":true,"metadata":{"scale":0}},{"name":"platform","type":"string","nullable":true,"metadata":{"scale":0}},{"name":"course_id_purchased","type":"string","nullable":true,"metadata":{"scale":0}},{"name":"gateway","type":"string","nullable":true,"metadata":{"scale":0}},{"name":"bank_id","type":"string","nullable":true,"metadata":{"scale":0}},{"name":"payment_method","type":"string","nullable":true,"metadata":{"scale":0}},{"name":"status_id","type":"string","nullable":true,"metadata":{"scale":0}},{"name":"ip","type":"string","nullable":true,"metadata":{"scale":0}},{"name":"updated_at","type":"timestamp","nullable":true,"metadata":{"scale":0}}]}
2023-04-19 21:05:10,634 Command to send: c
o71
showString
i20
i20
bFalse
e

2023-04-19 21:05:10,802 Answer received: !ys+---+-------------+--------------+-------------------+--------+-------------------+-------+-------+--------------+-----------+-------------+-------------------+\n| id|mobile_number|transaction_id|         created_at|platform|course_id_purchased|gateway|bank_id|payment_method|  status_id|           ip|         updated_at|\n+---+-------------+--------------+-------------------+--------+-------------------+-------+-------+--------------+-----------+-------------+-------------------+\n| 12|   9326456791|      10000234|2021-06-27 17:24:13|     ios|              C0023|  apple| BNK001|            CC|  completed|192.168.21.27|2023-03-10 11:34:50|\n| 11|   9234561234|      10000567|2021-06-27 22:24:15| android|              C0028|   gpay| BNK005|            NB|in progress|192.168.23.56|2023-03-10 11:34:50|\n| 13|   9647315893|      10000599|2021-06-29 09:36:09|      pc|              C0026|     pg| BNK004|            DC|    pending|192.168.23.67|2023-03-10 11:34:50|\n+---+-------------+--------------+-------------------+--------+-------------------+-------+-------+--------------+-----------+-------------+-------------------+\n
2023-04-19 21:05:10,803 Command to send: r
u
org
rj
e

2023-04-19 21:05:10,807 Answer received: !yp
2023-04-19 21:05:10,807 Command to send: r
u
org.apache
rj
e

2023-04-19 21:05:10,808 Answer received: !yp
2023-04-19 21:05:10,808 Command to send: r
u
org.apache.spark
rj
e

2023-04-19 21:05:10,809 Answer received: !yp
2023-04-19 21:05:10,809 Command to send: r
u
org.apache.spark.storage
rj
e

2023-04-19 21:05:10,810 Answer received: !yp
2023-04-19 21:05:10,810 Command to send: r
u
org.apache.spark.storage.StorageLevel
rj
e

2023-04-19 21:05:10,811 Answer received: !ycorg.apache.spark.storage.StorageLevel
2023-04-19 21:05:10,811 Command to send: i
org.apache.spark.storage.StorageLevel
bFalse
bTrue
bFalse
bFalse
i1
e

2023-04-19 21:05:10,811 Answer received: !yro75
2023-04-19 21:05:10,812 Command to send: c
o71
persist
ro75
e

2023-04-19 21:05:10,812 Answer received: !yro76
2023-04-19 21:05:10,813 Command to send: c
o71
count
e

2023-04-19 21:05:10,938 Answer received: !yL3
2023-04-19 21:05:10,948 Command to send: c
o71
write
e

2023-04-19 21:05:10,955 Answer received: !yro77
2023-04-19 21:05:10,956 Command to send: c
o77
format
scsv
e

2023-04-19 21:05:10,956 Answer received: !yro78
2023-04-19 21:05:10,957 Command to send: c
o78
option
sheader
strue
e

2023-04-19 21:05:10,957 Answer received: !yro79
2023-04-19 21:05:10,958 Command to send: c
o79
mode
sappend
e

2023-04-19 21:05:10,958 Answer received: !yro80
2023-04-19 21:05:10,958 Command to send: c
o80
save
sfile:///home/ashwani/Documents/Ashwani/Arrow/dwh/purchase_details/t_training/t_purchase_info
e

2023-04-19 21:05:11,134 Answer received: !yv
2023-04-19 21:05:11,156 Command to send: r
u
functions
rj
e

2023-04-19 21:05:11,160 Answer received: !ycorg.apache.spark.sql.functions
2023-04-19 21:05:11,161 Command to send: r
m
org.apache.spark.sql.functions
col
e

2023-04-19 21:05:11,161 Answer received: !ym
2023-04-19 21:05:11,162 Command to send: c
z:org.apache.spark.sql.functions
col
supdated_at
e

2023-04-19 21:05:11,162 Answer received: !yro81
2023-04-19 21:05:11,162 Command to send: r
u
functions
rj
e

2023-04-19 21:05:11,164 Answer received: !ycorg.apache.spark.sql.functions
2023-04-19 21:05:11,164 Command to send: r
m
org.apache.spark.sql.functions
max
e

2023-04-19 21:05:11,165 Answer received: !ym
2023-04-19 21:05:11,165 Command to send: c
z:org.apache.spark.sql.functions
max
ro81
e

2023-04-19 21:05:11,165 Answer received: !yro82
2023-04-19 21:05:11,166 Command to send: r
u
PythonUtils
rj
e

2023-04-19 21:05:11,168 Answer received: !ycorg.apache.spark.api.python.PythonUtils
2023-04-19 21:05:11,168 Command to send: r
m
org.apache.spark.api.python.PythonUtils
toSeq
e

2023-04-19 21:05:11,168 Answer received: !ym
2023-04-19 21:05:11,169 Command to send: i
java.util.ArrayList
e

2023-04-19 21:05:11,169 Answer received: !ylo83
2023-04-19 21:05:11,169 Command to send: c
z:org.apache.spark.api.python.PythonUtils
toSeq
ro83
e

2023-04-19 21:05:11,172 Answer received: !yro84
2023-04-19 21:05:11,172 Command to send: c
o71
groupBy
ro84
e

2023-04-19 21:05:11,180 Answer received: !yro85
2023-04-19 21:05:11,181 Command to send: r
u
PythonUtils
rj
e

2023-04-19 21:05:11,183 Answer received: !ycorg.apache.spark.api.python.PythonUtils
2023-04-19 21:05:11,184 Command to send: r
m
org.apache.spark.api.python.PythonUtils
toSeq
e

2023-04-19 21:05:11,184 Answer received: !ym
2023-04-19 21:05:11,185 Command to send: i
java.util.ArrayList
e

2023-04-19 21:05:11,185 Answer received: !ylo86
2023-04-19 21:05:11,185 Command to send: c
z:org.apache.spark.api.python.PythonUtils
toSeq
ro86
e

2023-04-19 21:05:11,185 Answer received: !yro87
2023-04-19 21:05:11,186 Command to send: c
o85
agg
ro82
ro87
e

2023-04-19 21:05:11,199 Answer received: !yro88
2023-04-19 21:05:11,200 Command to send: c
o16
setCallSite
scollect at /home/ashwani/Documents/Ashwani/Arrow/engine/spark_engine.py:113
e

2023-04-19 21:05:11,200 Answer received: !yv
2023-04-19 21:05:11,200 Command to send: c
o88
collectToPython
e

2023-04-19 21:05:11,350 Answer received: !yto89
2023-04-19 21:05:11,351 Command to send: c
o16
setCallSite
n
e

2023-04-19 21:05:11,351 Answer received: !yv
2023-04-19 21:05:11,351 Command to send: a
e
o89
e

2023-04-19 21:05:11,351 Answer received: !yi3
2023-04-19 21:05:11,351 Command to send: a
g
o89
i0
e

2023-04-19 21:05:11,352 Answer received: !yi32933
2023-04-19 21:05:11,352 Command to send: a
e
o89
e

2023-04-19 21:05:11,352 Answer received: !yi3
2023-04-19 21:05:11,352 Command to send: a
g
o89
i1
e

2023-04-19 21:05:11,352 Answer received: !ys55e3c0d378dfc0b3e43861de090440d2117cd6ea869cf784c779b2fe3821d0eb
2023-04-19 21:05:11,365 ################# completed for row 1 #################
2023-04-19 21:05:11,365 ################# calling for row 2 #################
2023-04-19 21:05:11,374 starting ETL with full mode
2023-04-19 21:05:11,383 Command to send: c
o27
read
e

2023-04-19 21:05:11,383 Answer received: !yro90
2023-04-19 21:05:11,384 Command to send: c
o90
format
scsv
e

2023-04-19 21:05:11,384 Answer received: !yro91
2023-04-19 21:05:11,384 Command to send: c
o91
option
sheader
strue
e

2023-04-19 21:05:11,384 Answer received: !yro92
2023-04-19 21:05:11,385 Command to send: c
o92
load
sfile:///home/ashwani/Documents/Ashwani/Arrow/dwh/users2.csv
e

2023-04-19 21:05:11,590 Command to send: m
d
o76
e

2023-04-19 21:05:11,591 Answer received: !yv
2023-04-19 21:05:11,591 Command to send: m
d
o83
e

2023-04-19 21:05:11,591 Answer received: !yv
2023-04-19 21:05:11,591 Command to send: m
d
o86
e

2023-04-19 21:05:11,591 Answer received: !yv
2023-04-19 21:05:11,591 Command to send: m
d
o89
e

2023-04-19 21:05:11,591 Answer received: !yv
2023-04-19 21:05:11,901 Answer received: !yro93
2023-04-19 21:05:11,902 Command to send: c
o93
showString
i20
i20
bFalse
e

2023-04-19 21:05:12,004 Answer received: !ys+---+-------------+-------------------+--------+---------------+---------+------+----------+------+---------+-------------------+-------------+\n| id|mobile_number|         created_at|platform|       email_id|device_id|  name|       dob|gender|  address|               city|           ip|\n+---+-------------+-------------------+--------+---------------+---------+------+----------+------+---------+-------------------+-------------+\n| 11|   9234561234|2021-06-21 09:24:00| android|user001@xyz.com|     D001|Satish|1998-02-13|  male|Gr. Noida|Gautam Buddha Nagar|192.168.23.56|\n| 12|   9326456791|2022-06-22 10:25:00|     ios|user002@xyz.com|     D002|  Siri|1999-05-22|female|New Delhi|              Delhi|192.168.21.22|\n| 13|   9647315893|2021-06-22 13:45:00|      pc|user003@xyz.com|     D003|Ashish|1997-02-01|  male|New Delhi|              Delhi|192.168.23.67|\n+---+-------------+-------------------+--------+---------------+---------+------+----------+------+---------+-------------------+-------------+\n
2023-04-19 21:05:12,005 Command to send: r
u
org
rj
e

2023-04-19 21:05:12,009 Answer received: !yp
2023-04-19 21:05:12,009 Command to send: r
u
org.apache
rj
e

2023-04-19 21:05:12,010 Answer received: !yp
2023-04-19 21:05:12,010 Command to send: r
u
org.apache.spark
rj
e

2023-04-19 21:05:12,011 Answer received: !yp
2023-04-19 21:05:12,011 Command to send: r
u
org.apache.spark.storage
rj
e

2023-04-19 21:05:12,012 Answer received: !yp
2023-04-19 21:05:12,012 Command to send: r
u
org.apache.spark.storage.StorageLevel
rj
e

2023-04-19 21:05:12,012 Answer received: !ycorg.apache.spark.storage.StorageLevel
2023-04-19 21:05:12,013 Command to send: i
org.apache.spark.storage.StorageLevel
bFalse
bTrue
bFalse
bFalse
i1
e

2023-04-19 21:05:12,013 Answer received: !yro94
2023-04-19 21:05:12,013 Command to send: c
o93
persist
ro94
e

2023-04-19 21:05:12,030 Answer received: !yro95
2023-04-19 21:05:12,030 Command to send: c
o93
count
e

2023-04-19 21:05:12,172 Answer received: !yL3
2023-04-19 21:05:12,181 Command to send: c
o93
schema
e

2023-04-19 21:05:12,182 Answer received: !yro96
2023-04-19 21:05:12,182 Command to send: c
o96
json
e

2023-04-19 21:05:12,184 Answer received: !ys{"type":"struct","fields":[{"name":"id","type":"string","nullable":true,"metadata":{}},{"name":"mobile_number","type":"string","nullable":true,"metadata":{}},{"name":"created_at","type":"string","nullable":true,"metadata":{}},{"name":"platform","type":"string","nullable":true,"metadata":{}},{"name":"email_id","type":"string","nullable":true,"metadata":{}},{"name":"device_id","type":"string","nullable":true,"metadata":{}},{"name":"name","type":"string","nullable":true,"metadata":{}},{"name":"dob","type":"string","nullable":true,"metadata":{}},{"name":"gender","type":"string","nullable":true,"metadata":{}},{"name":"address","type":"string","nullable":true,"metadata":{}},{"name":"city","type":"string","nullable":true,"metadata":{}},{"name":"ip","type":"string","nullable":true,"metadata":{}}]}
2023-04-19 21:05:12,196 Command to send: c
o93
showString
i20
i20
bFalse
e

2023-04-19 21:05:12,296 Answer received: !ys+---+-------------+-------------------+--------+---------------+---------+------+----------+------+---------+-------------------+-------------+\n| id|mobile_number|         created_at|platform|       email_id|device_id|  name|       dob|gender|  address|               city|           ip|\n+---+-------------+-------------------+--------+---------------+---------+------+----------+------+---------+-------------------+-------------+\n| 11|   9234561234|2021-06-21 09:24:00| android|user001@xyz.com|     D001|Satish|1998-02-13|  male|Gr. Noida|Gautam Buddha Nagar|192.168.23.56|\n| 12|   9326456791|2022-06-22 10:25:00|     ios|user002@xyz.com|     D002|  Siri|1999-05-22|female|New Delhi|              Delhi|192.168.21.22|\n| 13|   9647315893|2021-06-22 13:45:00|      pc|user003@xyz.com|     D003|Ashish|1997-02-01|  male|New Delhi|              Delhi|192.168.23.67|\n+---+-------------+-------------------+--------+---------------+---------+------+----------+------+---------+-------------------+-------------+\n
2023-04-19 21:05:12,297 Command to send: r
u
org
rj
e

2023-04-19 21:05:12,300 Answer received: !yp
2023-04-19 21:05:12,300 Command to send: r
u
org.apache
rj
e

2023-04-19 21:05:12,301 Answer received: !yp
2023-04-19 21:05:12,301 Command to send: r
u
org.apache.spark
rj
e

2023-04-19 21:05:12,302 Answer received: !yp
2023-04-19 21:05:12,302 Command to send: r
u
org.apache.spark.storage
rj
e

2023-04-19 21:05:12,303 Answer received: !yp
2023-04-19 21:05:12,303 Command to send: r
u
org.apache.spark.storage.StorageLevel
rj
e

2023-04-19 21:05:12,303 Answer received: !ycorg.apache.spark.storage.StorageLevel
2023-04-19 21:05:12,304 Command to send: i
org.apache.spark.storage.StorageLevel
bFalse
bTrue
bFalse
bFalse
i1
e

2023-04-19 21:05:12,304 Answer received: !yro97
2023-04-19 21:05:12,304 Command to send: c
o93
persist
ro97
e

2023-04-19 21:05:12,305 Answer received: !yro98
2023-04-19 21:05:12,305 Command to send: c
o93
count
e

2023-04-19 21:05:12,403 Answer received: !yL3
2023-04-19 21:05:12,413 Command to send: c
o93
write
e

2023-04-19 21:05:12,419 Answer received: !yro99
2023-04-19 21:05:12,419 Command to send: c
o99
format
sjdbc
e

2023-04-19 21:05:12,420 Answer received: !yro100
2023-04-19 21:05:12,421 Command to send: c
o100
option
surl
sjdbc:mysql://localhost:3306/training
e

2023-04-19 21:05:12,422 Answer received: !yro101
2023-04-19 21:05:12,423 Command to send: c
o101
option
suser
sashwani_kr
e

2023-04-19 21:05:12,424 Answer received: !yro102
2023-04-19 21:05:12,424 Command to send: c
o102
option
spassword
sash21may
e

2023-04-19 21:05:12,424 Answer received: !yro103
2023-04-19 21:05:12,425 Command to send: c
o103
option
sheader
strue
e

2023-04-19 21:05:12,425 Answer received: !yro104
2023-04-19 21:05:12,425 Command to send: c
o104
option
sdbtable
susers_load
e

2023-04-19 21:05:12,425 Answer received: !yro105
2023-04-19 21:05:12,426 Command to send: c
o105
mode
soverwrite
e

2023-04-19 21:05:12,426 Answer received: !yro106
2023-04-19 21:05:12,426 Command to send: c
o106
save
e

2023-04-19 21:05:12,593 Command to send: m
d
o95
e

2023-04-19 21:05:12,593 Answer received: !yv
2023-04-19 21:05:12,593 Command to send: m
d
o98
e

2023-04-19 21:05:12,593 Answer received: !yv
2023-04-19 21:05:12,735 Answer received: !yv
2023-04-19 21:05:12,756 Command to send: r
u
functions
rj
e

2023-04-19 21:05:12,759 Answer received: !ycorg.apache.spark.sql.functions
2023-04-19 21:05:12,759 Command to send: r
m
org.apache.spark.sql.functions
col
e

2023-04-19 21:05:12,759 Answer received: !ym
2023-04-19 21:05:12,759 Command to send: c
z:org.apache.spark.sql.functions
col
screated_at
e

2023-04-19 21:05:12,760 Answer received: !yro107
2023-04-19 21:05:12,760 Command to send: r
u
functions
rj
e

2023-04-19 21:05:12,762 Answer received: !ycorg.apache.spark.sql.functions
2023-04-19 21:05:12,762 Command to send: r
m
org.apache.spark.sql.functions
max
e

2023-04-19 21:05:12,763 Answer received: !ym
2023-04-19 21:05:12,763 Command to send: c
z:org.apache.spark.sql.functions
max
ro107
e

2023-04-19 21:05:12,764 Answer received: !yro108
2023-04-19 21:05:12,764 Command to send: r
u
PythonUtils
rj
e

2023-04-19 21:05:12,766 Answer received: !ycorg.apache.spark.api.python.PythonUtils
2023-04-19 21:05:12,766 Command to send: r
m
org.apache.spark.api.python.PythonUtils
toSeq
e

2023-04-19 21:05:12,766 Answer received: !ym
2023-04-19 21:05:12,766 Command to send: i
java.util.ArrayList
e

2023-04-19 21:05:12,767 Answer received: !ylo109
2023-04-19 21:05:12,767 Command to send: c
z:org.apache.spark.api.python.PythonUtils
toSeq
ro109
e

2023-04-19 21:05:12,767 Answer received: !yro110
2023-04-19 21:05:12,768 Command to send: c
o93
groupBy
ro110
e

2023-04-19 21:05:12,772 Answer received: !yro111
2023-04-19 21:05:12,772 Command to send: r
u
PythonUtils
rj
e

2023-04-19 21:05:12,775 Answer received: !ycorg.apache.spark.api.python.PythonUtils
2023-04-19 21:05:12,776 Command to send: r
m
org.apache.spark.api.python.PythonUtils
toSeq
e

2023-04-19 21:05:12,776 Answer received: !ym
2023-04-19 21:05:12,777 Command to send: i
java.util.ArrayList
e

2023-04-19 21:05:12,777 Answer received: !ylo112
2023-04-19 21:05:12,777 Command to send: c
z:org.apache.spark.api.python.PythonUtils
toSeq
ro112
e

2023-04-19 21:05:12,778 Answer received: !yro113
2023-04-19 21:05:12,778 Command to send: c
o111
agg
ro108
ro113
e

2023-04-19 21:05:12,783 Answer received: !yro114
2023-04-19 21:05:12,784 Command to send: c
o16
setCallSite
scollect at /home/ashwani/Documents/Ashwani/Arrow/engine/spark_engine.py:113
e

2023-04-19 21:05:12,784 Answer received: !yv
2023-04-19 21:05:12,784 Command to send: c
o114
collectToPython
e

2023-04-19 21:05:12,996 Answer received: !yto115
2023-04-19 21:05:12,997 Command to send: c
o16
setCallSite
n
e

2023-04-19 21:05:12,997 Answer received: !yv
2023-04-19 21:05:12,997 Command to send: a
e
o115
e

2023-04-19 21:05:12,997 Answer received: !yi3
2023-04-19 21:05:12,998 Command to send: a
g
o115
i0
e

2023-04-19 21:05:12,998 Answer received: !yi39429
2023-04-19 21:05:12,998 Command to send: a
e
o115
e

2023-04-19 21:05:12,998 Answer received: !yi3
2023-04-19 21:05:12,998 Command to send: a
g
o115
i1
e

2023-04-19 21:05:12,999 Answer received: !ys55e3c0d378dfc0b3e43861de090440d2117cd6ea869cf784c779b2fe3821d0eb
2023-04-19 21:05:13,011 ################# completed for row 2 #################
